Flutter crash report.
Please report a bug at https://github.com/flutter/flutter/issues.

## command

flutter run --machine --start-paused -d 9lrkzpj7s8xsvk7x --devtools-server-address http://127.0.0.1:9100/ --target C:\Users\zeoon\OneDrive\Belgeler\GitHub\McQueenCargo\lib\main.dart

## exception

FileSystemException: FileSystemException: writeFrom failed, path = 'C:\Users\zeoon\AppData\Roaming\.dart-tool\dart-flutter-telemetry.log' (OS Error: Diskte yeterli yer yok.
, errno = 112)

```
#0      _RandomAccessFile.writeFromSync (dart:io/file_impl.dart:905:7)
#1      _File.writeAsBytesSync (dart:io/file_impl.dart:646:14)
#2      _File.writeAsStringSync (dart:io/file_impl.dart:668:5)
#3      ForwardingFile.writeAsStringSync (package:file/src/forwarding/forwarding_file.dart:150:16)
#4      LogHandler.save (package:unified_analytics/src/log_handler.dart:283:15)
#5      AnalyticsImpl.send (package:unified_analytics/src/analytics.dart:608:17)
#6      FlutterCommand._sendPostUsage (package:flutter_tools/src/runner/flutter_command.dart:1621:15)
#7      FlutterCommand.run.<anonymous closure> (package:flutter_tools/src/runner/flutter_command.dart:1394:13)
<asynchronous suspension>
#8      AppContext.run.<anonymous closure> (package:flutter_tools/src/base/context.dart:153:19)
<asynchronous suspension>
#9      CommandRunner.runCommand (package:args/command_runner.dart:212:13)
<asynchronous suspension>
#10     FlutterCommandRunner.runCommand.<anonymous closure> (package:flutter_tools/src/runner/flutter_command_runner.dart:355:9)
<asynchronous suspension>
#11     AppContext.run.<anonymous closure> (package:flutter_tools/src/base/context.dart:153:19)
<asynchronous suspension>
#12     FlutterCommandRunner.runCommand (package:flutter_tools/src/runner/flutter_command_runner.dart:295:5)
<asynchronous suspension>
#13     run.<anonymous closure>.<anonymous closure> (package:flutter_tools/runner.dart:119:9)
<asynchronous suspension>
#14     AppContext.run.<anonymous closure> (package:flutter_tools/src/base/context.dart:153:19)
<asynchronous suspension>
#15     main (package:flutter_tools/executable.dart:90:3)
<asynchronous suspension>
```

## flutter doctor

```
[✓] Flutter (Channel stable, 3.19.2, on Microsoft Windows [Version 10.0.19045.4412], locale tr-TR)
    • Flutter version 3.19.2 on channel stable at D:\src\flutter
    • Upstream repository https://github.com/flutter/flutter.git
    • Framework revision 7482962148 (3 months ago), 2024-02-27 16:51:22 -0500
    • Engine revision 04817c99c9
    • Dart version 3.3.0
    • DevTools version 2.31.1

[✓] Windows Version (Installed version of Windows is version 10 or higher)

[✓] Android toolchain - develop for Android devices (Android SDK version 33.0.2)
    • Android SDK at C:\Users\zeoon\AppData\Local\Android\sdk
    • Platform android-34, build-tools 33.0.2
    • Java binary at: C:\Program Files\Android\Android Studio\jbr\bin\java
    • Java version OpenJDK Runtime Environment (build 17.0.6+0-b2043.56-10027231)
    • All Android licenses accepted.

[✓] Chrome - develop for the web
    • Chrome at C:\Program Files\Google\Chrome\Application\chrome.exe

[✓] Visual Studio - develop Windows apps (Visual Studio Community 2022 17.6.4)
    • Visual Studio at D:\Visual Studio
    • Visual Studio Community 2022 version 17.6.33815.320
    • Windows 10 SDK version 10.0.22000.0

[✓] Android Studio (version 2022.3)
    • Android Studio at C:\Program Files\Android\Android Studio
    • Flutter plugin can be installed from:
      🔨 https://plugins.jetbrains.com/plugin/9212-flutter
    • Dart plugin can be installed from:
      🔨 https://plugins.jetbrains.com/plugin/6351-dart
    • Java version OpenJDK Runtime Environment (build 17.0.6+0-b2043.56-10027231)

[✓] VS Code (version 1.89.1)
    • VS Code at C:\Users\zeoon\AppData\Local\Programs\Microsoft VS Code
    • Flutter extension version 3.90.0

[✓] Connected device (4 available)
    • Redmi Note 8 Pro (mobile) • 9lrkzpj7s8xsvk7x • android-arm64  • Android 11 (API 30)
    • Windows (desktop)         • windows          • windows-x64    • Microsoft Windows [Version 10.0.19045.4412]
    • Chrome (web)              • chrome           • web-javascript • Google Chrome 125.0.6422.113
    • Edge (web)                • edge             • web-javascript • Microsoft Edge 125.0.2535.51

[✓] Network resources
    • All expected network resources are available.

• No issues found!
```
