#
# There is insufficient memory for the Java Runtime Environment to continue.
# Native memory allocation (malloc) failed to allocate 1048576 bytes for AllocateHeap
# Possible reasons:
#   The system is out of physical RAM or swap space
#   The process is running with CompressedOops enabled, and the Java Heap may be blocking the growth of the native heap
# Possible solutions:
#   Reduce memory load on the system
#   Increase physical memory or swap space
#   Check if swap backing store is full
#   Decrease Java heap size (-Xmx/-Xms)
#   Decrease number of Java threads
#   Decrease Java thread stack sizes (-Xss)
#   Set larger code cache with -XX:ReservedCodeCacheSize=
#   JVM is running with Unscaled Compressed Oops mode in which the Java heap is
#     placed in the first 4GB address space. The Java Heap base address is the
#     maximum limit for the native heap growth. Please use -XX:HeapBaseMinAddress
#     to set the Java Heap base and to place the Java Heap above 4GB virtual address.
# This output file may be truncated or incomplete.
#
#  Out of Memory Error (allocation.cpp:44), pid=16756, tid=3512
#
# JRE version:  (17.0.6) (build )
# Java VM: OpenJDK 64-Bit Server VM (17.0.6+0-b2043.56-10027231, mixed mode, sharing, tiered, compressed oops, compressed class ptrs, g1 gc, windows-amd64)
# No core dump will be written. Minidumps are not enabled by default on client versions of Windows
#

---------------  S U M M A R Y ------------

Command Line: 

Host: 11th Gen Intel(R) Core(TM) i5-1135G7 @ 2.40GHz, 8 cores, 7G,  Windows 10 , 64 bit Build 19041 (10.0.19041.3636)
Time: Fri Jun  7 15:12:52 2024 Türkiye Standart Saati elapsed time: 0.017420 seconds (0d 0h 0m 0s)

---------------  T H R E A D  ---------------

Current thread (0x00000201afcc0470):  JavaThread "Unknown thread" [_thread_in_vm, id=3512, stack(0x000000ae6a300000,0x000000ae6a400000)]

Stack: [0x000000ae6a300000,0x000000ae6a400000]
Native frames: (J=compiled Java code, j=interpreted, Vv=VM code, C=native code)
V  [jvm.dll+0x683c9a]
V  [jvm.dll+0x8427a4]
V  [jvm.dll+0x843f9e]
V  [jvm.dll+0x844603]
V  [jvm.dll+0x249b75]
V  [jvm.dll+0xa641f]
V  [jvm.dll+0x2db8c4]
V  [jvm.dll+0x81405c]
V  [jvm.dll+0x36e6a1]
V  [jvm.dll+0x7f35cc]
V  [jvm.dll+0x3f0e8f]
V  [jvm.dll+0x3f29d1]
C  [jli.dll+0x526b]
C  [ucrtbase.dll+0x21bb2]
C  [KERNEL32.DLL+0x17344]
C  [ntdll.dll+0x526b1]


---------------  P R O C E S S  ---------------

Threads class SMR info:
_java_thread_list=0x00007ffae9c4c058, length=0, elements={
}

Java Threads: ( => current thread )

Other Threads:

=>0x00000201afcc0470 (exited) JavaThread "Unknown thread" [_thread_in_vm, id=3512, stack(0x000000ae6a300000,0x000000ae6a400000)]

Threads with active compile tasks:

VM state: not at safepoint (not fully initialized)

VM Mutex/Monitor currently owned by a thread: None

Heap address: 0x0000000000000000, size: 0 MB, Compressed Oops mode: 32-bit

CDS archive(s) mapped at: [0x0000000000000000-0x0000000000000000-0x0000000000000000), size 0, SharedBaseAddress: 0x0000000800000000, ArchiveRelocationMode: 0.
Narrow klass base: 0x0000000000000000, Narrow klass shift: 0, Narrow klass range: 0x0

GC Precious Log:
<Empty>

GC Heap History (0 events):
No events

Dll operation events (1 events):
Event: 0.010 Loaded shared library C:\Program Files\Android\Android Studio\jbr\bin\java.dll

Deoptimization events (0 events):
No events

Classes unloaded (0 events):
No events

Classes redefined (0 events):
No events

Internal exceptions (0 events):
No events

VM Operations (0 events):
No events

Events (0 events):
No events


Dynamic libraries:
0x00007ff62cb20000 - 0x00007ff62cb2a000 	C:\Program Files\Android\Android Studio\jbr\bin\java.EXE
0x00007ffb6f190000 - 0x00007ffb6f388000 	C:\WINDOWS\SYSTEM32\ntdll.dll
0x00007ffb6e340000 - 0x00007ffb6e3fd000 	C:\WINDOWS\System32\KERNEL32.DLL
0x00007ffb6cb80000 - 0x00007ffb6ce76000 	C:\WINDOWS\System32\KERNELBASE.dll
0x00007ffb6d0c0000 - 0x00007ffb6d1c0000 	C:\WINDOWS\System32\ucrtbase.dll
0x00007ffb31560000 - 0x00007ffb31577000 	C:\Program Files\Android\Android Studio\jbr\bin\jli.dll
0x00007ffb6df60000 - 0x00007ffb6e0ff000 	C:\WINDOWS\System32\USER32.dll
0x00007ffb31540000 - 0x00007ffb3155b000 	C:\Program Files\Android\Android Studio\jbr\bin\VCRUNTIME140.dll
0x00007ffb6ca70000 - 0x00007ffb6ca92000 	C:\WINDOWS\System32\win32u.dll
0x00007ffb6f120000 - 0x00007ffb6f14b000 	C:\WINDOWS\System32\GDI32.dll
0x00007ffb6c840000 - 0x00007ffb6c957000 	C:\WINDOWS\System32\gdi32full.dll
0x00007ffb6c960000 - 0x00007ffb6c9fd000 	C:\WINDOWS\System32\msvcp_win.dll
0x00007ffb545c0000 - 0x00007ffb5485a000 	C:\WINDOWS\WinSxS\amd64_microsoft.windows.common-controls_6595b64144ccf1df_6.0.19041.4355_none_60b8b9eb71f62e16\COMCTL32.dll
0x00007ffb6e540000 - 0x00007ffb6e5de000 	C:\WINDOWS\System32\msvcrt.dll
0x00007ffb6ed40000 - 0x00007ffb6ed72000 	C:\WINDOWS\System32\IMM32.DLL
0x00007ffb4d100000 - 0x00007ffb4d10c000 	C:\Program Files\Android\Android Studio\jbr\bin\vcruntime140_1.dll
0x00007ffb082c0000 - 0x00007ffb0834d000 	C:\Program Files\Android\Android Studio\jbr\bin\msvcp140.dll
0x00007ffae9110000 - 0x00007ffae9d7e000 	C:\Program Files\Android\Android Studio\jbr\bin\server\jvm.dll
0x00007ffb6e710000 - 0x00007ffb6e7c0000 	C:\WINDOWS\System32\ADVAPI32.dll
0x00007ffb6d750000 - 0x00007ffb6d7f0000 	C:\WINDOWS\System32\sechost.dll
0x00007ffb6e5e0000 - 0x00007ffb6e703000 	C:\WINDOWS\System32\RPCRT4.dll
0x00007ffb6caa0000 - 0x00007ffb6cac7000 	C:\WINDOWS\System32\bcrypt.dll
0x00007ffb50590000 - 0x00007ffb50599000 	C:\WINDOWS\SYSTEM32\WSOCK32.dll
0x00007ffb6e4d0000 - 0x00007ffb6e53b000 	C:\WINDOWS\System32\WS2_32.dll
0x00007ffb6a840000 - 0x00007ffb6a867000 	C:\WINDOWS\SYSTEM32\WINMM.dll
0x00007ffb62ac0000 - 0x00007ffb62aca000 	C:\WINDOWS\SYSTEM32\VERSION.dll
0x00007ffb6b050000 - 0x00007ffb6b062000 	C:\WINDOWS\SYSTEM32\kernel.appcore.dll
0x00007ffb318f0000 - 0x00007ffb318fa000 	C:\Program Files\Android\Android Studio\jbr\bin\jimage.dll
0x00007ffb6a3b0000 - 0x00007ffb6a594000 	C:\WINDOWS\SYSTEM32\DBGHELP.DLL
0x00007ffb5aa00000 - 0x00007ffb5aa34000 	C:\WINDOWS\SYSTEM32\dbgcore.DLL
0x00007ffb6ced0000 - 0x00007ffb6cf52000 	C:\WINDOWS\System32\bcryptPrimitives.dll
0x00007ffb22930000 - 0x00007ffb22955000 	C:\Program Files\Android\Android Studio\jbr\bin\java.dll

dbghelp: loaded successfully - version: 4.0.5 - missing functions: none
symbol engine: initialized successfully - sym options: 0x614 - pdb path: .;C:\Program Files\Android\Android Studio\jbr\bin;C:\WINDOWS\SYSTEM32;C:\WINDOWS\WinSxS\amd64_microsoft.windows.common-controls_6595b64144ccf1df_6.0.19041.4355_none_60b8b9eb71f62e16;C:\Program Files\Android\Android Studio\jbr\bin\server

VM Arguments:
java_command: <unknown>
java_class_path (initial): <not set>
Launcher Type: SUN_STANDARD

[Global flags]
     intx CICompilerCount                          = 4                                         {product} {ergonomic}
     uint ConcGCThreads                            = 2                                         {product} {ergonomic}
     uint G1ConcRefinementThreads                  = 8                                         {product} {ergonomic}
   size_t G1HeapRegionSize                         = 1048576                                   {product} {ergonomic}
    uintx GCDrainStackTargetSize                   = 64                                        {product} {ergonomic}
   size_t InitialHeapSize                          = 132120576                                 {product} {ergonomic}
   size_t MarkStackSize                            = 4194304                                   {product} {ergonomic}
   size_t MaxHeapSize                              = 2095054848                                {product} {ergonomic}
   size_t MinHeapDeltaBytes                        = 1048576                                   {product} {ergonomic}
   size_t MinHeapSize                              = 8388608                                   {product} {ergonomic}
    uintx NonNMethodCodeHeapSize                   = 5839372                                {pd product} {ergonomic}
    uintx NonProfiledCodeHeapSize                  = 122909434                              {pd product} {ergonomic}
    uintx ProfiledCodeHeapSize                     = 122909434                              {pd product} {ergonomic}
    uintx ReservedCodeCacheSize                    = 251658240                              {pd product} {ergonomic}
     bool SegmentedCodeCache                       = true                                      {product} {ergonomic}
   size_t SoftMaxHeapSize                          = 2095054848                             {manageable} {ergonomic}
     bool UseCompressedClassPointers               = true                           {product lp64_product} {ergonomic}
     bool UseCompressedOops                        = true                           {product lp64_product} {ergonomic}
     bool UseG1GC                                  = true                                      {product} {ergonomic}
     bool UseLargePagesIndividualAllocation        = false                                  {pd product} {ergonomic}

Logging:
Log output configuration:
 #0: stdout all=warning uptime,level,tags
 #1: stderr all=off uptime,level,tags

Environment Variables:
PATH=C:\Python312\Scripts\;C:\Python312\;D:\src\flutter\bin;C:\Program Files\dotnet\;C:\ProgramData\chocolatey\bin;D:\MATRIKS;D:\MATRIKS\System32\;D:\Git\cmd;C:\Windows\System32;C:\Users\zeoon\AppData\Local\Android\Sdk\platform-tools;D:\src\flutter\bin;C:\Users\zeoon\.dotnet\tools;C:\Users\zeoon\AppData\Local\Programs\Microsoft VS Code\bin;C:\Users\zeoon\AppData\Local\GitHubDesktop\bin;D:\src\flutter\bin\mingit\cmd;D:\src\flutter\bin\mingit\cmd
USERNAME=zeoon
OS=Windows_NT
PROCESSOR_IDENTIFIER=Intel64 Family 6 Model 140 Stepping 1, GenuineIntel
TMP=C:\Users\zeoon\AppData\Local\Temp
TEMP=C:\Users\zeoon\AppData\Local\Temp


JNI global refs:

[error occurred during error reporting (JNI global references), id 0xc0000005, EXCEPTION_ACCESS_VIOLATION (0xc0000005) at pc=0x00007ffae91c7a10]


---------------  S Y S T E M  ---------------

OS:
 Windows 10 , 64 bit Build 19041 (10.0.19041.3636)
OS uptime: 0 days 0:41 hours

CPU: total 8 (initial active 8) (4 cores per cpu, 2 threads per core) family 6 model 140 stepping 1 microcode 0x8a, cx8, cmov, fxsr, ht, mmx, 3dnowpref, sse, sse2, sse3, ssse3, sse4.1, sse4.2, popcnt, lzcnt, tsc, tscinvbit, avx, avx2, aes, erms, clmul, bmi1, bmi2, adx, avx512f, avx512dq, avx512cd, avx512bw, avx512vl, sha, fma, vzeroupper, avx512_vpopcntdq, avx512_vpclmulqdq, avx512_vaes, avx512_vnni, clflush, clflushopt, clwb, avx512_vbmi2, avx512_vbmi

Memory: 4k page, system-wide physical 7991M (155M free)
TotalPageFile size 17156M (AvailPageFile size 9M)
current process WorkingSet (physical memory assigned to process): 9M, peak: 9M
current process commit charge ("private bytes"): 17M, peak: 18M

vm_info: OpenJDK 64-Bit Server VM (17.0.6+0-b2043.56-10027231) for windows-amd64 JRE (17.0.6+0-b2043.56-10027231), built on Apr 28 2023 00:43:19 by "androidbuild" with MS VC++ 16.10 / 16.11 (VS2019)

END.
