#
# There is insufficient memory for the Java Runtime Environment to continue.
# Native memory allocation (mmap) failed to map 297795584 bytes for G1 virtual space
# Possible reasons:
#   The system is out of physical RAM or swap space
#   The process is running with CompressedOops enabled, and the Java Heap may be blocking the growth of the native heap
# Possible solutions:
#   Reduce memory load on the system
#   Increase physical memory or swap space
#   Check if swap backing store is full
#   Decrease Java heap size (-Xmx/-Xms)
#   Decrease number of Java threads
#   Decrease Java thread stack sizes (-Xss)
#   Set larger code cache with -XX:ReservedCodeCacheSize=
#   JVM is running with Zero Based Compressed Oops mode in which the Java heap is
#     placed in the first 32GB address space. The Java Heap base address is the
#     maximum limit for the native heap growth. Please use -XX:HeapBaseMinAddress
#     to set the Java Heap base and to place the Java Heap above 32GB virtual address.
# This output file may be truncated or incomplete.
#
#  Out of Memory Error (os_windows.cpp:3769), pid=11584, tid=18388
#
# JRE version: OpenJDK Runtime Environment (17.0.6) (build 17.0.6+0-b2043.56-10027231)
# Java VM: OpenJDK 64-Bit Server VM (17.0.6+0-b2043.56-10027231, mixed mode, tiered, compressed oops, compressed class ptrs, g1 gc, windows-amd64)
# No core dump will be written. Minidumps are not enabled by default on client versions of Windows
#

---------------  S U M M A R Y ------------

Command Line: --add-opens=java.base/java.util=ALL-UNNAMED --add-opens=java.base/java.lang=ALL-UNNAMED --add-opens=java.base/java.lang.invoke=ALL-UNNAMED --add-opens=java.base/java.util=ALL-UNNAMED --add-opens=java.prefs/java.util.prefs=ALL-UNNAMED --add-opens=java.prefs/java.util.prefs=ALL-UNNAMED --add-opens=java.base/java.nio.charset=ALL-UNNAMED --add-opens=java.base/java.net=ALL-UNNAMED --add-opens=java.base/java.util.concurrent.atomic=ALL-UNNAMED -Xmx4G -Dfile.encoding=windows-1254 -Duser.country=TR -Duser.language=tr -Duser.variant org.gradle.launcher.daemon.bootstrap.GradleDaemon 7.5

Host: 11th Gen Intel(R) Core(TM) i5-1135G7 @ 2.40GHz, 8 cores, 7G,  Windows 10 , 64 bit Build 19041 (10.0.19041.3636)
Time: Sat Jun 15 21:54:57 2024 Türkiye Standart Saati elapsed time: 27.198757 seconds (0d 0h 0m 27s)

---------------  T H R E A D  ---------------

Current thread (0x000001ccffd8e960):  VMThread "VM Thread" [stack: 0x0000002d55300000,0x0000002d55400000] [id=18388]

Stack: [0x0000002d55300000,0x0000002d55400000]
Native frames: (J=compiled Java code, j=interpreted, Vv=VM code, C=native code)
V  [jvm.dll+0x683c9a]
V  [jvm.dll+0x8427a4]
V  [jvm.dll+0x843f9e]
V  [jvm.dll+0x844603]
V  [jvm.dll+0x249b75]
V  [jvm.dll+0x680b69]
V  [jvm.dll+0x67505a]
V  [jvm.dll+0x309acb]
V  [jvm.dll+0x310f86]
V  [jvm.dll+0x3608ee]
V  [jvm.dll+0x360b1f]
V  [jvm.dll+0x2dfbf8]
V  [jvm.dll+0x2ddec4]
V  [jvm.dll+0x2dd4cc]
V  [jvm.dll+0x321f3b]
V  [jvm.dll+0x848ccb]
V  [jvm.dll+0x849a04]
V  [jvm.dll+0x849f1d]
V  [jvm.dll+0x84a2f4]
V  [jvm.dll+0x84a3c0]
V  [jvm.dll+0x7f274a]
V  [jvm.dll+0x682ad5]
C  [ucrtbase.dll+0x21bb2]
C  [KERNEL32.DLL+0x17344]
C  [ntdll.dll+0x4cc91]

VM_Operation (0x0000002d58cf7fa0): G1CollectForAllocation, mode: safepoint, requested by thread 0x000001cca29c82e0


---------------  P R O C E S S  ---------------

Threads class SMR info:
_java_thread_list=0x000001cca2926110, length=153, elements={
0x000001ccfc5d2270, 0x000001cc9dc3c260, 0x000001cc9dc3cd20, 0x000001cc9dc69c80,
0x000001cc9dc6c750, 0x000001cc9dc6f230, 0x000001cc9dc86820, 0x000001cc9dc87410,
0x000001cc9dc932d0, 0x000001cc9dc943f0, 0x000001cc9de12060, 0x000001cc9de1f500,
0x000001cca00ff1c0, 0x000001cc9f6f7450, 0x000001cca03d28d0, 0x000001cca001e200,
0x000001cca0633720, 0x000001cca0633bf0, 0x000001cc9f63c020, 0x000001cc9f5d0310,
0x000001cc9f5ce160, 0x000001cc9f5ce630, 0x000001cc9f5cf4a0, 0x000001cc9f5ceb00,
0x000001cc9f5cefd0, 0x000001cc9f5cd7c0, 0x000001cc9f5cc950, 0x000001cc9f5cdc90,
0x000001cc9f5cf970, 0x000001cc9f5cfe40, 0x000001cc9f5cce20, 0x000001cc9f5cd2f0,
0x000001cca29c6fa0, 0x000001cca29c7e10, 0x000001cca29c6ad0, 0x000001cca29ca960,
0x000001cca29c9fc0, 0x000001cca29ca490, 0x000001cca29cbca0, 0x000001cca29cde50,
0x000001cca29cc640, 0x000001cca29ccfe0, 0x000001cca29cb7d0, 0x000001cca29c7940,
0x000001cca29cd980, 0x000001cca29c82e0, 0x000001cca29c8c80, 0x000001cca29c9150,
0x000001cca29c6600, 0x000001cca29c9620, 0x000001cca29c9af0, 0x000001cca1e0e2d0,
0x000001cca1e0fae0, 0x000001cca1e0d460, 0x000001cca1e10480, 0x000001cca1e0d930,
0x000001cca1e0de00, 0x000001cca1e0f610, 0x000001cca1e0cf90, 0x000001cca1e0f140,
0x000001cca1e0ffb0, 0x000001cca1e0e7a0, 0x000001cca1e0ec70, 0x000001cca1e05910,
0x000001cca1e075f0, 0x000001cca1e06780, 0x000001cca1e09c70, 0x000001cca1e0a610,
0x000001cca1e0b480, 0x000001cca1e097a0, 0x000001cca1e0aae0, 0x000001cca1e0afb0,
0x000001cca1e05de0, 0x000001cca1e08460, 0x000001cca1e07ac0, 0x000001cca1e0c7c0,
0x000001cca1e062b0, 0x000001cca1e0a140, 0x000001cca1e0c2f0, 0x000001cca1e07f90,
0x000001cca1e08930, 0x000001cca1e0be20, 0x000001cca1e0b950, 0x000001cca1e04f70,
0x000001cca1e06c50, 0x000001cca1e08e00, 0x000001cca1e07120, 0x000001cca1e092d0,
0x000001cca1e05440, 0x000001cc9dfa3940, 0x000001cc9dfa2fa0, 0x000001cc9dfa6490,
0x000001cc9dfa77d0, 0x000001cc9dfa8170, 0x000001cc9dfa5150, 0x000001cc9dfa5fc0,
0x000001cc9dfa5af0, 0x000001cc9dfa5620, 0x000001cc9dfa8640, 0x000001cc9dfa8b10,
0x000001cc9dfa8fe0, 0x000001cc9dfa1790, 0x000001cc9dfa3e10, 0x000001cc9dfa1c60,
0x000001cc9dfa3470, 0x000001cc9dfa42e0, 0x000001cc9dfa2ad0, 0x000001cc9dfa47b0,
0x000001cc9dfa4c80, 0x000001cc9dfa6960, 0x000001cc9dfa6e30, 0x000001cc9dfa7300,
0x000001cc9dfa7ca0, 0x000001cc9dfa2130, 0x000001cc9dfa2600, 0x000001cca3da28f0,
0x000001cca3da5440, 0x000001cca3da2dc0, 0x000001cca3da45d0, 0x000001cca3da4f70,
0x000001cca3da5910, 0x000001cca3da5de0, 0x000001cca3da3290, 0x000001cca3da3760,
0x000001cca3da1a80, 0x000001cca3da3c30, 0x000001cca3da10e0, 0x000001cca3da4100,
0x000001cca3da62b0, 0x000001cca3da4aa0, 0x000001cca3da1f50, 0x000001cca3da6780,
0x000001cca3da7f90, 0x000001cca3da6c50, 0x000001cca3da7120, 0x000001cc9e55d440,
0x000001cc9e55ca20, 0x000001cca2583340, 0x000001cca2583ce0, 0x000001cca2583810,
0x000001cca3da15b0, 0x000001cca25841b0, 0x000001cca257e170, 0x000001cca257fe50,
0x000001cca2580cc0, 0x000001cca25854f0, 0x000001cca2585020, 0x000001cca21fa730,
0x000001cca21f33b0, 0x000001cca21f9d90, 0x000001cca21f4220, 0x000001cca21f46f0,
0x000001cca21f7be0
}

Java Threads: ( => current thread )
  0x000001ccfc5d2270 JavaThread "main" [_thread_blocked, id=13608, stack(0x0000002d54d00000,0x0000002d54e00000)]
  0x000001cc9dc3c260 JavaThread "Reference Handler" daemon [_thread_blocked, id=2764, stack(0x0000002d55400000,0x0000002d55500000)]
  0x000001cc9dc3cd20 JavaThread "Finalizer" daemon [_thread_blocked, id=10368, stack(0x0000002d55500000,0x0000002d55600000)]
  0x000001cc9dc69c80 JavaThread "Signal Dispatcher" daemon [_thread_blocked, id=4288, stack(0x0000002d55600000,0x0000002d55700000)]
  0x000001cc9dc6c750 JavaThread "Attach Listener" daemon [_thread_blocked, id=18416, stack(0x0000002d55700000,0x0000002d55800000)]
  0x000001cc9dc6f230 JavaThread "Service Thread" daemon [_thread_blocked, id=12076, stack(0x0000002d55800000,0x0000002d55900000)]
  0x000001cc9dc86820 JavaThread "Monitor Deflation Thread" daemon [_thread_blocked, id=9276, stack(0x0000002d55900000,0x0000002d55a00000)]
  0x000001cc9dc87410 JavaThread "C2 CompilerThread0" daemon [_thread_blocked, id=3328, stack(0x0000002d55a00000,0x0000002d55b00000)]
  0x000001cc9dc932d0 JavaThread "C1 CompilerThread0" daemon [_thread_blocked, id=19984, stack(0x0000002d55b00000,0x0000002d55c00000)]
  0x000001cc9dc943f0 JavaThread "Sweeper thread" daemon [_thread_blocked, id=21252, stack(0x0000002d55c00000,0x0000002d55d00000)]
  0x000001cc9de12060 JavaThread "Common-Cleaner" daemon [_thread_blocked, id=21388, stack(0x0000002d55d00000,0x0000002d55e00000)]
  0x000001cc9de1f500 JavaThread "Notification Thread" daemon [_thread_blocked, id=12040, stack(0x0000002d55e00000,0x0000002d55f00000)]
  0x000001cca00ff1c0 JavaThread "Daemon health stats" [_thread_blocked, id=8652, stack(0x0000002d56500000,0x0000002d56600000)]
  0x000001cc9f6f7450 JavaThread "Incoming local TCP Connector on port 22997" [_thread_in_native, id=18568, stack(0x0000002d56600000,0x0000002d56700000)]
  0x000001cca03d28d0 JavaThread "Daemon periodic checks" [_thread_blocked, id=18336, stack(0x0000002d56700000,0x0000002d56800000)]
  0x000001cca001e200 JavaThread "Daemon" [_thread_blocked, id=20856, stack(0x0000002d56800000,0x0000002d56900000)]
  0x000001cca0633720 JavaThread "Handler for socket connection from /127.0.0.1:22997 to /127.0.0.1:22998" [_thread_in_native, id=5168, stack(0x0000002d56900000,0x0000002d56a00000)]
  0x000001cca0633bf0 JavaThread "Cancel handler" [_thread_blocked, id=20580, stack(0x0000002d56a00000,0x0000002d56b00000)]
  0x000001cc9f63c020 JavaThread "Daemon worker" [_thread_blocked, id=3304, stack(0x0000002d56b00000,0x0000002d56c00000)]
  0x000001cc9f5d0310 JavaThread "Asynchronous log dispatcher for DefaultDaemonConnection: socket connection from /127.0.0.1:22997 to /127.0.0.1:22998" [_thread_blocked, id=20840, stack(0x0000002d56c00000,0x0000002d56d00000)]
  0x000001cc9f5ce160 JavaThread "Stdin handler" [_thread_blocked, id=12560, stack(0x0000002d56d00000,0x0000002d56e00000)]
  0x000001cc9f5ce630 JavaThread "Daemon client event forwarder" [_thread_blocked, id=10056, stack(0x0000002d56e00000,0x0000002d56f00000)]
  0x000001cc9f5cf4a0 JavaThread "Cache worker for journal cache (C:\Users\zeoon\.gradle\caches\journal-1)" [_thread_blocked, id=16952, stack(0x0000002d56f00000,0x0000002d57000000)]
  0x000001cc9f5ceb00 JavaThread "File lock request listener" [_thread_in_native, id=18980, stack(0x0000002d57000000,0x0000002d57100000)]
  0x000001cc9f5cefd0 JavaThread "Cache worker for file hash cache (C:\Users\zeoon\.gradle\caches\7.5\fileHashes)" [_thread_blocked, id=15788, stack(0x0000002d57500000,0x0000002d57600000)]
  0x000001cc9f5cd7c0 JavaThread "File watcher server" daemon [_thread_in_native, id=18824, stack(0x0000002d57800000,0x0000002d57900000)]
  0x000001cc9f5cc950 JavaThread "File watcher consumer" daemon [_thread_blocked, id=13904, stack(0x0000002d57900000,0x0000002d57a00000)]
  0x000001cc9f5cdc90 JavaThread "Cache worker for checksums cache (C:\Users\zeoon\OneDrive\Belgeler\GitHub\McQueenCargo\android\.gradle\7.5\checksums)" [_thread_blocked, id=16412, stack(0x0000002d57a00000,0x0000002d57b00000)]
  0x000001cc9f5cf970 JavaThread "Cache worker for cache directory md-rule (C:\Users\zeoon\.gradle\caches\7.5\md-rule)" [_thread_blocked, id=1588, stack(0x0000002d57b00000,0x0000002d57c00000)]
  0x000001cc9f5cfe40 JavaThread "Cache worker for file content cache (C:\Users\zeoon\.gradle\caches\7.5\fileContent)" [_thread_blocked, id=20372, stack(0x0000002d57c00000,0x0000002d57d00000)]
  0x000001cc9f5cce20 JavaThread "Cache worker for file hash cache (C:\Users\zeoon\OneDrive\Belgeler\GitHub\McQueenCargo\android\.gradle\7.5\fileHashes)" [_thread_blocked, id=1792, stack(0x0000002d57d00000,0x0000002d57e00000)]
  0x000001cc9f5cd2f0 JavaThread "Cache worker for cache directory md-supplier (C:\Users\zeoon\.gradle\caches\7.5\md-supplier)" [_thread_blocked, id=10724, stack(0x0000002d57e00000,0x0000002d57f00000)]
  0x000001cca29c6fa0 JavaThread "Cache worker for execution history cache (C:\Users\zeoon\.gradle\caches\7.5\executionHistory)" [_thread_blocked, id=8108, stack(0x0000002d57f00000,0x0000002d58000000)]
  0x000001cca29c7e10 JavaThread "jar transforms" [_thread_blocked, id=5432, stack(0x0000002d58000000,0x0000002d58100000)]
  0x000001cca29c6ad0 JavaThread "Cache worker for kotlin-dsl (C:\Users\zeoon\.gradle\caches\7.5\kotlin-dsl)" [_thread_blocked, id=20356, stack(0x0000002d58100000,0x0000002d58200000)]
  0x000001cca29ca960 JavaThread "jar transforms Thread 2" [_thread_blocked, id=18080, stack(0x0000002d58200000,0x0000002d58300000)]
  0x000001cca29c9fc0 JavaThread "Cache worker for dependencies-accessors (C:\Users\zeoon\OneDrive\Belgeler\GitHub\McQueenCargo\android\.gradle\7.5\dependencies-accessors)" [_thread_blocked, id=14100, stack(0x0000002d58300000,0x0000002d58400000)]
  0x000001cca29ca490 JavaThread "Cache worker for Build Output Cleanup Cache (D:\src\flutter\packages\flutter_tools\gradle\.gradle\buildOutputCleanup)" [_thread_blocked, id=18076, stack(0x0000002d58400000,0x0000002d58500000)]
  0x000001cca29cbca0 JavaThread "jar transforms Thread 3" [_thread_blocked, id=19084, stack(0x0000002d58500000,0x0000002d58600000)]
  0x000001cca29cde50 JavaThread "Memory manager" [_thread_blocked, id=3132, stack(0x0000002d58600000,0x0000002d58700000)]
  0x000001cca29cc640 JavaThread "jar transforms Thread 4" [_thread_blocked, id=5024, stack(0x0000002d58700000,0x0000002d58800000)]
  0x000001cca29ccfe0 JavaThread "included builds" [_thread_blocked, id=1172, stack(0x0000002d58800000,0x0000002d58900000)]
  0x000001cca29cb7d0 JavaThread "Execution worker" [_thread_blocked, id=13640, stack(0x0000002d58900000,0x0000002d58a00000)]
  0x000001cca29c7940 JavaThread "Execution worker Thread 2" [_thread_blocked, id=2936, stack(0x0000002d58a00000,0x0000002d58b00000)]
  0x000001cca29cd980 JavaThread "Execution worker Thread 3" [_thread_blocked, id=4120, stack(0x0000002d58b00000,0x0000002d58c00000)]
  0x000001cca29c82e0 JavaThread "Execution worker Thread 4" [_thread_blocked, id=17328, stack(0x0000002d58c00000,0x0000002d58d00000)]
  0x000001cca29c8c80 JavaThread "Execution worker Thread 5" [_thread_blocked, id=17872, stack(0x0000002d58d00000,0x0000002d58e00000)]
  0x000001cca29c9150 JavaThread "Execution worker Thread 6" [_thread_blocked, id=3640, stack(0x0000002d58e00000,0x0000002d58f00000)]
  0x000001cca29c6600 JavaThread "Execution worker Thread 7" [_thread_blocked, id=1324, stack(0x0000002d58f00000,0x0000002d59000000)]
  0x000001cca29c9620 JavaThread "Cache worker for execution history cache (D:\src\flutter\packages\flutter_tools\gradle\.gradle\7.5\executionHistory)" [_thread_blocked, id=10592, stack(0x0000002d59000000,0x0000002d59100000)]
  0x000001cca29c9af0 JavaThread "Unconstrained build operations" [_thread_blocked, id=13716, stack(0x0000002d57700000,0x0000002d57800000)]
  0x000001cca1e0e2d0 JavaThread "Unconstrained build operations Thread 2" [_thread_blocked, id=21272, stack(0x0000002d59100000,0x0000002d59200000)]
  0x000001cca1e0fae0 JavaThread "Unconstrained build operations Thread 3" [_thread_blocked, id=17980, stack(0x0000002d59200000,0x0000002d59300000)]
  0x000001cca1e0d460 JavaThread "Unconstrained build operations Thread 4" [_thread_blocked, id=6544, stack(0x0000002d59300000,0x0000002d59400000)]
  0x000001cca1e10480 JavaThread "Unconstrained build operations Thread 5" [_thread_blocked, id=4604, stack(0x0000002d59400000,0x0000002d59500000)]
  0x000001cca1e0d930 JavaThread "Unconstrained build operations Thread 6" [_thread_blocked, id=10840, stack(0x0000002d59500000,0x0000002d59600000)]
  0x000001cca1e0de00 JavaThread "Unconstrained build operations Thread 7" [_thread_blocked, id=15956, stack(0x0000002d59600000,0x0000002d59700000)]
  0x000001cca1e0f610 JavaThread "Unconstrained build operations Thread 8" [_thread_blocked, id=12384, stack(0x0000002d59700000,0x0000002d59800000)]
  0x000001cca1e0cf90 JavaThread "Unconstrained build operations Thread 9" [_thread_blocked, id=8568, stack(0x0000002d59800000,0x0000002d59900000)]
  0x000001cca1e0f140 JavaThread "Unconstrained build operations Thread 10" [_thread_blocked, id=12800, stack(0x0000002d59900000,0x0000002d59a00000)]
  0x000001cca1e0ffb0 JavaThread "Unconstrained build operations Thread 11" [_thread_blocked, id=17600, stack(0x0000002d59a00000,0x0000002d59b00000)]
  0x000001cca1e0e7a0 JavaThread "Unconstrained build operations Thread 12" [_thread_blocked, id=4212, stack(0x0000002d59b00000,0x0000002d59c00000)]
  0x000001cca1e0ec70 JavaThread "Unconstrained build operations Thread 13" [_thread_blocked, id=11052, stack(0x0000002d59c00000,0x0000002d59d00000)]
  0x000001cca1e05910 JavaThread "Unconstrained build operations Thread 14" [_thread_blocked, id=4724, stack(0x0000002d59d00000,0x0000002d59e00000)]
  0x000001cca1e075f0 JavaThread "Unconstrained build operations Thread 15" [_thread_blocked, id=9464, stack(0x0000002d59e00000,0x0000002d59f00000)]
  0x000001cca1e06780 JavaThread "Unconstrained build operations Thread 16" [_thread_blocked, id=13780, stack(0x0000002d59f00000,0x0000002d5a000000)]
  0x000001cca1e09c70 JavaThread "Unconstrained build operations Thread 17" [_thread_blocked, id=8932, stack(0x0000002d5a000000,0x0000002d5a100000)]
  0x000001cca1e0a610 JavaThread "Unconstrained build operations Thread 18" [_thread_blocked, id=1436, stack(0x0000002d5a100000,0x0000002d5a200000)]
  0x000001cca1e0b480 JavaThread "Unconstrained build operations Thread 19" [_thread_blocked, id=20036, stack(0x0000002d5a200000,0x0000002d5a300000)]
  0x000001cca1e097a0 JavaThread "Unconstrained build operations Thread 20" [_thread_blocked, id=20748, stack(0x0000002d5a300000,0x0000002d5a400000)]
  0x000001cca1e0aae0 JavaThread "Unconstrained build operations Thread 21" [_thread_blocked, id=5344, stack(0x0000002d5a400000,0x0000002d5a500000)]
  0x000001cca1e0afb0 JavaThread "Unconstrained build operations Thread 22" [_thread_blocked, id=4192, stack(0x0000002d5a500000,0x0000002d5a600000)]
  0x000001cca1e05de0 JavaThread "Unconstrained build operations Thread 23" [_thread_blocked, id=3128, stack(0x0000002d5a600000,0x0000002d5a700000)]
  0x000001cca1e08460 JavaThread "Unconstrained build operations Thread 24" [_thread_blocked, id=9260, stack(0x0000002d5a700000,0x0000002d5a800000)]
  0x000001cca1e07ac0 JavaThread "Unconstrained build operations Thread 25" [_thread_blocked, id=6364, stack(0x0000002d5a800000,0x0000002d5a900000)]
  0x000001cca1e0c7c0 JavaThread "Unconstrained build operations Thread 26" [_thread_blocked, id=17928, stack(0x0000002d5a900000,0x0000002d5aa00000)]
  0x000001cca1e062b0 JavaThread "Unconstrained build operations Thread 27" [_thread_blocked, id=14972, stack(0x0000002d5aa00000,0x0000002d5ab00000)]
  0x000001cca1e0a140 JavaThread "Unconstrained build operations Thread 28" [_thread_blocked, id=17676, stack(0x0000002d5ab00000,0x0000002d5ac00000)]
  0x000001cca1e0c2f0 JavaThread "Unconstrained build operations Thread 29" [_thread_blocked, id=12508, stack(0x0000002d5ac00000,0x0000002d5ad00000)]
  0x000001cca1e07f90 JavaThread "Unconstrained build operations Thread 30" [_thread_blocked, id=18552, stack(0x0000002d5ad00000,0x0000002d5ae00000)]
  0x000001cca1e08930 JavaThread "Unconstrained build operations Thread 31" [_thread_blocked, id=20744, stack(0x0000002d5ae00000,0x0000002d5af00000)]
  0x000001cca1e0be20 JavaThread "Unconstrained build operations Thread 32" [_thread_blocked, id=2124, stack(0x0000002d5af00000,0x0000002d5b000000)]
  0x000001cca1e0b950 JavaThread "Unconstrained build operations Thread 33" [_thread_blocked, id=14988, stack(0x0000002d5b000000,0x0000002d5b100000)]
  0x000001cca1e04f70 JavaThread "Unconstrained build operations Thread 34" [_thread_blocked, id=1068, stack(0x0000002d5b100000,0x0000002d5b200000)]
  0x000001cca1e06c50 JavaThread "Unconstrained build operations Thread 35" [_thread_blocked, id=2280, stack(0x0000002d5b200000,0x0000002d5b300000)]
  0x000001cca1e08e00 JavaThread "Unconstrained build operations Thread 36" [_thread_blocked, id=11608, stack(0x0000002d5b300000,0x0000002d5b400000)]
  0x000001cca1e07120 JavaThread "Unconstrained build operations Thread 37" [_thread_blocked, id=11396, stack(0x0000002d5b400000,0x0000002d5b500000)]
  0x000001cca1e092d0 JavaThread "Unconstrained build operations Thread 38" [_thread_blocked, id=1744, stack(0x0000002d5b500000,0x0000002d5b600000)]
  0x000001cca1e05440 JavaThread "Unconstrained build operations Thread 39" [_thread_blocked, id=5484, stack(0x0000002d5b600000,0x0000002d5b700000)]
  0x000001cc9dfa3940 JavaThread "Unconstrained build operations Thread 40" [_thread_blocked, id=20576, stack(0x0000002d5b700000,0x0000002d5b800000)]
  0x000001cc9dfa2fa0 JavaThread "Unconstrained build operations Thread 41" [_thread_blocked, id=2456, stack(0x0000002d5b800000,0x0000002d5b900000)]
  0x000001cc9dfa6490 JavaThread "Unconstrained build operations Thread 42" [_thread_blocked, id=18556, stack(0x0000002d5b900000,0x0000002d5ba00000)]
  0x000001cc9dfa77d0 JavaThread "Unconstrained build operations Thread 43" [_thread_blocked, id=16544, stack(0x0000002d5ba00000,0x0000002d5bb00000)]
  0x000001cc9dfa8170 JavaThread "Unconstrained build operations Thread 44" [_thread_blocked, id=10720, stack(0x0000002d5bb00000,0x0000002d5bc00000)]
  0x000001cc9dfa5150 JavaThread "Unconstrained build operations Thread 45" [_thread_blocked, id=18616, stack(0x0000002d5bc00000,0x0000002d5bd00000)]
  0x000001cc9dfa5fc0 JavaThread "Unconstrained build operations Thread 46" [_thread_blocked, id=1348, stack(0x0000002d5bd00000,0x0000002d5be00000)]
  0x000001cc9dfa5af0 JavaThread "Unconstrained build operations Thread 47" [_thread_blocked, id=21072, stack(0x0000002d5be00000,0x0000002d5bf00000)]
  0x000001cc9dfa5620 JavaThread "Unconstrained build operations Thread 48" [_thread_blocked, id=20316, stack(0x0000002d5bf00000,0x0000002d5c000000)]
  0x000001cc9dfa8640 JavaThread "Unconstrained build operations Thread 49" [_thread_blocked, id=7028, stack(0x0000002d5c000000,0x0000002d5c100000)]
  0x000001cc9dfa8b10 JavaThread "Unconstrained build operations Thread 50" [_thread_blocked, id=8008, stack(0x0000002d5c100000,0x0000002d5c200000)]
  0x000001cc9dfa8fe0 JavaThread "Unconstrained build operations Thread 51" [_thread_blocked, id=5684, stack(0x0000002d5c200000,0x0000002d5c300000)]
  0x000001cc9dfa1790 JavaThread "Unconstrained build operations Thread 52" [_thread_blocked, id=15548, stack(0x0000002d5c300000,0x0000002d5c400000)]
  0x000001cc9dfa3e10 JavaThread "Unconstrained build operations Thread 53" [_thread_blocked, id=3036, stack(0x0000002d5c400000,0x0000002d5c500000)]
  0x000001cc9dfa1c60 JavaThread "Unconstrained build operations Thread 54" [_thread_blocked, id=4236, stack(0x0000002d5c500000,0x0000002d5c600000)]
  0x000001cc9dfa3470 JavaThread "Unconstrained build operations Thread 55" [_thread_blocked, id=20484, stack(0x0000002d5c600000,0x0000002d5c700000)]
  0x000001cc9dfa42e0 JavaThread "Unconstrained build operations Thread 56" [_thread_blocked, id=18580, stack(0x0000002d5c700000,0x0000002d5c800000)]
  0x000001cc9dfa2ad0 JavaThread "Unconstrained build operations Thread 57" [_thread_blocked, id=17100, stack(0x0000002d5c800000,0x0000002d5c900000)]
  0x000001cc9dfa47b0 JavaThread "Unconstrained build operations Thread 58" [_thread_blocked, id=10024, stack(0x0000002d5c900000,0x0000002d5ca00000)]
  0x000001cc9dfa4c80 JavaThread "Unconstrained build operations Thread 59" [_thread_blocked, id=2040, stack(0x0000002d5ca00000,0x0000002d5cb00000)]
  0x000001cc9dfa6960 JavaThread "Unconstrained build operations Thread 60" [_thread_blocked, id=18588, stack(0x0000002d5cb00000,0x0000002d5cc00000)]
  0x000001cc9dfa6e30 JavaThread "Unconstrained build operations Thread 61" [_thread_blocked, id=4104, stack(0x0000002d5cc00000,0x0000002d5cd00000)]
  0x000001cc9dfa7300 JavaThread "Unconstrained build operations Thread 62" [_thread_blocked, id=9592, stack(0x0000002d5cd00000,0x0000002d5ce00000)]
  0x000001cc9dfa7ca0 JavaThread "Unconstrained build operations Thread 63" [_thread_blocked, id=10108, stack(0x0000002d5ce00000,0x0000002d5cf00000)]
  0x000001cc9dfa2130 JavaThread "Unconstrained build operations Thread 64" [_thread_blocked, id=20432, stack(0x0000002d5cf00000,0x0000002d5d000000)]
  0x000001cc9dfa2600 JavaThread "Unconstrained build operations Thread 65" [_thread_blocked, id=16628, stack(0x0000002d5d000000,0x0000002d5d100000)]
  0x000001cca3da28f0 JavaThread "Unconstrained build operations Thread 66" [_thread_blocked, id=17488, stack(0x0000002d5d100000,0x0000002d5d200000)]
  0x000001cca3da5440 JavaThread "Unconstrained build operations Thread 67" [_thread_blocked, id=12064, stack(0x0000002d5d200000,0x0000002d5d300000)]
  0x000001cca3da2dc0 JavaThread "Unconstrained build operations Thread 68" [_thread_blocked, id=8580, stack(0x0000002d5d300000,0x0000002d5d400000)]
  0x000001cca3da45d0 JavaThread "Unconstrained build operations Thread 69" [_thread_blocked, id=556, stack(0x0000002d5d400000,0x0000002d5d500000)]
  0x000001cca3da4f70 JavaThread "Unconstrained build operations Thread 70" [_thread_blocked, id=16028, stack(0x0000002d5d500000,0x0000002d5d600000)]
  0x000001cca3da5910 JavaThread "Unconstrained build operations Thread 71" [_thread_blocked, id=2144, stack(0x0000002d5d600000,0x0000002d5d700000)]
  0x000001cca3da5de0 JavaThread "Unconstrained build operations Thread 72" [_thread_blocked, id=19848, stack(0x0000002d5d700000,0x0000002d5d800000)]
  0x000001cca3da3290 JavaThread "Unconstrained build operations Thread 73" [_thread_blocked, id=18736, stack(0x0000002d5d800000,0x0000002d5d900000)]
  0x000001cca3da3760 JavaThread "Unconstrained build operations Thread 74" [_thread_blocked, id=16812, stack(0x0000002d5d900000,0x0000002d5da00000)]
  0x000001cca3da1a80 JavaThread "Unconstrained build operations Thread 75" [_thread_blocked, id=10252, stack(0x0000002d5da00000,0x0000002d5db00000)]
  0x000001cca3da3c30 JavaThread "Unconstrained build operations Thread 76" [_thread_blocked, id=17472, stack(0x0000002d5db00000,0x0000002d5dc00000)]
  0x000001cca3da10e0 JavaThread "Unconstrained build operations Thread 77" [_thread_blocked, id=21168, stack(0x0000002d5dc00000,0x0000002d5dd00000)]
  0x000001cca3da4100 JavaThread "Unconstrained build operations Thread 78" [_thread_blocked, id=1144, stack(0x0000002d5dd00000,0x0000002d5de00000)]
  0x000001cca3da62b0 JavaThread "Unconstrained build operations Thread 79" [_thread_blocked, id=5668, stack(0x0000002d5de00000,0x0000002d5df00000)]
  0x000001cca3da4aa0 JavaThread "Unconstrained build operations Thread 80" [_thread_blocked, id=10892, stack(0x0000002d5df00000,0x0000002d5e000000)]
  0x000001cca3da1f50 JavaThread "jar transforms Thread 5" [_thread_blocked, id=14948, stack(0x0000002d5e000000,0x0000002d5e100000)]
  0x000001cca3da6780 JavaThread "jar transforms Thread 6" [_thread_blocked, id=10288, stack(0x0000002d5e100000,0x0000002d5e200000)]
  0x000001cca3da7f90 JavaThread "jar transforms Thread 7" [_thread_blocked, id=2600, stack(0x0000002d5e200000,0x0000002d5e300000)]
  0x000001cca3da6c50 JavaThread "jar transforms Thread 8" [_thread_blocked, id=3720, stack(0x0000002d5e300000,0x0000002d5e400000)]
  0x000001cca3da7120 JavaThread "Cache worker for Build Output Cleanup Cache (C:\Users\zeoon\OneDrive\Belgeler\GitHub\McQueenCargo\android\.gradle\buildOutputCleanup)" [_thread_blocked, id=4580, stack(0x0000002d5e400000,0x0000002d5e500000)]
  0x000001cc9e55d440 JavaThread "C2 CompilerThread1" daemon [_thread_blocked, id=20844, stack(0x0000002d56000000,0x0000002d56100000)]
  0x000001cc9e55ca20 JavaThread "C2 CompilerThread2" daemon [_thread_blocked, id=14748, stack(0x0000002d5e500000,0x0000002d5e600000)]
  0x000001cca2583340 JavaThread "Cache worker for execution history cache (C:\Users\zeoon\OneDrive\Belgeler\GitHub\McQueenCargo\android\.gradle\7.5\executionHistory)" [_thread_blocked, id=21492, stack(0x0000002d5e600000,0x0000002d5e700000)]
  0x000001cca2583ce0 JavaThread "WorkerExecutor Queue" [_thread_blocked, id=6368, stack(0x0000002d5e700000,0x0000002d5e800000)]
  0x000001cca2583810 JavaThread "WorkerExecutor Queue Thread 2" [_thread_blocked, id=11628, stack(0x0000002d5e800000,0x0000002d5e900000)]
  0x000001cca3da15b0 JavaThread "WorkerExecutor Queue Thread 3" [_thread_blocked, id=3780, stack(0x0000002d5e900000,0x0000002d5ea00000)]
  0x000001cca25841b0 JavaThread "WorkerExecutor Queue Thread 4" [_thread_blocked, id=6200, stack(0x0000002d5ea00000,0x0000002d5eb00000)]
  0x000001cca257e170 JavaThread "WorkerExecutor Queue Thread 5" [_thread_blocked, id=18132, stack(0x0000002d5eb00000,0x0000002d5ec00000)]
  0x000001cca257fe50 JavaThread "WorkerExecutor Queue Thread 6" [_thread_blocked, id=20780, stack(0x0000002d5ec00000,0x0000002d5ed00000)]
  0x000001cca2580cc0 JavaThread "WorkerExecutor Queue Thread 7" [_thread_blocked, id=2968, stack(0x0000002d5ed00000,0x0000002d5ee00000)]
  0x000001cca25854f0 JavaThread "WorkerExecutor Queue Thread 8" [_thread_blocked, id=9924, stack(0x0000002d5ee00000,0x0000002d5ef00000)]
  0x000001cca2585020 JavaThread "WorkerExecutor Queue Thread 9" [_thread_blocked, id=11104, stack(0x0000002d5ef00000,0x0000002d5f000000)]
  0x000001cca21fa730 JavaThread "Cache worker for Java compile cache (C:\Users\zeoon\.gradle\caches\7.5\javaCompile)" [_thread_blocked, id=18320, stack(0x0000002d5f000000,0x0000002d5f100000)]
  0x000001cca21f33b0 JavaThread "RMI Scheduler(0)" daemon [_thread_blocked, id=13416, stack(0x0000002d5f100000,0x0000002d5f200000)]
  0x000001cca21f9d90 JavaThread "RMI RenewClean-[127.0.0.1:17847,org.jetbrains.kotlin.daemon.common.LoopbackNetworkInterface$ClientLoopbackSocketFactory@5101280c]" daemon [_thread_blocked, id=10920, stack(0x0000002d5f200000,0x0000002d5f300000)]
  0x000001cca21f4220 JavaThread "RMI GC Daemon" daemon [_thread_blocked, id=20988, stack(0x0000002d5f300000,0x0000002d5f400000)]
  0x000001cca21f46f0 JavaThread "RMI RenewClean-[127.0.0.1:17847,org.jetbrains.kotlin.daemon.common.LoopbackNetworkInterface$ClientLoopbackSocketFactory@1f874dc5]" daemon [_thread_blocked, id=7552, stack(0x0000002d5f400000,0x0000002d5f500000)]
  0x000001cca21f7be0 JavaThread "Thread-132" [_thread_blocked, id=18724, stack(0x0000002d5f500000,0x0000002d5f600000)]

Other Threads:
=>0x000001ccffd8e960 VMThread "VM Thread" [stack: 0x0000002d55300000,0x0000002d55400000] [id=18388]
  0x000001ccfc65a940 WatcherThread [stack: 0x0000002d55f00000,0x0000002d56000000] [id=4672]
  0x000001ccfc641700 GCTaskThread "GC Thread#0" [stack: 0x0000002d54e00000,0x0000002d54f00000] [id=10484]
  0x000001cc9ede0d00 GCTaskThread "GC Thread#1" [stack: 0x0000002d56100000,0x0000002d56200000] [id=5824]
  0x000001cc9e98e7e0 GCTaskThread "GC Thread#2" [stack: 0x0000002d56200000,0x0000002d56300000] [id=12208]
  0x000001cc9e8bd800 GCTaskThread "GC Thread#3" [stack: 0x0000002d56300000,0x0000002d56400000] [id=4972]
  0x000001cc9eaf89e0 GCTaskThread "GC Thread#4" [stack: 0x0000002d56400000,0x0000002d56500000] [id=10012]
  0x000001cca0398ea0 GCTaskThread "GC Thread#5" [stack: 0x0000002d57100000,0x0000002d57200000] [id=2916]
  0x000001cca0818b30 GCTaskThread "GC Thread#6" [stack: 0x0000002d57200000,0x0000002d57300000] [id=3192]
  0x000001cca0818de0 GCTaskThread "GC Thread#7" [stack: 0x0000002d57300000,0x0000002d57400000] [id=616]
  0x000001ccfc652550 ConcurrentGCThread "G1 Main Marker" [stack: 0x0000002d54f00000,0x0000002d55000000] [id=11276]
  0x000001ccfc653610 ConcurrentGCThread "G1 Conc#0" [stack: 0x0000002d55000000,0x0000002d55100000] [id=19760]
  0x000001cc9f335b90 ConcurrentGCThread "G1 Conc#1" [stack: 0x0000002d57400000,0x0000002d57500000] [id=18376]
  0x000001ccfc683e60 ConcurrentGCThread "G1 Refine#0" [stack: 0x0000002d55100000,0x0000002d55200000] [id=8384]
  0x000001cca1c5c560 ConcurrentGCThread "G1 Refine#1" [stack: 0x0000002d57600000,0x0000002d57700000] [id=4824]
  0x000001ccfc684790 ConcurrentGCThread "G1 Service" [stack: 0x0000002d55200000,0x0000002d55300000] [id=12224]

Threads with active compile tasks:
C2 CompilerThread0    27225 17448       4       java.util.TimSort::sort (229 bytes)
C2 CompilerThread1    27225 17457       4       org.jetbrains.kotlin.protobuf.CodedInputStream::readTag (41 bytes)
C2 CompilerThread2    27225 17463       4       org.jetbrains.kotlin.protobuf.CodedInputStream::isAtEnd (25 bytes)

VM state: at safepoint (normal execution)

VM Mutex/Monitor currently owned by a thread:  ([mutex/lock_event])
[0x000001ccfc5bf410] Threads_lock - owner thread: 0x000001ccffd8e960
[0x000001ccfc5bf2f0] Heap_lock - owner thread: 0x000001cca29c82e0

Heap address: 0x0000000700000000, size: 4096 MB, Compressed Oops mode: Zero based, Oop shift amount: 3

CDS archive(s) not mapped
Compressed class space mapped at: 0x0000000800000000-0x0000000840000000, reserved size: 1073741824
Narrow klass base: 0x0000000800000000, Narrow klass shift: 0, Narrow klass range: 0x40000000

GC Precious Log:
 CPUs: 8 total, 8 available
 Memory: 7991M
 Large Page Support: Disabled
 NUMA Support: Disabled
 Compressed Oops: Enabled (Zero based)
 Heap Region Size: 2M
 Heap Min Capacity: 8M
 Heap Initial Capacity: 126M
 Heap Max Capacity: 4G
 Pre-touch: Disabled
 Parallel Workers: 8
 Concurrent Workers: 2
 Concurrent Refinement Workers: 8
 Periodic GC: Disabled

Heap:
 garbage-first heap   total 290816K, used 189728K [0x0000000700000000, 0x0000000800000000)
  region size 2048K, 3 young (6144K), 3 survivors (6144K)
 Metaspace       used 132692K, committed 134080K, reserved 1171456K
  class space    used 17682K, committed 18240K, reserved 1048576K

Heap Regions: E=young(eden), S=young(survivor), O=old, HS=humongous(starts), HC=humongous(continues), CS=collection set, F=free, OA=open archive, CA=closed archive, TAMS=top-at-mark-start (previous, next)
|   0|0x0000000700000000, 0x0000000700200000, 0x0000000700200000|100%| O|  |TAMS 0x0000000700200000, 0x0000000700000000| Untracked 
|   1|0x0000000700200000, 0x0000000700400000, 0x0000000700400000|100%| O|  |TAMS 0x0000000700400000, 0x0000000700200000| Untracked 
|   2|0x0000000700400000, 0x0000000700600000, 0x0000000700600000|100%|HS|  |TAMS 0x0000000700600000, 0x0000000700400000| Complete 
|   3|0x0000000700600000, 0x0000000700800000, 0x0000000700800000|100%|HC|  |TAMS 0x0000000700800000, 0x0000000700600000| Complete 
|   4|0x0000000700800000, 0x0000000700a00000, 0x0000000700a00000|100%| O|  |TAMS 0x0000000700a00000, 0x0000000700800000| Untracked 
|   5|0x0000000700a00000, 0x0000000700c00000, 0x0000000700c00000|100%| O|  |TAMS 0x0000000700c00000, 0x0000000700a00000| Untracked 
|   6|0x0000000700c00000, 0x0000000700e00000, 0x0000000700e00000|100%| O|  |TAMS 0x0000000700e00000, 0x0000000700c00000| Untracked 
|   7|0x0000000700e00000, 0x0000000701000000, 0x0000000701000000|100%| O|  |TAMS 0x0000000701000000, 0x0000000700e00000| Untracked 
|   8|0x0000000701000000, 0x0000000701200000, 0x0000000701200000|100%| O|  |TAMS 0x0000000701200000, 0x0000000701000000| Untracked 
|   9|0x0000000701200000, 0x0000000701400000, 0x0000000701400000|100%| O|  |TAMS 0x0000000701400000, 0x0000000701200000| Untracked 
|  10|0x0000000701400000, 0x0000000701600000, 0x0000000701600000|100%| O|  |TAMS 0x0000000701600000, 0x0000000701400000| Untracked 
|  11|0x0000000701600000, 0x0000000701800000, 0x0000000701800000|100%| O|  |TAMS 0x0000000701800000, 0x0000000701600000| Untracked 
|  12|0x0000000701800000, 0x0000000701a00000, 0x0000000701a00000|100%| O|  |TAMS 0x0000000701a00000, 0x0000000701800000| Untracked 
|  13|0x0000000701a00000, 0x0000000701c00000, 0x0000000701c00000|100%| O|  |TAMS 0x0000000701c00000, 0x0000000701a00000| Untracked 
|  14|0x0000000701c00000, 0x0000000701e00000, 0x0000000701e00000|100%| O|  |TAMS 0x0000000701e00000, 0x0000000701c00000| Untracked 
|  15|0x0000000701e00000, 0x0000000702000000, 0x0000000702000000|100%| O|  |TAMS 0x0000000702000000, 0x0000000701e00000| Untracked 
|  16|0x0000000702000000, 0x0000000702200000, 0x0000000702200000|100%| O|  |TAMS 0x0000000702200000, 0x0000000702000000| Untracked 
|  17|0x0000000702200000, 0x0000000702400000, 0x0000000702400000|100%| O|  |TAMS 0x0000000702400000, 0x0000000702200000| Untracked 
|  18|0x0000000702400000, 0x0000000702600000, 0x0000000702600000|100%| O|  |TAMS 0x0000000702600000, 0x0000000702400000| Untracked 
|  19|0x0000000702600000, 0x0000000702800000, 0x0000000702800000|100%| O|  |TAMS 0x0000000702800000, 0x0000000702600000| Untracked 
|  20|0x0000000702800000, 0x0000000702a00000, 0x0000000702a00000|100%| O|  |TAMS 0x0000000702a00000, 0x0000000702800000| Untracked 
|  21|0x0000000702a00000, 0x0000000702c00000, 0x0000000702c00000|100%| O|  |TAMS 0x0000000702c00000, 0x0000000702a00000| Untracked 
|  22|0x0000000702c00000, 0x0000000702e00000, 0x0000000702e00000|100%|HS|  |TAMS 0x0000000702e00000, 0x0000000702c00000| Complete 
|  23|0x0000000702e00000, 0x0000000703000000, 0x0000000703000000|100%| O|  |TAMS 0x0000000703000000, 0x0000000702e00000| Untracked 
|  24|0x0000000703000000, 0x0000000703200000, 0x0000000703200000|100%| O|  |TAMS 0x0000000703200000, 0x0000000703000000| Untracked 
|  25|0x0000000703200000, 0x0000000703400000, 0x0000000703400000|100%| O|  |TAMS 0x0000000703400000, 0x0000000703200000| Untracked 
|  26|0x0000000703400000, 0x0000000703600000, 0x0000000703600000|100%| O|  |TAMS 0x0000000703600000, 0x0000000703400000| Untracked 
|  27|0x0000000703600000, 0x0000000703800000, 0x0000000703800000|100%|HS|  |TAMS 0x0000000703800000, 0x0000000703600000| Complete 
|  28|0x0000000703800000, 0x0000000703a00000, 0x0000000703a00000|100%|HC|  |TAMS 0x0000000703a00000, 0x0000000703800000| Complete 
|  29|0x0000000703a00000, 0x0000000703c00000, 0x0000000703c00000|100%| O|  |TAMS 0x0000000703c00000, 0x0000000703a00000| Untracked 
|  30|0x0000000703c00000, 0x0000000703e00000, 0x0000000703e00000|100%| O|  |TAMS 0x0000000703e00000, 0x0000000703c00000| Untracked 
|  31|0x0000000703e00000, 0x0000000704000000, 0x0000000704000000|100%| O|  |TAMS 0x0000000704000000, 0x0000000703e00000| Untracked 
|  32|0x0000000704000000, 0x0000000704200000, 0x0000000704200000|100%| O|  |TAMS 0x0000000704200000, 0x0000000704000000| Untracked 
|  33|0x0000000704200000, 0x0000000704400000, 0x0000000704400000|100%| O|  |TAMS 0x0000000704400000, 0x0000000704200000| Untracked 
|  34|0x0000000704400000, 0x0000000704600000, 0x0000000704600000|100%| O|  |TAMS 0x0000000704600000, 0x0000000704400000| Untracked 
|  35|0x0000000704600000, 0x0000000704800000, 0x0000000704800000|100%| O|  |TAMS 0x0000000704800000, 0x0000000704600000| Untracked 
|  36|0x0000000704800000, 0x0000000704a00000, 0x0000000704a00000|100%| O|  |TAMS 0x0000000704a00000, 0x0000000704800000| Untracked 
|  37|0x0000000704a00000, 0x0000000704c00000, 0x0000000704c00000|100%| O|  |TAMS 0x0000000704c00000, 0x0000000704a00000| Untracked 
|  38|0x0000000704c00000, 0x0000000704e00000, 0x0000000704e00000|100%| O|  |TAMS 0x0000000704e00000, 0x0000000704c00000| Untracked 
|  39|0x0000000704e00000, 0x0000000705000000, 0x0000000705000000|100%| O|  |TAMS 0x0000000705000000, 0x0000000704e00000| Untracked 
|  40|0x0000000705000000, 0x0000000705200000, 0x0000000705200000|100%| O|  |TAMS 0x0000000705200000, 0x0000000705000000| Untracked 
|  41|0x0000000705200000, 0x0000000705400000, 0x0000000705400000|100%| O|  |TAMS 0x0000000705400000, 0x0000000705200000| Untracked 
|  42|0x0000000705400000, 0x0000000705600000, 0x0000000705600000|100%| O|  |TAMS 0x0000000705600000, 0x0000000705400000| Untracked 
|  43|0x0000000705600000, 0x0000000705800000, 0x0000000705800000|100%| O|  |TAMS 0x0000000705800000, 0x0000000705600000| Untracked 
|  44|0x0000000705800000, 0x0000000705a00000, 0x0000000705a00000|100%| O|  |TAMS 0x0000000705a00000, 0x0000000705800000| Untracked 
|  45|0x0000000705a00000, 0x0000000705c00000, 0x0000000705c00000|100%| O|  |TAMS 0x0000000705c00000, 0x0000000705a00000| Untracked 
|  46|0x0000000705c00000, 0x0000000705e00000, 0x0000000705e00000|100%| O|  |TAMS 0x0000000705e00000, 0x0000000705c00000| Untracked 
|  47|0x0000000705e00000, 0x0000000706000000, 0x0000000706000000|100%| O|  |TAMS 0x0000000706000000, 0x0000000705e00000| Untracked 
|  48|0x0000000706000000, 0x0000000706200000, 0x0000000706200000|100%| O|  |TAMS 0x0000000706000000, 0x0000000706000000| Untracked 
|  49|0x0000000706200000, 0x0000000706400000, 0x0000000706400000|100%| O|  |TAMS 0x0000000706400000, 0x0000000706200000| Untracked 
|  50|0x0000000706400000, 0x0000000706600000, 0x0000000706600000|100%| O|  |TAMS 0x0000000706600000, 0x0000000706400000| Untracked 
|  51|0x0000000706600000, 0x0000000706800000, 0x0000000706800000|100%| O|  |TAMS 0x0000000706800000, 0x0000000706600000| Untracked 
|  52|0x0000000706800000, 0x0000000706a00000, 0x0000000706a00000|100%| O|  |TAMS 0x0000000706a00000, 0x0000000706800000| Untracked 
|  53|0x0000000706a00000, 0x0000000706c00000, 0x0000000706c00000|100%| O|  |TAMS 0x0000000706c00000, 0x0000000706a00000| Untracked 
|  54|0x0000000706c00000, 0x0000000706e00000, 0x0000000706e00000|100%| O|  |TAMS 0x0000000706e00000, 0x0000000706c00000| Untracked 
|  55|0x0000000706e00000, 0x0000000707000000, 0x0000000707000000|100%| O|  |TAMS 0x0000000707000000, 0x0000000706e00000| Untracked 
|  56|0x0000000707000000, 0x0000000707200000, 0x0000000707200000|100%| O|  |TAMS 0x0000000707200000, 0x0000000707000000| Untracked 
|  57|0x0000000707200000, 0x0000000707400000, 0x0000000707400000|100%|HS|  |TAMS 0x0000000707200000, 0x0000000707200000| Complete 
|  58|0x0000000707400000, 0x0000000707600000, 0x0000000707600000|100%| O|  |TAMS 0x0000000707600000, 0x0000000707400000| Untracked 
|  59|0x0000000707600000, 0x0000000707800000, 0x0000000707800000|100%| O|  |TAMS 0x0000000707800000, 0x0000000707600000| Untracked 
|  60|0x0000000707800000, 0x0000000707a00000, 0x0000000707a00000|100%| O|  |TAMS 0x0000000707a00000, 0x0000000707800000| Untracked 
|  61|0x0000000707a00000, 0x0000000707c00000, 0x0000000707c00000|100%| O|  |TAMS 0x0000000707c00000, 0x0000000707a00000| Untracked 
|  62|0x0000000707c00000, 0x0000000707e00000, 0x0000000707e00000|100%| O|  |TAMS 0x0000000707e00000, 0x0000000707c00000| Untracked 
|  63|0x0000000707e00000, 0x0000000708000000, 0x0000000708000000|100%| O|  |TAMS 0x0000000707eafc00, 0x0000000707e00000| Untracked 
|  64|0x0000000708000000, 0x0000000708200000, 0x0000000708200000|100%| O|  |TAMS 0x0000000708000000, 0x0000000708000000| Untracked 
|  65|0x0000000708200000, 0x0000000708400000, 0x0000000708400000|100%| O|  |TAMS 0x0000000708200000, 0x0000000708200000| Untracked 
|  66|0x0000000708400000, 0x0000000708600000, 0x0000000708600000|100%| O|  |TAMS 0x0000000708400000, 0x0000000708400000| Untracked 
|  67|0x0000000708600000, 0x0000000708800000, 0x0000000708800000|100%| O|  |TAMS 0x0000000708600000, 0x0000000708600000| Untracked 
|  68|0x0000000708800000, 0x0000000708a00000, 0x0000000708a00000|100%| O|  |TAMS 0x0000000708800000, 0x0000000708800000| Untracked 
|  69|0x0000000708a00000, 0x0000000708c00000, 0x0000000708c00000|100%| O|  |TAMS 0x0000000708a00000, 0x0000000708a00000| Untracked 
|  70|0x0000000708c00000, 0x0000000708e00000, 0x0000000708e00000|100%| O|  |TAMS 0x0000000708c00000, 0x0000000708c00000| Untracked 
|  71|0x0000000708e00000, 0x0000000709000000, 0x0000000709000000|100%| O|  |TAMS 0x0000000708e00000, 0x0000000708e00000| Untracked 
|  72|0x0000000709000000, 0x0000000709200000, 0x0000000709200000|100%| O|  |TAMS 0x0000000709000000, 0x0000000709000000| Untracked 
|  73|0x0000000709200000, 0x0000000709400000, 0x0000000709400000|100%| O|  |TAMS 0x0000000709200000, 0x0000000709200000| Untracked 
|  74|0x0000000709400000, 0x0000000709600000, 0x0000000709600000|100%| O|  |TAMS 0x0000000709400000, 0x0000000709400000| Untracked 
|  75|0x0000000709600000, 0x0000000709800000, 0x0000000709800000|100%|HS|  |TAMS 0x0000000709600000, 0x0000000709600000| Complete 
|  76|0x0000000709800000, 0x0000000709a00000, 0x0000000709a00000|100%|HC|  |TAMS 0x0000000709800000, 0x0000000709800000| Complete 
|  77|0x0000000709a00000, 0x0000000709c00000, 0x0000000709c00000|100%| O|  |TAMS 0x0000000709a00000, 0x0000000709a00000| Untracked 
|  78|0x0000000709c00000, 0x0000000709e00000, 0x0000000709e00000|100%| O|  |TAMS 0x0000000709c00000, 0x0000000709c00000| Untracked 
|  79|0x0000000709e00000, 0x000000070a000000, 0x000000070a000000|100%| O|  |TAMS 0x0000000709e00000, 0x0000000709e00000| Untracked 
|  80|0x000000070a000000, 0x000000070a200000, 0x000000070a200000|100%| O|  |TAMS 0x000000070a000000, 0x000000070a000000| Untracked 
|  81|0x000000070a200000, 0x000000070a400000, 0x000000070a400000|100%| O|  |TAMS 0x000000070a200000, 0x000000070a200000| Untracked 
|  82|0x000000070a400000, 0x000000070a600000, 0x000000070a600000|100%| O|  |TAMS 0x000000070a400000, 0x000000070a400000| Untracked 
|  83|0x000000070a600000, 0x000000070a800000, 0x000000070a800000|100%| O|  |TAMS 0x000000070a600000, 0x000000070a600000| Untracked 
|  84|0x000000070a800000, 0x000000070aa00000, 0x000000070aa00000|100%|HS|  |TAMS 0x000000070a800000, 0x000000070a800000| Complete 
|  85|0x000000070aa00000, 0x000000070ac00000, 0x000000070ac00000|100%| O|  |TAMS 0x000000070aa00000, 0x000000070aa00000| Untracked 
|  86|0x000000070ac00000, 0x000000070ae00000, 0x000000070ae00000|100%| O|  |TAMS 0x000000070ac00000, 0x000000070ac00000| Untracked 
|  87|0x000000070ae00000, 0x000000070b000000, 0x000000070b000000|100%| O|  |TAMS 0x000000070ae00000, 0x000000070ae00000| Untracked 
|  88|0x000000070b000000, 0x000000070b200000, 0x000000070b200000|100%| O|  |TAMS 0x000000070b000000, 0x000000070b000000| Untracked 
|  89|0x000000070b200000, 0x000000070b400000, 0x000000070b400000|100%| O|  |TAMS 0x000000070b200000, 0x000000070b200000| Untracked 
|  90|0x000000070b400000, 0x000000070b4fb600, 0x000000070b600000| 49%| O|  |TAMS 0x000000070b400000, 0x000000070b400000| Untracked 
|  91|0x000000070b600000, 0x000000070b600000, 0x000000070b800000|  0%| F|  |TAMS 0x000000070b600000, 0x000000070b600000| Untracked 
|  92|0x000000070b800000, 0x000000070b800000, 0x000000070ba00000|  0%| F|  |TAMS 0x000000070b800000, 0x000000070b800000| Untracked 
|  93|0x000000070ba00000, 0x000000070ba00000, 0x000000070bc00000|  0%| F|  |TAMS 0x000000070ba00000, 0x000000070ba00000| Untracked 
|  94|0x000000070bc00000, 0x000000070bc00000, 0x000000070be00000|  0%| F|  |TAMS 0x000000070bc00000, 0x000000070bc00000| Untracked 
|  95|0x000000070be00000, 0x000000070be00000, 0x000000070c000000|  0%| F|  |TAMS 0x000000070be00000, 0x000000070be00000| Untracked 
|  96|0x000000070c000000, 0x000000070c000000, 0x000000070c200000|  0%| F|  |TAMS 0x000000070c000000, 0x000000070c000000| Untracked 
|  97|0x000000070c200000, 0x000000070c200000, 0x000000070c400000|  0%| F|  |TAMS 0x000000070c200000, 0x000000070c200000| Untracked 
|  98|0x000000070c400000, 0x000000070c400000, 0x000000070c600000|  0%| F|  |TAMS 0x000000070c400000, 0x000000070c400000| Untracked 
|  99|0x000000070c600000, 0x000000070c600000, 0x000000070c800000|  0%| F|  |TAMS 0x000000070c600000, 0x000000070c600000| Untracked 
| 100|0x000000070c800000, 0x000000070c800000, 0x000000070ca00000|  0%| F|  |TAMS 0x000000070c800000, 0x000000070c800000| Untracked 
| 101|0x000000070ca00000, 0x000000070ca00000, 0x000000070cc00000|  0%| F|  |TAMS 0x000000070ca00000, 0x000000070ca00000| Untracked 
| 102|0x000000070cc00000, 0x000000070cc00000, 0x000000070ce00000|  0%| F|  |TAMS 0x000000070cc00000, 0x000000070cc00000| Untracked 
| 103|0x000000070ce00000, 0x000000070ce00000, 0x000000070d000000|  0%| F|  |TAMS 0x000000070ce00000, 0x000000070ce00000| Untracked 
| 104|0x000000070d000000, 0x000000070d000000, 0x000000070d200000|  0%| F|  |TAMS 0x000000070d000000, 0x000000070d000000| Untracked 
| 105|0x000000070d200000, 0x000000070d200000, 0x000000070d400000|  0%| F|  |TAMS 0x000000070d200000, 0x000000070d200000| Untracked 
| 106|0x000000070d400000, 0x000000070d400000, 0x000000070d600000|  0%| F|  |TAMS 0x000000070d400000, 0x000000070d400000| Untracked 
| 107|0x000000070d600000, 0x000000070d600000, 0x000000070d800000|  0%| F|  |TAMS 0x000000070d600000, 0x000000070d600000| Untracked 
| 108|0x000000070d800000, 0x000000070d800000, 0x000000070da00000|  0%| F|  |TAMS 0x000000070d800000, 0x000000070d800000| Untracked 
| 109|0x000000070da00000, 0x000000070da00000, 0x000000070dc00000|  0%| F|  |TAMS 0x000000070da00000, 0x000000070da00000| Untracked 
| 110|0x000000070dc00000, 0x000000070dc00000, 0x000000070de00000|  0%| F|  |TAMS 0x000000070dc00000, 0x000000070dc00000| Untracked 
| 111|0x000000070de00000, 0x000000070de00000, 0x000000070e000000|  0%| F|  |TAMS 0x000000070de00000, 0x000000070de00000| Untracked 
| 112|0x000000070e000000, 0x000000070e000000, 0x000000070e200000|  0%| F|  |TAMS 0x000000070e000000, 0x000000070e000000| Untracked 
| 113|0x000000070e200000, 0x000000070e200000, 0x000000070e400000|  0%| F|  |TAMS 0x000000070e200000, 0x000000070e200000| Untracked 
| 114|0x000000070e400000, 0x000000070e44cd10, 0x000000070e600000| 15%| S|CS|TAMS 0x000000070e400000, 0x000000070e400000| Complete 
| 115|0x000000070e600000, 0x000000070e800000, 0x000000070e800000|100%| S|CS|TAMS 0x000000070e600000, 0x000000070e600000| Complete 
| 116|0x000000070e800000, 0x000000070ea00000, 0x000000070ea00000|100%| S|CS|TAMS 0x000000070e800000, 0x000000070e800000| Complete 
| 117|0x000000070ea00000, 0x000000070ea00000, 0x000000070ec00000|  0%| F|  |TAMS 0x000000070ea00000, 0x000000070ea00000| Untracked 
| 118|0x000000070ec00000, 0x000000070ec00000, 0x000000070ee00000|  0%| F|  |TAMS 0x000000070ec00000, 0x000000070ec00000| Untracked 
| 119|0x000000070ee00000, 0x000000070ee00000, 0x000000070f000000|  0%| F|  |TAMS 0x000000070ee00000, 0x000000070ee00000| Untracked 
| 120|0x000000070f000000, 0x000000070f000000, 0x000000070f200000|  0%| F|  |TAMS 0x000000070f000000, 0x000000070f000000| Untracked 
| 121|0x000000070f200000, 0x000000070f200000, 0x000000070f400000|  0%| F|  |TAMS 0x000000070f200000, 0x000000070f200000| Untracked 
| 122|0x000000070f400000, 0x000000070f400000, 0x000000070f600000|  0%| F|  |TAMS 0x000000070f400000, 0x000000070f400000| Untracked 
| 123|0x000000070f600000, 0x000000070f600000, 0x000000070f800000|  0%| F|  |TAMS 0x000000070f600000, 0x000000070f600000| Untracked 
| 124|0x000000070f800000, 0x000000070f800000, 0x000000070fa00000|  0%| F|  |TAMS 0x000000070f800000, 0x000000070f800000| Untracked 
| 125|0x000000070fa00000, 0x000000070fa00000, 0x000000070fc00000|  0%| F|  |TAMS 0x000000070fa00000, 0x000000070fa00000| Untracked 
| 126|0x000000070fc00000, 0x000000070fc00000, 0x000000070fe00000|  0%| F|  |TAMS 0x000000070fc00000, 0x000000070fc00000| Untracked 
| 127|0x000000070fe00000, 0x000000070fe00000, 0x0000000710000000|  0%| F|  |TAMS 0x000000070fe00000, 0x000000070fe00000| Untracked 
| 128|0x0000000710000000, 0x0000000710000000, 0x0000000710200000|  0%| F|  |TAMS 0x0000000710000000, 0x0000000710000000| Untracked 
| 129|0x0000000710200000, 0x0000000710200000, 0x0000000710400000|  0%| F|  |TAMS 0x0000000710200000, 0x0000000710200000| Untracked 
| 130|0x0000000710400000, 0x0000000710400000, 0x0000000710600000|  0%| F|  |TAMS 0x0000000710400000, 0x0000000710400000| Untracked 
| 131|0x0000000710600000, 0x0000000710600000, 0x0000000710800000|  0%| F|  |TAMS 0x0000000710600000, 0x0000000710600000| Untracked 
| 132|0x0000000710800000, 0x0000000710800000, 0x0000000710a00000|  0%| F|  |TAMS 0x0000000710800000, 0x0000000710800000| Untracked 
| 133|0x0000000710a00000, 0x0000000710a00000, 0x0000000710c00000|  0%| F|  |TAMS 0x0000000710a00000, 0x0000000710a00000| Untracked 
| 134|0x0000000710c00000, 0x0000000710c00000, 0x0000000710e00000|  0%| F|  |TAMS 0x0000000710c00000, 0x0000000710c00000| Untracked 
| 135|0x0000000710e00000, 0x0000000710e00000, 0x0000000711000000|  0%| F|  |TAMS 0x0000000710e00000, 0x0000000710e00000| Untracked 
| 136|0x0000000711000000, 0x0000000711000000, 0x0000000711200000|  0%| F|  |TAMS 0x0000000711000000, 0x0000000711000000| Untracked 
| 137|0x0000000711200000, 0x0000000711200000, 0x0000000711400000|  0%| F|  |TAMS 0x0000000711200000, 0x0000000711200000| Untracked 
| 138|0x0000000711400000, 0x0000000711400000, 0x0000000711600000|  0%| F|  |TAMS 0x0000000711400000, 0x0000000711400000| Untracked 
| 139|0x0000000711600000, 0x0000000711600000, 0x0000000711800000|  0%| F|  |TAMS 0x0000000711600000, 0x0000000711600000| Untracked 
| 140|0x0000000711800000, 0x0000000711800000, 0x0000000711a00000|  0%| F|  |TAMS 0x0000000711800000, 0x0000000711800000| Untracked 
| 141|0x0000000711a00000, 0x0000000711a00000, 0x0000000711c00000|  0%| F|  |TAMS 0x0000000711a00000, 0x0000000711a00000| Untracked 

Card table byte_map: [0x000001ccff0e0000,0x000001ccff8e0000] _byte_map_base: 0x000001ccfb8e0000

Marking Bits (Prev, Next): (CMBitMap*) 0x000001ccfc641c60, (CMBitMap*) 0x000001ccfc641c20
 Prev Bits: [0x000001cc96c00000, 0x000001cc9ac00000)
 Next Bits: [0x000001cc92c00000, 0x000001cc96c00000)

Polling page: 0x000001ccfc6a0000

Metaspace:

Usage:
  Non-class:    112.32 MB used.
      Class:     17.27 MB used.
       Both:    129.58 MB used.

Virtual space:
  Non-class space:      120.00 MB reserved,     113.12 MB ( 94%) committed,  15 nodes.
      Class space:        1.00 GB reserved,      17.81 MB (  2%) committed,  1 nodes.
             Both:        1.12 GB reserved,     130.94 MB ( 11%) committed. 

Chunk freelists:
   Non-Class:  2.11 MB
       Class:  2.17 MB
        Both:  4.28 MB

MaxMetaspaceSize: unlimited
CompressedClassSpaceSize: 1.00 GB
Initial GC threshold: 21.00 MB
Current GC threshold: 163.25 MB
CDS: off
MetaspaceReclaimPolicy: balanced
 - commit_granule_bytes: 65536.
 - commit_granule_words: 8192.
 - virtual_space_node_default_size: 1048576.
 - enlarge_chunks_in_place: 1.
 - new_chunks_are_fully_committed: 0.
 - uncommit_free_chunks: 1.
 - use_allocation_guard: 0.
 - handle_deallocations: 1.


Internal statistics:

num_allocs_failed_limit: 9.
num_arena_births: 1778.
num_arena_deaths: 0.
num_vsnodes_births: 16.
num_vsnodes_deaths: 0.
num_space_committed: 2094.
num_space_uncommitted: 0.
num_chunks_returned_to_freelist: 9.
num_chunks_taken_from_freelist: 7420.
num_chunk_merges: 6.
num_chunk_splits: 4601.
num_chunks_enlarged: 2599.
num_purges: 0.
num_inconsistent_stats: 0.

CodeHeap 'non-profiled nmethods': size=120000Kb used=10272Kb max_used=10272Kb free=109727Kb
 bounds [0x000001cc8aed0000, 0x000001cc8b8e0000, 0x000001cc92400000]
CodeHeap 'profiled nmethods': size=120000Kb used=30531Kb max_used=30531Kb free=89468Kb
 bounds [0x000001cc83400000, 0x000001cc851e0000, 0x000001cc8a930000]
CodeHeap 'non-nmethods': size=5760Kb used=2483Kb max_used=2540Kb free=3276Kb
 bounds [0x000001cc8a930000, 0x000001cc8abc0000, 0x000001cc8aed0000]
 total_blobs=16202 nmethods=15184 adapters=929
 compilation: enabled
              stopped_count=0, restarted_count=0
 full_count=0

Compilation events (20 events):
Event: 27.184 Thread 0x000001cc9dc932d0 17470       3       org.jetbrains.kotlin.protobuf.LiteralByteString::toString (21 bytes)
Event: 27.184 Thread 0x000001cc9dc932d0 nmethod 17470 0x000001cc851ce690 code [0x000001cc851ce840, 0x000001cc851cebc8]
Event: 27.184 Thread 0x000001cc9dc932d0 17471       3       org.jetbrains.kotlin.protobuf.LiteralByteString::isValidUtf8 (20 bytes)
Event: 27.185 Thread 0x000001cc9dc932d0 nmethod 17471 0x000001cc851ced10 code [0x000001cc851ceec0, 0x000001cc851cf2a8]
Event: 27.185 Thread 0x000001cc9dc932d0 17473   !   3       org.jetbrains.kotlin.protobuf.ByteString::toStringUtf8 (19 bytes)
Event: 27.185 Thread 0x000001cc9dc932d0 nmethod 17473 0x000001cc851cf410 code [0x000001cc851cf5c0, 0x000001cc851cf878]
Event: 27.185 Thread 0x000001cc9dc932d0 17468       1       org.jetbrains.kotlin.metadata.jvm.JvmModuleProtoBuf$PackageParts::getMultifileFacadeShortNameList (5 bytes)
Event: 27.185 Thread 0x000001cc9dc932d0 nmethod 17468 0x000001cc8b8d6c10 code [0x000001cc8b8d6da0, 0x000001cc8b8d6e78]
Event: 27.185 Thread 0x000001cc9dc932d0 17469       1       org.jetbrains.kotlin.metadata.jvm.JvmModuleProtoBuf$PackageParts::getMultifileFacadeShortNameIdList (5 bytes)
Event: 27.185 Thread 0x000001cc9dc932d0 nmethod 17469 0x000001cc8b8d6f10 code [0x000001cc8b8d70a0, 0x000001cc8b8d7178]
Event: 27.185 Thread 0x000001cc9dc932d0 17477       3       org.jetbrains.kotlin.protobuf.UnmodifiableLazyStringList$2::hasNext (10 bytes)
Event: 27.185 Thread 0x000001cc9dc932d0 nmethod 17477 0x000001cc851cf990 code [0x000001cc851cfb40, 0x000001cc851cfd28]
Event: 27.185 Thread 0x000001cc9dc932d0 17478       3       org.jetbrains.kotlin.protobuf.LazyStringArrayList::size (10 bytes)
Event: 27.186 Thread 0x000001cc9e55ca20 nmethod 17447 0x000001cc8b8d7210 code [0x000001cc8b8d73a0, 0x000001cc8b8d7d18]
Event: 27.186 Thread 0x000001cc9dc932d0 nmethod 17478 0x000001cc851cfe10 code [0x000001cc851cffc0, 0x000001cc851d01a8]
Event: 27.186 Thread 0x000001cc9dc932d0 17475       3       org.jetbrains.kotlin.protobuf.UnmodifiableLazyStringList::get (14 bytes)
Event: 27.186 Thread 0x000001cc9e55ca20 17463       4       org.jetbrains.kotlin.protobuf.CodedInputStream::isAtEnd (25 bytes)
Event: 27.186 Thread 0x000001cc9dc932d0 nmethod 17475 0x000001cc851d0290 code [0x000001cc851d0440, 0x000001cc851d0708]
Event: 27.186 Thread 0x000001cc9dc932d0 17479       3       java.lang.StringUTF16::checkBoundsOffCount (10 bytes)
Event: 27.186 Thread 0x000001cc9dc932d0 nmethod 17479 0x000001cc851d0810 code [0x000001cc851d09c0, 0x000001cc851d0b48]

GC Heap History (20 events):
Event: 20.533 GC heap after
{Heap after GC invocations=48 (full 0):
 garbage-first heap   total 192512K, used 124695K [0x0000000700000000, 0x0000000800000000)
  region size 2048K, 3 young (6144K), 3 survivors (6144K)
 Metaspace       used 92556K, committed 93568K, reserved 1130496K
  class space    used 12733K, committed 13120K, reserved 1048576K
}
Event: 20.973 GC heap before
{Heap before GC invocations=49 (full 0):
 garbage-first heap   total 225280K, used 153367K [0x0000000700000000, 0x0000000800000000)
  region size 2048K, 17 young (34816K), 3 survivors (6144K)
 Metaspace       used 94085K, committed 95104K, reserved 1138688K
  class space    used 12950K, committed 13376K, reserved 1048576K
}
Event: 20.982 GC heap after
{Heap after GC invocations=50 (full 0):
 garbage-first heap   total 225280K, used 128810K [0x0000000700000000, 0x0000000800000000)
  region size 2048K, 2 young (4096K), 2 survivors (4096K)
 Metaspace       used 94085K, committed 95104K, reserved 1138688K
  class space    used 12950K, committed 13376K, reserved 1048576K
}
Event: 21.108 GC heap before
{Heap before GC invocations=50 (full 0):
 garbage-first heap   total 225280K, used 134954K [0x0000000700000000, 0x0000000800000000)
  region size 2048K, 5 young (10240K), 2 survivors (4096K)
 Metaspace       used 94189K, committed 95232K, reserved 1138688K
  class space    used 12955K, committed 13376K, reserved 1048576K
}
Event: 21.114 GC heap after
{Heap after GC invocations=51 (full 0):
 garbage-first heap   total 225280K, used 129727K [0x0000000700000000, 0x0000000800000000)
  region size 2048K, 1 young (2048K), 1 survivors (2048K)
 Metaspace       used 94189K, committed 95232K, reserved 1138688K
  class space    used 12955K, committed 13376K, reserved 1048576K
}
Event: 21.971 GC heap before
{Heap before GC invocations=51 (full 0):
 garbage-first heap   total 225280K, used 178879K [0x0000000700000000, 0x0000000800000000)
  region size 2048K, 25 young (51200K), 1 survivors (2048K)
 Metaspace       used 97674K, committed 98752K, reserved 1138688K
  class space    used 13485K, committed 13952K, reserved 1048576K
}
Event: 21.982 GC heap after
{Heap after GC invocations=52 (full 0):
 garbage-first heap   total 290816K, used 136815K [0x0000000700000000, 0x0000000800000000)
  region size 2048K, 4 young (8192K), 4 survivors (8192K)
 Metaspace       used 97674K, committed 98752K, reserved 1138688K
  class space    used 13485K, committed 13952K, reserved 1048576K
}
Event: 23.184 GC heap before
{Heap before GC invocations=53 (full 0):
 garbage-first heap   total 290816K, used 222831K [0x0000000700000000, 0x0000000800000000)
  region size 2048K, 46 young (94208K), 4 survivors (8192K)
 Metaspace       used 102039K, committed 103168K, reserved 1138688K
  class space    used 14077K, committed 14592K, reserved 1048576K
}
Event: 23.201 GC heap after
{Heap after GC invocations=54 (full 0):
 garbage-first heap   total 290816K, used 150520K [0x0000000700000000, 0x0000000800000000)
  region size 2048K, 6 young (12288K), 6 survivors (12288K)
 Metaspace       used 102039K, committed 103168K, reserved 1138688K
  class space    used 14077K, committed 14592K, reserved 1048576K
}
Event: 23.220 GC heap before
{Heap before GC invocations=54 (full 0):
 garbage-first heap   total 290816K, used 152568K [0x0000000700000000, 0x0000000800000000)
  region size 2048K, 7 young (14336K), 6 survivors (12288K)
 Metaspace       used 102057K, committed 103232K, reserved 1138688K
  class space    used 14078K, committed 14592K, reserved 1048576K
}
Event: 23.231 GC heap after
{Heap after GC invocations=55 (full 0):
 garbage-first heap   total 290816K, used 152666K [0x0000000700000000, 0x0000000800000000)
  region size 2048K, 1 young (2048K), 1 survivors (2048K)
 Metaspace       used 102057K, committed 103232K, reserved 1138688K
  class space    used 14078K, committed 14592K, reserved 1048576K
}
Event: 24.092 GC heap before
{Heap before GC invocations=55 (full 0):
 garbage-first heap   total 290816K, used 222298K [0x0000000700000000, 0x0000000800000000)
  region size 2048K, 36 young (73728K), 1 survivors (2048K)
 Metaspace       used 102676K, committed 103808K, reserved 1138688K
  class space    used 14111K, committed 14592K, reserved 1048576K
}
Event: 24.098 GC heap after
{Heap after GC invocations=56 (full 0):
 garbage-first heap   total 290816K, used 156323K [0x0000000700000000, 0x0000000800000000)
  region size 2048K, 3 young (6144K), 3 survivors (6144K)
 Metaspace       used 102676K, committed 103808K, reserved 1138688K
  class space    used 14111K, committed 14592K, reserved 1048576K
}
Event: 25.119 GC heap before
{Heap before GC invocations=56 (full 0):
 garbage-first heap   total 290816K, used 234147K [0x0000000700000000, 0x0000000800000000)
  region size 2048K, 39 young (79872K), 3 survivors (6144K)
 Metaspace       used 107882K, committed 109184K, reserved 1146880K
  class space    used 14654K, committed 15232K, reserved 1048576K
}
Event: 25.130 GC heap after
{Heap after GC invocations=57 (full 0):
 garbage-first heap   total 290816K, used 170509K [0x0000000700000000, 0x0000000800000000)
  region size 2048K, 4 young (8192K), 4 survivors (8192K)
 Metaspace       used 107882K, committed 109184K, reserved 1146880K
  class space    used 14654K, committed 15232K, reserved 1048576K
}
Event: 25.883 GC heap before
{Heap before GC invocations=57 (full 0):
 garbage-first heap   total 290816K, used 231949K [0x0000000700000000, 0x0000000800000000)
  region size 2048K, 35 young (71680K), 4 survivors (8192K)
 Metaspace       used 115228K, committed 116608K, reserved 1155072K
  class space    used 15467K, committed 16064K, reserved 1048576K
}
Event: 25.895 GC heap after
{Heap after GC invocations=58 (full 0):
 garbage-first heap   total 290816K, used 175879K [0x0000000700000000, 0x0000000800000000)
  region size 2048K, 3 young (6144K), 3 survivors (6144K)
 Metaspace       used 115228K, committed 116608K, reserved 1155072K
  class space    used 15467K, committed 16064K, reserved 1048576K
}
Event: 26.618 GC heap before
{Heap before GC invocations=58 (full 0):
 garbage-first heap   total 290816K, used 239367K [0x0000000700000000, 0x0000000800000000)
  region size 2048K, 33 young (67584K), 3 survivors (6144K)
 Metaspace       used 123348K, committed 124800K, reserved 1163264K
  class space    used 16377K, committed 16960K, reserved 1048576K
}
Event: 26.628 GC heap after
{Heap after GC invocations=59 (full 0):
 garbage-first heap   total 290816K, used 185867K [0x0000000700000000, 0x0000000800000000)
  region size 2048K, 5 young (10240K), 5 survivors (10240K)
 Metaspace       used 123348K, committed 124800K, reserved 1163264K
  class space    used 16377K, committed 16960K, reserved 1048576K
}
Event: 27.188 GC heap before
{Heap before GC invocations=59 (full 0):
 garbage-first heap   total 290816K, used 235019K [0x0000000700000000, 0x0000000800000000)
  region size 2048K, 30 young (61440K), 5 survivors (10240K)
 Metaspace       used 132692K, committed 134080K, reserved 1171456K
  class space    used 17682K, committed 18240K, reserved 1048576K
}

Dll operation events (2 events):
Event: 0.013 Loaded shared library C:\Program Files\Android\Android Studio\jbr\bin\java.dll
Event: 0.685 Loaded shared library C:\Program Files\Android\Android Studio\jbr\bin\verify.dll

Deoptimization events (20 events):
Event: 27.109 Thread 0x000001cca25841b0 Uncommon trap: trap_request=0xffffffde fr.pc=0x000001cc8b184968 relative=0x0000000000001f08
Event: 27.109 Thread 0x000001cca25841b0 Uncommon trap: reason=class_check action=maybe_recompile pc=0x000001cc8b184968 method=java.util.concurrent.locks.AbstractQueuedSynchronizer.acquire(Ljava/util/concurrent/locks/AbstractQueuedSynchronizer$Node;IZZZJ)I @ 108 c2
Event: 27.109 Thread 0x000001cca25841b0 DEOPT PACKING pc=0x000001cc8b184968 sp=0x0000002d5eafd610
Event: 27.109 Thread 0x000001cca25841b0 DEOPT UNPACKING pc=0x000001cc8a98a1a3 sp=0x0000002d5eafd5f8 mode 2
Event: 27.170 Thread 0x000001cca2583ce0 Uncommon trap: trap_request=0xffffffde fr.pc=0x000001cc8b8d18ac relative=0x00000000000004cc
Event: 27.170 Thread 0x000001cca2583ce0 Uncommon trap: reason=class_check action=maybe_recompile pc=0x000001cc8b8d18ac method=org.jetbrains.kotlin.protobuf.CodedInputStream.tryRefillBuffer(I)Z @ 177 c2
Event: 27.170 Thread 0x000001cca2583ce0 DEOPT PACKING pc=0x000001cc8b8d18ac sp=0x0000002d5e7fc240
Event: 27.170 Thread 0x000001cca2583ce0 DEOPT UNPACKING pc=0x000001cc8a98a1a3 sp=0x0000002d5e7fc128 mode 2
Event: 27.170 Thread 0x000001cca2583ce0 Uncommon trap: trap_request=0xffffffde fr.pc=0x000001cc8b8d18ac relative=0x00000000000004cc
Event: 27.170 Thread 0x000001cca2583ce0 Uncommon trap: reason=class_check action=maybe_recompile pc=0x000001cc8b8d18ac method=org.jetbrains.kotlin.protobuf.CodedInputStream.tryRefillBuffer(I)Z @ 177 c2
Event: 27.170 Thread 0x000001cca2583ce0 DEOPT PACKING pc=0x000001cc8b8d18ac sp=0x0000002d5e7fc240
Event: 27.170 Thread 0x000001cca2583ce0 DEOPT UNPACKING pc=0x000001cc8a98a1a3 sp=0x0000002d5e7fc128 mode 2
Event: 27.171 Thread 0x000001cca2583ce0 Uncommon trap: trap_request=0xffffffde fr.pc=0x000001cc8b8d18ac relative=0x00000000000004cc
Event: 27.171 Thread 0x000001cca2583ce0 Uncommon trap: reason=class_check action=maybe_recompile pc=0x000001cc8b8d18ac method=org.jetbrains.kotlin.protobuf.CodedInputStream.tryRefillBuffer(I)Z @ 177 c2
Event: 27.171 Thread 0x000001cca2583ce0 DEOPT PACKING pc=0x000001cc8b8d18ac sp=0x0000002d5e7fc240
Event: 27.171 Thread 0x000001cca2583ce0 DEOPT UNPACKING pc=0x000001cc8a98a1a3 sp=0x0000002d5e7fc128 mode 2
Event: 27.171 Thread 0x000001cca2583ce0 Uncommon trap: trap_request=0xffffffde fr.pc=0x000001cc8b8d18ac relative=0x00000000000004cc
Event: 27.171 Thread 0x000001cca2583ce0 Uncommon trap: reason=class_check action=maybe_recompile pc=0x000001cc8b8d18ac method=org.jetbrains.kotlin.protobuf.CodedInputStream.tryRefillBuffer(I)Z @ 177 c2
Event: 27.171 Thread 0x000001cca2583ce0 DEOPT PACKING pc=0x000001cc8b8d18ac sp=0x0000002d5e7fc240
Event: 27.171 Thread 0x000001cca2583ce0 DEOPT UNPACKING pc=0x000001cc8a98a1a3 sp=0x0000002d5e7fc128 mode 2

Classes unloaded (0 events):
No events

Classes redefined (0 events):
No events

Internal exceptions (20 events):
Event: 26.693 Thread 0x000001cca29c82e0 Exception <a 'sun/nio/fs/WindowsException'{0x0000000710e81300}> (0x0000000710e81300) 
thrown [s\src\hotspot\share\prims\jni.cpp, line 517]
Event: 26.693 Thread 0x000001cca29c82e0 Exception <a 'sun/nio/fs/WindowsException'{0x0000000710e821d0}> (0x0000000710e821d0) 
thrown [s\src\hotspot\share\prims\jni.cpp, line 517]
Event: 26.705 Thread 0x000001cca29c82e0 Exception <a 'sun/nio/fs/WindowsException'{0x0000000710fcd688}> (0x0000000710fcd688) 
thrown [s\src\hotspot\share\prims\jni.cpp, line 517]
Event: 26.826 Thread 0x000001cca25841b0 Exception <a 'java/lang/NoSuchMethodError'{0x00000007104905e0}: static Lorg/jetbrains/kotlin/daemon/common/LoopbackNetworkInterface$AbstractClientLoopbackSocketFactory;.<clinit>()V> (0x00000007104905e0) 
thrown [s\src\hotspot\share\prims\jni.cpp, line 1108]
Event: 26.826 Thread 0x000001cca25841b0 Exception <a 'java/lang/NoSuchMethodError'{0x00000007104ebae0}: static Lorg/jetbrains/kotlin/daemon/common/LoopbackNetworkInterface$ClientLoopbackSocketFactory;.<clinit>()V> (0x00000007104ebae0) 
thrown [s\src\hotspot\share\prims\jni.cpp, line 1108]
Event: 26.837 Thread 0x000001cca25841b0 Exception <a 'java/lang/NoSuchMethodError'{0x00000007105d2068}: 'java.lang.Object java.lang.invoke.DirectMethodHandle$Holder.invokeSpecial(java.lang.Object, java.lang.Object, java.lang.Object, int, java.lang.Object, java.lang.Object)'> (0x00000007105d2068) 
thrown [s\src\hotspot\share\interpreter\linkResolver.cpp, line 771]
Event: 26.838 Thread 0x000001cca25841b0 Exception <a 'java/lang/NoSuchMethodError'{0x00000007105d6268}: 'java.lang.Object java.lang.invoke.Invokers$Holder.linkToTargetMethod(java.lang.Object, int, java.lang.Object, java.lang.Object, java.lang.Object)'> (0x00000007105d6268) 
thrown [s\src\hotspot\share\interpreter\linkResolver.cpp, line 771]
Event: 26.849 Thread 0x000001cca25841b0 Exception <a 'java/lang/NoSuchMethodError'{0x000000071022f810}: static [Ljava/rmi/server/ObjID;.<clinit>()V> (0x000000071022f810) 
thrown [s\src\hotspot\share\prims\jni.cpp, line 1108]
Event: 26.852 Thread 0x000001cca25841b0 Exception <a 'java/lang/NoSuchMethodError'{0x00000007102bc7f0}: static [B.<clinit>()V> (0x00000007102bc7f0) 
thrown [s\src\hotspot\share\prims\jni.cpp, line 1108]
Event: 26.858 Thread 0x000001cca21f9d90 Exception <a 'java/lang/InterruptedException'{0x00000007102e8b30}> (0x00000007102e8b30) 
thrown [s\src\hotspot\share\runtime\objectMonitor.cpp, line 1648]
Event: 26.860 Thread 0x000001cca21f9d90 Exception <a 'java/lang/NoSuchMethodError'{0x00000007102fa7d0}: 'java.lang.Object java.lang.invoke.DirectMethodHandle$Holder.newInvokeSpecial(java.lang.Object, java.lang.Object, int, java.lang.Object, long)'> (0x00000007102fa7d0) 
thrown [s\src\hotspot\share\interpreter\linkResolver.cpp, line 771]
Event: 26.933 Thread 0x000001cca25841b0 Exception <a 'java/lang/NoSuchMethodError'{0x000000070ffadbf0}: static Lorg/jetbrains/kotlin/daemon/common/CompileService$CallResult;.<clinit>()V> (0x000000070ffadbf0) 
thrown [s\src\hotspot\share\prims\jni.cpp, line 1108]
Event: 26.933 Thread 0x000001cca25841b0 Exception <a 'java/lang/NoSuchMethodError'{0x000000070ffba468}: static Lorg/jetbrains/kotlin/daemon/common/CompileService$CallResult$Good;.<clinit>()V> (0x000000070ffba468) 
thrown [s\src\hotspot\share\prims\jni.cpp, line 1108]
Event: 26.934 Thread 0x000001cca25841b0 Exception <a 'java/lang/NoSuchMethodError'{0x000000070ffcbe98}: static Lorg/jetbrains/kotlin/daemon/common/DaemonJVMOptions;.<clinit>()V> (0x000000070ffcbe98) 
thrown [s\src\hotspot\share\prims\jni.cpp, line 1108]
Event: 26.977 Thread 0x000001cca25841b0 Exception <a 'java/lang/NoSuchMethodError'{0x000000070f87b930}: 'void java.lang.invoke.DirectMethodHandle$Holder.invokeStatic(java.lang.Object, long)'> (0x000000070f87b930) 
thrown [s\src\hotspot\share\interpreter\linkResolver.cpp, line 771]
Event: 26.977 Thread 0x000001cca25841b0 Exception <a 'java/lang/NoSuchMethodError'{0x000000070f885668}: 'java.lang.Object java.lang.invoke.DirectMethodHandle$Holder.newInvokeSpecial(java.lang.Object, long)'> (0x000000070f885668) 
thrown [s\src\hotspot\share\interpreter\linkResolver.cpp, line 771]
Event: 26.980 Thread 0x000001cca25841b0 Exception <a 'java/lang/NoSuchMethodError'{0x000000070f891400}: 'java.lang.Object java.lang.invoke.DirectMethodHandle$Holder.invokeStatic(java.lang.Object, java.lang.Object, long, java.lang.Object)'> (0x000000070f891400) 
thrown [s\src\hotspot\share\interpreter\linkResolver.cpp, line 771]
Event: 26.981 Thread 0x000001cca25841b0 Exception <a 'java/lang/NoSuchMethodError'{0x000000070f8955b0}: 'java.lang.Object java.lang.invoke.DirectMethodHandle$Holder.invokeStaticInit(java.lang.Object, java.lang.Object, long, java.lang.Object)'> (0x000000070f8955b0) 
thrown [s\src\hotspot\share\interpreter\linkResolver.cpp, line 771]
Event: 27.044 Thread 0x000001cca29c82e0 Exception <a 'java/lang/NoSuchMethodError'{0x000000070f403698}: 'void java.lang.invoke.DirectMethodHandle$Holder.invokeVirtual(java.lang.Object, java.lang.Object, java.lang.Object, java.lang.Object)'> (0x000000070f403698) 
thrown [s\src\hotspot\share\interpreter\linkResolver.cpp, line 771]
Event: 27.101 Thread 0x000001cca21f46f0 Exception <a 'java/lang/InterruptedException'{0x000000070f0e7cb8}> (0x000000070f0e7cb8) 
thrown [s\src\hotspot\share\runtime\objectMonitor.cpp, line 1648]

VM Operations (20 events):
Event: 26.310 Executing VM operation: HandshakeAllThreads done
Event: 26.318 Executing VM operation: HandshakeAllThreads
Event: 26.319 Executing VM operation: HandshakeAllThreads done
Event: 26.358 Executing VM operation: HandshakeAllThreads
Event: 26.358 Executing VM operation: HandshakeAllThreads done
Event: 26.418 Executing VM operation: ICBufferFull
Event: 26.418 Executing VM operation: ICBufferFull done
Event: 26.618 Executing VM operation: G1CollectForAllocation
Event: 26.628 Executing VM operation: G1CollectForAllocation done
Event: 26.708 Executing VM operation: HandshakeAllThreads
Event: 26.709 Executing VM operation: HandshakeAllThreads done
Event: 26.843 Executing VM operation: HandshakeAllThreads
Event: 26.844 Executing VM operation: HandshakeAllThreads done
Event: 26.872 Executing VM operation: HandshakeAllThreads
Event: 26.874 Executing VM operation: HandshakeAllThreads done
Event: 26.961 Executing VM operation: HandshakeAllThreads
Event: 26.961 Executing VM operation: HandshakeAllThreads done
Event: 26.983 Executing VM operation: HandshakeAllThreads
Event: 26.983 Executing VM operation: HandshakeAllThreads done
Event: 27.187 Executing VM operation: G1CollectForAllocation

Events (20 events):
Event: 26.978 loading class java/lang/ProcessHandleImpl
Event: 26.978 loading class java/lang/ProcessHandleImpl done
Event: 26.981 loading class java/lang/ProcessImpl$2
Event: 26.981 loading class java/lang/ProcessImpl$2 done
Event: 26.981 loading class java/lang/Process$PipeInputStream
Event: 26.981 loading class java/lang/Process$PipeInputStream done
Event: 26.983 loading class java/lang/ProcessBuilder$NullInputStream
Event: 26.983 loading class java/lang/ProcessBuilder$NullInputStream done
Event: 26.983 loading class jdk/internal/event/ProcessStartEvent
Event: 26.984 loading class jdk/internal/event/ProcessStartEvent done
Event: 26.984 loading class java/util/concurrent/Semaphore
Event: 26.984 loading class java/util/concurrent/Semaphore done
Event: 26.984 loading class java/util/concurrent/Semaphore$NonfairSync
Event: 26.984 loading class java/util/concurrent/Semaphore$Sync
Event: 26.984 loading class java/util/concurrent/Semaphore$Sync done
Event: 26.984 loading class java/util/concurrent/Semaphore$NonfairSync done
Event: 26.986 Thread 0x000001cca21f7710 Thread added: 0x000001cca21f7710
Event: 27.090 Thread 0x000001cca21f7710 Thread exited: 0x000001cca21f7710
Event: 27.095 Thread 0x000001cca21f46f0 Thread added: 0x000001cca21f46f0
Event: 27.109 Thread 0x000001cca21f7be0 Thread added: 0x000001cca21f7be0


Dynamic libraries:
0x00007ff700160000 - 0x00007ff70016a000 	C:\Program Files\Android\Android Studio\jbr\bin\java.exe
0x00007ffac1bf0000 - 0x00007ffac1de8000 	C:\WINDOWS\SYSTEM32\ntdll.dll
0x00007ffac0ca0000 - 0x00007ffac0d5d000 	C:\WINDOWS\System32\KERNEL32.DLL
0x00007ffabf4d0000 - 0x00007ffabf7c6000 	C:\WINDOWS\System32\KERNELBASE.dll
0x00007ffabf3d0000 - 0x00007ffabf4d0000 	C:\WINDOWS\System32\ucrtbase.dll
0x00007ffab9d10000 - 0x00007ffab9d27000 	C:\Program Files\Android\Android Studio\jbr\bin\jli.dll
0x00007ffab9d30000 - 0x00007ffab9d4b000 	C:\Program Files\Android\Android Studio\jbr\bin\VCRUNTIME140.dll
0x00007ffac01a0000 - 0x00007ffac033f000 	C:\WINDOWS\System32\USER32.dll
0x00007ffabfa70000 - 0x00007ffabfa92000 	C:\WINDOWS\System32\win32u.dll
0x00007ffaac370000 - 0x00007ffaac60a000 	C:\WINDOWS\WinSxS\amd64_microsoft.windows.common-controls_6595b64144ccf1df_6.0.19041.4355_none_60b8b9eb71f62e16\COMCTL32.dll
0x00007ffac0110000 - 0x00007ffac013b000 	C:\WINDOWS\System32\GDI32.dll
0x00007ffac05c0000 - 0x00007ffac065e000 	C:\WINDOWS\System32\msvcrt.dll
0x00007ffabf2b0000 - 0x00007ffabf3c7000 	C:\WINDOWS\System32\gdi32full.dll
0x00007ffabf980000 - 0x00007ffabfa1d000 	C:\WINDOWS\System32\msvcp_win.dll
0x00007ffac0340000 - 0x00007ffac036f000 	C:\WINDOWS\System32\IMM32.DLL
0x00007ffabb3b0000 - 0x00007ffabb3bc000 	C:\Program Files\Android\Android Studio\jbr\bin\vcruntime140_1.dll
0x00007ffaa3630000 - 0x00007ffaa36bd000 	C:\Program Files\Android\Android Studio\jbr\bin\msvcp140.dll
0x00007ffa11690000 - 0x00007ffa122fe000 	C:\Program Files\Android\Android Studio\jbr\bin\server\jvm.dll
0x00007ffac10e0000 - 0x00007ffac1190000 	C:\WINDOWS\System32\ADVAPI32.dll
0x00007ffac0d70000 - 0x00007ffac0e10000 	C:\WINDOWS\System32\sechost.dll
0x00007ffac0e80000 - 0x00007ffac0fa3000 	C:\WINDOWS\System32\RPCRT4.dll
0x00007ffabfaa0000 - 0x00007ffabfac7000 	C:\WINDOWS\System32\bcrypt.dll
0x00007ffaa4da0000 - 0x00007ffaa4da9000 	C:\WINDOWS\SYSTEM32\WSOCK32.dll
0x00007ffac00a0000 - 0x00007ffac010b000 	C:\WINDOWS\System32\WS2_32.dll
0x00007ffabda50000 - 0x00007ffabda77000 	C:\WINDOWS\SYSTEM32\WINMM.dll
0x00007ffab5a80000 - 0x00007ffab5a8a000 	C:\WINDOWS\SYSTEM32\VERSION.dll
0x00007ffabdac0000 - 0x00007ffabdad2000 	C:\WINDOWS\SYSTEM32\kernel.appcore.dll
0x00007ffab9710000 - 0x00007ffab971a000 	C:\Program Files\Android\Android Studio\jbr\bin\jimage.dll
0x00007ffabd5f0000 - 0x00007ffabd7d4000 	C:\WINDOWS\SYSTEM32\DBGHELP.DLL
0x00007ffaac310000 - 0x00007ffaac344000 	C:\WINDOWS\SYSTEM32\dbgcore.DLL
0x00007ffabf840000 - 0x00007ffabf8c2000 	C:\WINDOWS\System32\bcryptPrimitives.dll
0x00007ffab7cb0000 - 0x00007ffab7cd5000 	C:\Program Files\Android\Android Studio\jbr\bin\java.dll
0x00007ffab7c90000 - 0x00007ffab7ca8000 	C:\Program Files\Android\Android Studio\jbr\bin\zip.dll
0x00007ffac11b0000 - 0x00007ffac191c000 	C:\WINDOWS\System32\SHELL32.dll
0x00007ffabc4f0000 - 0x00007ffabcc8d000 	C:\WINDOWS\SYSTEM32\windows.storage.dll
0x00007ffac0860000 - 0x00007ffac0bb3000 	C:\WINDOWS\System32\combase.dll
0x00007ffabecd0000 - 0x00007ffabecfe000 	C:\WINDOWS\SYSTEM32\Wldp.dll
0x00007ffac0bc0000 - 0x00007ffac0c8d000 	C:\WINDOWS\System32\OLEAUT32.dll
0x00007ffac07b0000 - 0x00007ffac085d000 	C:\WINDOWS\System32\SHCORE.dll
0x00007ffac0750000 - 0x00007ffac07a5000 	C:\WINDOWS\System32\shlwapi.dll
0x00007ffabf1e0000 - 0x00007ffabf204000 	C:\WINDOWS\SYSTEM32\profapi.dll
0x00007ffab64d0000 - 0x00007ffab64e9000 	C:\Program Files\Android\Android Studio\jbr\bin\net.dll
0x00007ffaba340000 - 0x00007ffaba44a000 	C:\WINDOWS\SYSTEM32\WINHTTP.dll
0x00007ffabea30000 - 0x00007ffabea9a000 	C:\WINDOWS\system32\mswsock.dll
0x00007ffaaa600000 - 0x00007ffaaa616000 	C:\Program Files\Android\Android Studio\jbr\bin\nio.dll
0x00007ffab7c10000 - 0x00007ffab7c20000 	C:\Program Files\Android\Android Studio\jbr\bin\verify.dll
0x00007ffaa3600000 - 0x00007ffaa3627000 	C:\Users\zeoon\.gradle\native\e1d6ef7f7dcc3fd88c89a11ec53ec762bb8ba0a96d01ffa2cd45eb1d1d8dd5c5\windows-amd64\native-platform.dll
0x00007ffa81560000 - 0x00007ffa816a4000 	C:\Users\zeoon\.gradle\native\0d407fdbe67a94daf76414ababcb853783967236a71b16ec16e742cd7a986fd3\windows-amd64\native-platform-file-events.dll
0x00007ffab7a20000 - 0x00007ffab7a29000 	C:\Program Files\Android\Android Studio\jbr\bin\management.dll
0x00007ffab64c0000 - 0x00007ffab64cb000 	C:\Program Files\Android\Android Studio\jbr\bin\management_ext.dll
0x00007ffac0d60000 - 0x00007ffac0d68000 	C:\WINDOWS\System32\PSAPI.DLL
0x00007ffabec20000 - 0x00007ffabec38000 	C:\WINDOWS\SYSTEM32\CRYPTSP.dll
0x00007ffabe2e0000 - 0x00007ffabe314000 	C:\WINDOWS\system32\rsaenh.dll
0x00007ffabf190000 - 0x00007ffabf1be000 	C:\WINDOWS\SYSTEM32\USERENV.dll
0x00007ffabec40000 - 0x00007ffabec4c000 	C:\WINDOWS\SYSTEM32\CRYPTBASE.dll
0x00007ffabe6c0000 - 0x00007ffabe6fb000 	C:\WINDOWS\SYSTEM32\IPHLPAPI.DLL
0x00007ffac0e10000 - 0x00007ffac0e18000 	C:\WINDOWS\System32\NSI.dll
0x00007ffab70b0000 - 0x00007ffab70c7000 	C:\WINDOWS\SYSTEM32\dhcpcsvc6.DLL
0x00007ffab7060000 - 0x00007ffab707d000 	C:\WINDOWS\SYSTEM32\dhcpcsvc.DLL
0x00007ffabe700000 - 0x00007ffabe7ca000 	C:\WINDOWS\SYSTEM32\DNSAPI.dll
0x00007ffa29360000 - 0x00007ffa29367000 	C:\WINDOWS\system32\wshunix.dll
0x00007ffaa35a0000 - 0x00007ffaa35a7000 	C:\Program Files\Android\Android Studio\jbr\bin\rmi.dll
0x00007ffa92240000 - 0x00007ffa9225e000 	C:\Users\zeoon\AppData\Local\Temp\native-platform14791249344145496115dir\native-platform.dll

dbghelp: loaded successfully - version: 4.0.5 - missing functions: none
symbol engine: initialized successfully - sym options: 0x614 - pdb path: .;C:\Program Files\Android\Android Studio\jbr\bin;C:\WINDOWS\SYSTEM32;C:\WINDOWS\WinSxS\amd64_microsoft.windows.common-controls_6595b64144ccf1df_6.0.19041.4355_none_60b8b9eb71f62e16;C:\Program Files\Android\Android Studio\jbr\bin\server;C:\Users\zeoon\.gradle\native\e1d6ef7f7dcc3fd88c89a11ec53ec762bb8ba0a96d01ffa2cd45eb1d1d8dd5c5\windows-amd64;C:\Users\zeoon\.gradle\native\0d407fdbe67a94daf76414ababcb853783967236a71b16ec16e742cd7a986fd3\windows-amd64;C:\Users\zeoon\AppData\Local\Temp\native-platform14791249344145496115dir

VM Arguments:
jvm_args: --add-opens=java.base/java.util=ALL-UNNAMED --add-opens=java.base/java.lang=ALL-UNNAMED --add-opens=java.base/java.lang.invoke=ALL-UNNAMED --add-opens=java.base/java.util=ALL-UNNAMED --add-opens=java.prefs/java.util.prefs=ALL-UNNAMED --add-opens=java.prefs/java.util.prefs=ALL-UNNAMED --add-opens=java.base/java.nio.charset=ALL-UNNAMED --add-opens=java.base/java.net=ALL-UNNAMED --add-opens=java.base/java.util.concurrent.atomic=ALL-UNNAMED -Xmx4G -Dfile.encoding=windows-1254 -Duser.country=TR -Duser.language=tr -Duser.variant 
java_command: org.gradle.launcher.daemon.bootstrap.GradleDaemon 7.5
java_class_path (initial): C:\Users\zeoon\.gradle\wrapper\dists\gradle-7.5-all\6qsw290k5lz422uaf8jf6m7co\gradle-7.5\lib\gradle-launcher-7.5.jar
Launcher Type: SUN_STANDARD

[Global flags]
     intx CICompilerCount                          = 4                                         {product} {ergonomic}
     uint ConcGCThreads                            = 2                                         {product} {ergonomic}
     uint G1ConcRefinementThreads                  = 8                                         {product} {ergonomic}
   size_t G1HeapRegionSize                         = 2097152                                   {product} {ergonomic}
    uintx GCDrainStackTargetSize                   = 64                                        {product} {ergonomic}
   size_t InitialHeapSize                          = 132120576                                 {product} {ergonomic}
   size_t MarkStackSize                            = 4194304                                   {product} {ergonomic}
   size_t MaxHeapSize                              = 4294967296                                {product} {command line}
   size_t MaxNewSize                               = 2575302656                                {product} {ergonomic}
   size_t MinHeapDeltaBytes                        = 2097152                                   {product} {ergonomic}
   size_t MinHeapSize                              = 8388608                                   {product} {ergonomic}
    uintx NonNMethodCodeHeapSize                   = 5839372                                {pd product} {ergonomic}
    uintx NonProfiledCodeHeapSize                  = 122909434                              {pd product} {ergonomic}
    uintx ProfiledCodeHeapSize                     = 122909434                              {pd product} {ergonomic}
    uintx ReservedCodeCacheSize                    = 251658240                              {pd product} {ergonomic}
     bool SegmentedCodeCache                       = true                                      {product} {ergonomic}
   size_t SoftMaxHeapSize                          = 4294967296                             {manageable} {ergonomic}
     bool UseCompressedClassPointers               = true                           {product lp64_product} {ergonomic}
     bool UseCompressedOops                        = true                           {product lp64_product} {ergonomic}
     bool UseG1GC                                  = true                                      {product} {ergonomic}
     bool UseLargePagesIndividualAllocation        = false                                  {pd product} {ergonomic}

Logging:
Log output configuration:
 #0: stdout all=warning uptime,level,tags
 #1: stderr all=off uptime,level,tags

Environment Variables:
JAVA_HOME=C:\Program Files\Android\Android Studio\jbr
CLASSPATH=C:\Users\zeoon\OneDrive\Belgeler\GitHub\McQueenCargo\android\\gradle\wrapper\gradle-wrapper.jar
PATH=C:\Program Files\Android\Android Studio\jbr\bin;C:\Python312\Scripts\;C:\Python312\;D:\src\flutter\bin;C:\Program Files\dotnet\;C:\ProgramData\chocolatey\bin;D:\MATRIKS;D:\MATRIKS\System32\;D:\Git\cmd;C:\Windows\System32;C:\Users\zeoon\AppData\Local\Android\Sdk\platform-tools;D:\src\flutter\bin;C:\Users\zeoon\.dotnet\tools;C:\Users\zeoon\AppData\Local\Programs\Microsoft VS Code\bin;C:\Users\zeoon\AppData\Local\GitHubDesktop\bin;D:\src\flutter\bin\mingit\cmd;D:\src\flutter\bin\mingit\cmd
USERNAME=zeoon
OS=Windows_NT
PROCESSOR_IDENTIFIER=Intel64 Family 6 Model 140 Stepping 1, GenuineIntel
TMP=C:\Users\zeoon\AppData\Local\Temp
TEMP=C:\Users\zeoon\AppData\Local\Temp


JNI global refs:
JNI global refs: 28, weak refs: 2

JNI global refs memory usage: 843, weak refs: 841


---------------  S Y S T E M  ---------------

OS:
 Windows 10 , 64 bit Build 19041 (10.0.19041.3636)
OS uptime: 0 days 0:47 hours

CPU: total 8 (initial active 8) (4 cores per cpu, 2 threads per core) family 6 model 140 stepping 1 microcode 0x8a, cx8, cmov, fxsr, ht, mmx, 3dnowpref, sse, sse2, sse3, ssse3, sse4.1, sse4.2, popcnt, lzcnt, tsc, tscinvbit, avx, avx2, aes, erms, clmul, bmi1, bmi2, adx, avx512f, avx512dq, avx512cd, avx512bw, avx512vl, sha, fma, vzeroupper, avx512_vpopcntdq, avx512_vpclmulqdq, avx512_vaes, avx512_vnni, clflush, clflushopt, clwb, avx512_vbmi2, avx512_vbmi

Memory: 4k page, system-wide physical 7991M (550M free)
TotalPageFile size 15349M (AvailPageFile size 163M)
current process WorkingSet (physical memory assigned to process): 651M, peak: 651M
current process commit charge ("private bytes"): 689M, peak: 973M

vm_info: OpenJDK 64-Bit Server VM (17.0.6+0-b2043.56-10027231) for windows-amd64 JRE (17.0.6+0-b2043.56-10027231), built on Apr 28 2023 00:43:19 by "androidbuild" with MS VC++ 16.10 / 16.11 (VS2019)

END.
