#
# There is insufficient memory for the Java Runtime Environment to continue.
# Native memory allocation (mmap) failed to map 253755392 bytes for G1 virtual space
# Possible reasons:
#   The system is out of physical RAM or swap space
#   The process is running with CompressedOops enabled, and the Java Heap may be blocking the growth of the native heap
# Possible solutions:
#   Reduce memory load on the system
#   Increase physical memory or swap space
#   Check if swap backing store is full
#   Decrease Java heap size (-Xmx/-Xms)
#   Decrease number of Java threads
#   Decrease Java thread stack sizes (-Xss)
#   Set larger code cache with -XX:ReservedCodeCacheSize=
#   JVM is running with Zero Based Compressed Oops mode in which the Java heap is
#     placed in the first 32GB address space. The Java Heap base address is the
#     maximum limit for the native heap growth. Please use -XX:HeapBaseMinAddress
#     to set the Java Heap base and to place the Java Heap above 32GB virtual address.
# This output file may be truncated or incomplete.
#
#  Out of Memory Error (os_windows.cpp:3769), pid=16912, tid=2744
#
# JRE version: OpenJDK Runtime Environment (17.0.6) (build 17.0.6+0-b2043.56-10027231)
# Java VM: OpenJDK 64-Bit Server VM (17.0.6+0-b2043.56-10027231, mixed mode, tiered, compressed oops, compressed class ptrs, g1 gc, windows-amd64)
# No core dump will be written. Minidumps are not enabled by default on client versions of Windows
#

---------------  S U M M A R Y ------------

Command Line: --add-opens=java.base/java.util=ALL-UNNAMED --add-opens=java.base/java.lang=ALL-UNNAMED --add-opens=java.base/java.lang.invoke=ALL-UNNAMED --add-opens=java.base/java.util=ALL-UNNAMED --add-opens=java.prefs/java.util.prefs=ALL-UNNAMED --add-opens=java.prefs/java.util.prefs=ALL-UNNAMED --add-opens=java.base/java.nio.charset=ALL-UNNAMED --add-opens=java.base/java.net=ALL-UNNAMED --add-opens=java.base/java.util.concurrent.atomic=ALL-UNNAMED -Xmx4G -Dfile.encoding=windows-1254 -Duser.country=TR -Duser.language=tr -Duser.variant org.gradle.launcher.daemon.bootstrap.GradleDaemon 7.5

Host: 11th Gen Intel(R) Core(TM) i5-1135G7 @ 2.40GHz, 8 cores, 7G,  Windows 10 , 64 bit Build 19041 (10.0.19041.3636)
Time: Sat Jun 15 21:54:11 2024 Türkiye Standart Saati elapsed time: 28.896017 seconds (0d 0h 0m 28s)

---------------  T H R E A D  ---------------

Current thread (0x00000208693fe630):  VMThread "VM Thread" [stack: 0x000000b17bc00000,0x000000b17bd00000] [id=2744]

Stack: [0x000000b17bc00000,0x000000b17bd00000]
Native frames: (J=compiled Java code, j=interpreted, Vv=VM code, C=native code)
V  [jvm.dll+0x683c9a]
V  [jvm.dll+0x8427a4]
V  [jvm.dll+0x843f9e]
V  [jvm.dll+0x844603]
V  [jvm.dll+0x249b75]
V  [jvm.dll+0x680b69]
V  [jvm.dll+0x67505a]
V  [jvm.dll+0x309acb]
V  [jvm.dll+0x310f86]
V  [jvm.dll+0x3608ee]
V  [jvm.dll+0x360b1f]
V  [jvm.dll+0x2dfbf8]
V  [jvm.dll+0x2ddec4]
V  [jvm.dll+0x2dd4cc]
V  [jvm.dll+0x321f3b]
V  [jvm.dll+0x848ccb]
V  [jvm.dll+0x849a04]
V  [jvm.dll+0x849f1d]
V  [jvm.dll+0x84a2f4]
V  [jvm.dll+0x84a3c0]
V  [jvm.dll+0x7f274a]
V  [jvm.dll+0x682ad5]
C  [ucrtbase.dll+0x21bb2]
C  [KERNEL32.DLL+0x17344]
C  [ntdll.dll+0x4cc91]

VM_Operation (0x000000b1054fb1e0): G1CollectForAllocation, mode: safepoint, requested by thread 0x0000020877066570


---------------  P R O C E S S  ---------------

Threads class SMR info:
_java_thread_list=0x0000020874db9f70, length=155, elements={
0x00000208488ae7c0, 0x00000208693e7880, 0x00000208693e8340, 0x0000020869c35410,
0x0000020869c5d2c0, 0x0000020869c35ee0, 0x0000020869c36fc0, 0x0000020869c55250,
0x0000020869c64460, 0x0000020869c6eda0, 0x0000020869dfa340, 0x0000020869dfd4a0,
0x000002086cc2e460, 0x000002086cde8d50, 0x000002086c629480, 0x000002086c8fd480,
0x000002086cc09560, 0x000002086c7be070, 0x000002086b7f66f0, 0x000002086cfdca80,
0x000002086cfda400, 0x000002086cfdd8f0, 0x000002086cfdc0e0, 0x000002086cfd9f30,
0x000002086cfdb270, 0x000002086cfdd420, 0x000002086cfda8d0, 0x000002086cfdc5b0,
0x000002086cfdada0, 0x000002086cfdb740, 0x000002086cfdcf50, 0x000002086cfdbc10,
0x000002086e456700, 0x000002086e4588b0, 0x000002086e456bd0, 0x000002086e4553c0,
0x000002086e455d60, 0x000002086e456230, 0x000002086e4570a0, 0x000002086dd72640,
0x000002086dd73e50, 0x000002086dd6ffc0, 0x000002086dd747f0, 0x000002086dd72fe0,
0x000002086dd6f620, 0x000002086dd72170, 0x000002086dd76000, 0x000002086dd74cc0,
0x000002086dd71ca0, 0x000002086dd70960, 0x000002086dd6faf0, 0x000002086dd6e7b0,
0x000002086dd734b0, 0x000002086dd6f150, 0x000002086dd717d0, 0x000002086dd71300,
0x000002086dd73980, 0x000002086dd74320, 0x000002086dd75190, 0x000002086dd70490,
0x000002086dd70e30, 0x000002086dac28b0, 0x000002086dac1570, 0x000002086dac5400,
0x000002086dac2d80, 0x000002086dabe550, 0x000002086dac1a40, 0x000002086dac10a0,
0x000002086dac0700, 0x000002086dac58d0, 0x000002086dac1f10, 0x000002086dac3250,
0x000002086dac23e0, 0x000002086dac0bd0, 0x000002086dac3720, 0x000002086dac3bf0,
0x000002086dac40c0, 0x000002086dac4590, 0x000002086dac4a60, 0x000002086dac4f30,
0x000002086dabe080, 0x000002086dabea20, 0x000002086dabeef0, 0x000002086dabf890,
0x000002086dabf3c0, 0x000002086dabfd60, 0x000002086dac0230, 0x00000208708285f0,
0x0000020870828ac0, 0x0000020870829460, 0x0000020870828f90, 0x0000020870826de0,
0x0000020870829930, 0x0000020870829e00, 0x00000208708272b0, 0x000002087082a2d0,
0x0000020870826910, 0x0000020870827c50, 0x0000020870827780, 0x0000020870828120,
0x0000020870618f50, 0x000002087061a760, 0x00000208706168d0, 0x000002087061ac30,
0x0000020870615a60, 0x00000208706185b0, 0x0000020870616da0, 0x000002087061b5d0,
0x0000020870617270, 0x0000020870617740, 0x0000020870617c10, 0x0000020870614720,
0x0000020870614bf0, 0x00000208706180e0, 0x0000020870615590, 0x0000020870619dc0,
0x0000020870619420, 0x0000020870618a80, 0x0000020870615f30, 0x00000208706198f0,
0x000002087061a290, 0x000002087061b100, 0x00000208706150c0, 0x000002087061baa0,
0x0000020870614250, 0x0000020870616400, 0x0000020870f58e90, 0x0000020870f55000,
0x0000020870f54b30, 0x0000020870f59d00, 0x0000020870f537f0, 0x0000020870f554d0,
0x0000020870f559a0, 0x0000020870f56340, 0x0000020870f53cc0, 0x000002087444b670,
0x0000020870f584f0, 0x0000020877066a40, 0x00000208770613a0, 0x0000020877064890,
0x0000020877066570, 0x0000020877063ef0, 0x0000020877063a20, 0x0000020877066f10,
0x0000020877060a00, 0x0000020877060ed0, 0x00000208770643c0, 0x00000208770626e0,
0x0000020877065230, 0x0000020877062bb0, 0x0000020877061870, 0x0000020877065bd0,
0x00000208770660a0, 0x0000020870f59360, 0x00000208709fc7b0
}

Java Threads: ( => current thread )
  0x00000208488ae7c0 JavaThread "main" [_thread_blocked, id=1824, stack(0x000000b17b600000,0x000000b17b700000)]
  0x00000208693e7880 JavaThread "Reference Handler" daemon [_thread_blocked, id=10840, stack(0x000000b17bd00000,0x000000b17be00000)]
  0x00000208693e8340 JavaThread "Finalizer" daemon [_thread_blocked, id=3760, stack(0x000000b17be00000,0x000000b17bf00000)]
  0x0000020869c35410 JavaThread "Signal Dispatcher" daemon [_thread_blocked, id=15956, stack(0x000000b17bf00000,0x000000b17c000000)]
  0x0000020869c5d2c0 JavaThread "Attach Listener" daemon [_thread_blocked, id=12384, stack(0x000000b17c000000,0x000000b17c100000)]
  0x0000020869c35ee0 JavaThread "Service Thread" daemon [_thread_blocked, id=8568, stack(0x000000b17c100000,0x000000b17c200000)]
  0x0000020869c36fc0 JavaThread "Monitor Deflation Thread" daemon [_thread_blocked, id=12800, stack(0x000000b17c200000,0x000000b17c300000)]
  0x0000020869c55250 JavaThread "C2 CompilerThread0" daemon [_thread_blocked, id=17304, stack(0x000000b17c300000,0x000000b17c400000)]
  0x0000020869c64460 JavaThread "C1 CompilerThread0" daemon [_thread_blocked, id=2504, stack(0x000000b17c400000,0x000000b17c500000)]
  0x0000020869c6eda0 JavaThread "Sweeper thread" daemon [_thread_blocked, id=8768, stack(0x000000b17c500000,0x000000b17c600000)]
  0x0000020869dfa340 JavaThread "Common-Cleaner" daemon [_thread_blocked, id=11660, stack(0x000000b17c600000,0x000000b17c700000)]
  0x0000020869dfd4a0 JavaThread "Notification Thread" daemon [_thread_blocked, id=1476, stack(0x000000b17c700000,0x000000b17c800000)]
  0x000002086cc2e460 JavaThread "Daemon health stats" [_thread_blocked, id=18600, stack(0x000000b17ce00000,0x000000b17cf00000)]
  0x000002086cde8d50 JavaThread "Incoming local TCP Connector on port 22885" [_thread_in_native, id=20640, stack(0x000000b17cf00000,0x000000b17d000000)]
  0x000002086c629480 JavaThread "Daemon periodic checks" [_thread_blocked, id=5500, stack(0x000000b17d000000,0x000000b17d100000)]
  0x000002086c8fd480 JavaThread "Daemon" [_thread_blocked, id=19136, stack(0x000000b17d100000,0x000000b17d200000)]
  0x000002086cc09560 JavaThread "Handler for socket connection from /127.0.0.1:22885 to /127.0.0.1:22886" [_thread_in_native, id=7328, stack(0x000000b17d200000,0x000000b17d300000)]
  0x000002086c7be070 JavaThread "Cancel handler" [_thread_blocked, id=15576, stack(0x000000b17d300000,0x000000b17d400000)]
  0x000002086b7f66f0 JavaThread "Daemon worker" [_thread_blocked, id=3036, stack(0x000000b17d400000,0x000000b17d500000)]
  0x000002086cfdca80 JavaThread "Asynchronous log dispatcher for DefaultDaemonConnection: socket connection from /127.0.0.1:22885 to /127.0.0.1:22886" [_thread_blocked, id=9464, stack(0x000000b17d500000,0x000000b17d600000)]
  0x000002086cfda400 JavaThread "Stdin handler" [_thread_blocked, id=16140, stack(0x000000b17d600000,0x000000b17d700000)]
  0x000002086cfdd8f0 JavaThread "Daemon client event forwarder" [_thread_blocked, id=19664, stack(0x000000b17d700000,0x000000b17d800000)]
  0x000002086cfdc0e0 JavaThread "Cache worker for journal cache (C:\Users\zeoon\.gradle\caches\journal-1)" [_thread_blocked, id=904, stack(0x000000b17d800000,0x000000b17d900000)]
  0x000002086cfd9f30 JavaThread "File lock request listener" [_thread_in_native, id=17600, stack(0x000000b17d900000,0x000000b17da00000)]
  0x000002086cfdb270 JavaThread "Cache worker for file hash cache (C:\Users\zeoon\.gradle\caches\7.5\fileHashes)" [_thread_blocked, id=13780, stack(0x000000b17dd00000,0x000000b17de00000)]
  0x000002086cfdd420 JavaThread "File watcher server" daemon [_thread_in_native, id=20036, stack(0x000000b17e000000,0x000000b17e100000)]
  0x000002086cfda8d0 JavaThread "File watcher consumer" daemon [_thread_blocked, id=20748, stack(0x000000b17e100000,0x000000b17e200000)]
  0x000002086cfdc5b0 JavaThread "Cache worker for checksums cache (C:\Users\zeoon\OneDrive\Belgeler\GitHub\McQueenCargo\android\.gradle\7.5\checksums)" [_thread_blocked, id=5344, stack(0x000000b17e200000,0x000000b17e300000)]
  0x000002086cfdada0 JavaThread "Cache worker for cache directory md-rule (C:\Users\zeoon\.gradle\caches\7.5\md-rule)" [_thread_blocked, id=4192, stack(0x000000b17e300000,0x000000b17e400000)]
  0x000002086cfdb740 JavaThread "Cache worker for file content cache (C:\Users\zeoon\.gradle\caches\7.5\fileContent)" [_thread_blocked, id=3128, stack(0x000000b17e400000,0x000000b17e500000)]
  0x000002086cfdcf50 JavaThread "Cache worker for file hash cache (C:\Users\zeoon\OneDrive\Belgeler\GitHub\McQueenCargo\android\.gradle\7.5\fileHashes)" [_thread_blocked, id=9260, stack(0x000000b17e500000,0x000000b17e600000)]
  0x000002086cfdbc10 JavaThread "Cache worker for cache directory md-supplier (C:\Users\zeoon\.gradle\caches\7.5\md-supplier)" [_thread_blocked, id=6364, stack(0x000000b17e600000,0x000000b17e700000)]
  0x000002086e456700 JavaThread "Cache worker for execution history cache (C:\Users\zeoon\.gradle\caches\7.5\executionHistory)" [_thread_blocked, id=17928, stack(0x000000b17e700000,0x000000b17e800000)]
  0x000002086e4588b0 JavaThread "jar transforms" [_thread_blocked, id=14972, stack(0x000000b17e800000,0x000000b17e900000)]
  0x000002086e456bd0 JavaThread "Cache worker for kotlin-dsl (C:\Users\zeoon\.gradle\caches\7.5\kotlin-dsl)" [_thread_blocked, id=17676, stack(0x000000b17e900000,0x000000b17ea00000)]
  0x000002086e4553c0 JavaThread "jar transforms Thread 2" [_thread_blocked, id=12508, stack(0x000000b17ea00000,0x000000b17eb00000)]
  0x000002086e455d60 JavaThread "Cache worker for dependencies-accessors (C:\Users\zeoon\OneDrive\Belgeler\GitHub\McQueenCargo\android\.gradle\7.5\dependencies-accessors)" [_thread_blocked, id=18552, stack(0x000000b17eb00000,0x000000b17ec00000)]
  0x000002086e456230 JavaThread "Cache worker for Build Output Cleanup Cache (D:\src\flutter\packages\flutter_tools\gradle\.gradle\buildOutputCleanup)" [_thread_blocked, id=20744, stack(0x000000b17ec00000,0x000000b17ed00000)]
  0x000002086e4570a0 JavaThread "jar transforms Thread 3" [_thread_blocked, id=2124, stack(0x000000b17ed00000,0x000000b17ee00000)]
  0x000002086dd72640 JavaThread "Memory manager" [_thread_blocked, id=14988, stack(0x000000b17ee00000,0x000000b17ef00000)]
  0x000002086dd73e50 JavaThread "jar transforms Thread 4" [_thread_blocked, id=1068, stack(0x000000b17ef00000,0x000000b17f000000)]
  0x000002086dd6ffc0 JavaThread "included builds" [_thread_blocked, id=2328, stack(0x000000b17f000000,0x000000b17f100000)]
  0x000002086dd747f0 JavaThread "Execution worker" [_thread_blocked, id=2280, stack(0x000000b17f100000,0x000000b17f200000)]
  0x000002086dd72fe0 JavaThread "Execution worker Thread 2" [_thread_blocked, id=11608, stack(0x000000b17f200000,0x000000b17f300000)]
  0x000002086dd6f620 JavaThread "Execution worker Thread 3" [_thread_blocked, id=6060, stack(0x000000b17f300000,0x000000b17f400000)]
  0x000002086dd72170 JavaThread "Execution worker Thread 4" [_thread_blocked, id=11396, stack(0x000000b17f400000,0x000000b17f500000)]
  0x000002086dd76000 JavaThread "Execution worker Thread 5" [_thread_blocked, id=1744, stack(0x000000b17f500000,0x000000b17f600000)]
  0x000002086dd74cc0 JavaThread "Execution worker Thread 6" [_thread_blocked, id=5484, stack(0x000000b17f600000,0x000000b17f700000)]
  0x000002086dd71ca0 JavaThread "Execution worker Thread 7" [_thread_blocked, id=20576, stack(0x000000b17f700000,0x000000b17f800000)]
  0x000002086dd70960 JavaThread "Cache worker for execution history cache (D:\src\flutter\packages\flutter_tools\gradle\.gradle\7.5\executionHistory)" [_thread_blocked, id=2456, stack(0x000000b17f800000,0x000000b17f900000)]
  0x000002086dd6faf0 JavaThread "Unconstrained build operations" [_thread_blocked, id=18556, stack(0x000000b17f900000,0x000000b17fa00000)]
  0x000002086dd6e7b0 JavaThread "Unconstrained build operations Thread 2" [_thread_blocked, id=16544, stack(0x000000b17fa00000,0x000000b17fb00000)]
  0x000002086dd734b0 JavaThread "Unconstrained build operations Thread 3" [_thread_blocked, id=10720, stack(0x000000b17fb00000,0x000000b17fc00000)]
  0x000002086dd6f150 JavaThread "Unconstrained build operations Thread 4" [_thread_blocked, id=18616, stack(0x000000b17fc00000,0x000000b17fd00000)]
  0x000002086dd717d0 JavaThread "Unconstrained build operations Thread 5" [_thread_blocked, id=1348, stack(0x000000b17fd00000,0x000000b17fe00000)]
  0x000002086dd71300 JavaThread "Unconstrained build operations Thread 6" [_thread_blocked, id=21072, stack(0x000000b17fe00000,0x000000b17ff00000)]
  0x000002086dd73980 JavaThread "Unconstrained build operations Thread 7" [_thread_blocked, id=20316, stack(0x000000b17ff00000,0x000000b180000000)]
  0x000002086dd74320 JavaThread "Unconstrained build operations Thread 8" [_thread_blocked, id=7028, stack(0x000000b100000000,0x000000b100100000)]
  0x000002086dd75190 JavaThread "Unconstrained build operations Thread 9" [_thread_blocked, id=8008, stack(0x000000b100100000,0x000000b100200000)]
  0x000002086dd70490 JavaThread "Unconstrained build operations Thread 10" [_thread_blocked, id=5684, stack(0x000000b100200000,0x000000b100300000)]
  0x000002086dd70e30 JavaThread "Unconstrained build operations Thread 11" [_thread_blocked, id=8932, stack(0x000000b100400000,0x000000b100500000)]
  0x000002086dac28b0 JavaThread "Unconstrained build operations Thread 12" [_thread_blocked, id=4236, stack(0x000000b100500000,0x000000b100600000)]
  0x000002086dac1570 JavaThread "Unconstrained build operations Thread 13" [_thread_blocked, id=20484, stack(0x000000b100600000,0x000000b100700000)]
  0x000002086dac5400 JavaThread "Unconstrained build operations Thread 14" [_thread_blocked, id=18580, stack(0x000000b100700000,0x000000b100800000)]
  0x000002086dac2d80 JavaThread "Unconstrained build operations Thread 15" [_thread_blocked, id=17100, stack(0x000000b100800000,0x000000b100900000)]
  0x000002086dabe550 JavaThread "Unconstrained build operations Thread 16" [_thread_blocked, id=10024, stack(0x000000b100900000,0x000000b100a00000)]
  0x000002086dac1a40 JavaThread "Unconstrained build operations Thread 17" [_thread_blocked, id=2040, stack(0x000000b100a00000,0x000000b100b00000)]
  0x000002086dac10a0 JavaThread "Unconstrained build operations Thread 18" [_thread_blocked, id=15548, stack(0x000000b100b00000,0x000000b100c00000)]
  0x000002086dac0700 JavaThread "Unconstrained build operations Thread 19" [_thread_blocked, id=18588, stack(0x000000b100c00000,0x000000b100d00000)]
  0x000002086dac58d0 JavaThread "Unconstrained build operations Thread 20" [_thread_blocked, id=8836, stack(0x000000b100d00000,0x000000b100e00000)]
  0x000002086dac1f10 JavaThread "Unconstrained build operations Thread 21" [_thread_blocked, id=4104, stack(0x000000b100e00000,0x000000b100f00000)]
  0x000002086dac3250 JavaThread "Unconstrained build operations Thread 22" [_thread_blocked, id=9592, stack(0x000000b100f00000,0x000000b101000000)]
  0x000002086dac23e0 JavaThread "Unconstrained build operations Thread 23" [_thread_blocked, id=10108, stack(0x000000b101000000,0x000000b101100000)]
  0x000002086dac0bd0 JavaThread "Unconstrained build operations Thread 24" [_thread_blocked, id=19624, stack(0x000000b101100000,0x000000b101200000)]
  0x000002086dac3720 JavaThread "Unconstrained build operations Thread 25" [_thread_blocked, id=20432, stack(0x000000b101200000,0x000000b101300000)]
  0x000002086dac3bf0 JavaThread "Unconstrained build operations Thread 26" [_thread_blocked, id=16628, stack(0x000000b101300000,0x000000b101400000)]
  0x000002086dac40c0 JavaThread "Unconstrained build operations Thread 27" [_thread_blocked, id=17488, stack(0x000000b101400000,0x000000b101500000)]
  0x000002086dac4590 JavaThread "Unconstrained build operations Thread 28" [_thread_blocked, id=12064, stack(0x000000b101500000,0x000000b101600000)]
  0x000002086dac4a60 JavaThread "Unconstrained build operations Thread 29" [_thread_blocked, id=8580, stack(0x000000b101600000,0x000000b101700000)]
  0x000002086dac4f30 JavaThread "Unconstrained build operations Thread 30" [_thread_blocked, id=556, stack(0x000000b101700000,0x000000b101800000)]
  0x000002086dabe080 JavaThread "Unconstrained build operations Thread 31" [_thread_blocked, id=16028, stack(0x000000b101800000,0x000000b101900000)]
  0x000002086dabea20 JavaThread "Unconstrained build operations Thread 32" [_thread_blocked, id=2144, stack(0x000000b101900000,0x000000b101a00000)]
  0x000002086dabeef0 JavaThread "Unconstrained build operations Thread 33" [_thread_blocked, id=19848, stack(0x000000b101a00000,0x000000b101b00000)]
  0x000002086dabf890 JavaThread "Unconstrained build operations Thread 34" [_thread_blocked, id=18736, stack(0x000000b101b00000,0x000000b101c00000)]
  0x000002086dabf3c0 JavaThread "Unconstrained build operations Thread 35" [_thread_blocked, id=16812, stack(0x000000b101c00000,0x000000b101d00000)]
  0x000002086dabfd60 JavaThread "Unconstrained build operations Thread 36" [_thread_blocked, id=10252, stack(0x000000b101d00000,0x000000b101e00000)]
  0x000002086dac0230 JavaThread "Unconstrained build operations Thread 37" [_thread_blocked, id=17472, stack(0x000000b101e00000,0x000000b101f00000)]
  0x00000208708285f0 JavaThread "Unconstrained build operations Thread 38" [_thread_blocked, id=21168, stack(0x000000b101f00000,0x000000b102000000)]
  0x0000020870828ac0 JavaThread "Unconstrained build operations Thread 39" [_thread_blocked, id=1144, stack(0x000000b102000000,0x000000b102100000)]
  0x0000020870829460 JavaThread "Unconstrained build operations Thread 40" [_thread_blocked, id=5668, stack(0x000000b102100000,0x000000b102200000)]
  0x0000020870828f90 JavaThread "Unconstrained build operations Thread 41" [_thread_blocked, id=10892, stack(0x000000b102200000,0x000000b102300000)]
  0x0000020870826de0 JavaThread "Unconstrained build operations Thread 42" [_thread_blocked, id=20200, stack(0x000000b102300000,0x000000b102400000)]
  0x0000020870829930 JavaThread "Unconstrained build operations Thread 43" [_thread_blocked, id=7736, stack(0x000000b102400000,0x000000b102500000)]
  0x0000020870829e00 JavaThread "Unconstrained build operations Thread 44" [_thread_blocked, id=18576, stack(0x000000b102500000,0x000000b102600000)]
  0x00000208708272b0 JavaThread "Unconstrained build operations Thread 45" [_thread_blocked, id=8780, stack(0x000000b102600000,0x000000b102700000)]
  0x000002087082a2d0 JavaThread "Unconstrained build operations Thread 46" [_thread_blocked, id=20532, stack(0x000000b102700000,0x000000b102800000)]
  0x0000020870826910 JavaThread "Unconstrained build operations Thread 47" [_thread_blocked, id=14112, stack(0x000000b102800000,0x000000b102900000)]
  0x0000020870827c50 JavaThread "Unconstrained build operations Thread 48" [_thread_blocked, id=15512, stack(0x000000b102900000,0x000000b102a00000)]
  0x0000020870827780 JavaThread "Unconstrained build operations Thread 49" [_thread_blocked, id=16060, stack(0x000000b102a00000,0x000000b102b00000)]
  0x0000020870828120 JavaThread "Unconstrained build operations Thread 50" [_thread_blocked, id=6792, stack(0x000000b102b00000,0x000000b102c00000)]
  0x0000020870618f50 JavaThread "Unconstrained build operations Thread 51" [_thread_blocked, id=4748, stack(0x000000b102c00000,0x000000b102d00000)]
  0x000002087061a760 JavaThread "Unconstrained build operations Thread 52" [_thread_blocked, id=18468, stack(0x000000b102d00000,0x000000b102e00000)]
  0x00000208706168d0 JavaThread "Unconstrained build operations Thread 53" [_thread_blocked, id=14948, stack(0x000000b102e00000,0x000000b102f00000)]
  0x000002087061ac30 JavaThread "Unconstrained build operations Thread 54" [_thread_blocked, id=10288, stack(0x000000b102f00000,0x000000b103000000)]
  0x0000020870615a60 JavaThread "Unconstrained build operations Thread 55" [_thread_blocked, id=2600, stack(0x000000b103000000,0x000000b103100000)]
  0x00000208706185b0 JavaThread "Unconstrained build operations Thread 56" [_thread_blocked, id=3720, stack(0x000000b103100000,0x000000b103200000)]
  0x0000020870616da0 JavaThread "Unconstrained build operations Thread 57" [_thread_blocked, id=3860, stack(0x000000b103200000,0x000000b103300000)]
  0x000002087061b5d0 JavaThread "Unconstrained build operations Thread 58" [_thread_blocked, id=4580, stack(0x000000b103300000,0x000000b103400000)]
  0x0000020870617270 JavaThread "Unconstrained build operations Thread 59" [_thread_blocked, id=20628, stack(0x000000b103400000,0x000000b103500000)]
  0x0000020870617740 JavaThread "Unconstrained build operations Thread 60" [_thread_blocked, id=20520, stack(0x000000b103500000,0x000000b103600000)]
  0x0000020870617c10 JavaThread "Unconstrained build operations Thread 61" [_thread_blocked, id=18192, stack(0x000000b103600000,0x000000b103700000)]
  0x0000020870614720 JavaThread "Unconstrained build operations Thread 62" [_thread_blocked, id=19524, stack(0x000000b103700000,0x000000b103800000)]
  0x0000020870614bf0 JavaThread "Unconstrained build operations Thread 63" [_thread_blocked, id=20044, stack(0x000000b103800000,0x000000b103900000)]
  0x00000208706180e0 JavaThread "Unconstrained build operations Thread 64" [_thread_blocked, id=20292, stack(0x000000b103900000,0x000000b103a00000)]
  0x0000020870615590 JavaThread "Unconstrained build operations Thread 65" [_thread_blocked, id=9252, stack(0x000000b103a00000,0x000000b103b00000)]
  0x0000020870619dc0 JavaThread "Unconstrained build operations Thread 66" [_thread_blocked, id=9512, stack(0x000000b103b00000,0x000000b103c00000)]
  0x0000020870619420 JavaThread "Unconstrained build operations Thread 67" [_thread_blocked, id=2416, stack(0x000000b103c00000,0x000000b103d00000)]
  0x0000020870618a80 JavaThread "Unconstrained build operations Thread 68" [_thread_blocked, id=17596, stack(0x000000b103d00000,0x000000b103e00000)]
  0x0000020870615f30 JavaThread "Unconstrained build operations Thread 69" [_thread_blocked, id=17032, stack(0x000000b103e00000,0x000000b103f00000)]
  0x00000208706198f0 JavaThread "Unconstrained build operations Thread 70" [_thread_blocked, id=21236, stack(0x000000b103f00000,0x000000b104000000)]
  0x000002087061a290 JavaThread "Unconstrained build operations Thread 71" [_thread_blocked, id=20396, stack(0x000000b104000000,0x000000b104100000)]
  0x000002087061b100 JavaThread "Unconstrained build operations Thread 72" [_thread_blocked, id=19248, stack(0x000000b104100000,0x000000b104200000)]
  0x00000208706150c0 JavaThread "Unconstrained build operations Thread 73" [_thread_blocked, id=15968, stack(0x000000b104200000,0x000000b104300000)]
  0x000002087061baa0 JavaThread "Unconstrained build operations Thread 74" [_thread_blocked, id=5676, stack(0x000000b104300000,0x000000b104400000)]
  0x0000020870614250 JavaThread "Unconstrained build operations Thread 75" [_thread_blocked, id=15100, stack(0x000000b104400000,0x000000b104500000)]
  0x0000020870616400 JavaThread "Unconstrained build operations Thread 76" [_thread_blocked, id=4936, stack(0x000000b104500000,0x000000b104600000)]
  0x0000020870f58e90 JavaThread "Unconstrained build operations Thread 77" [_thread_blocked, id=19552, stack(0x000000b104600000,0x000000b104700000)]
  0x0000020870f55000 JavaThread "Unconstrained build operations Thread 78" [_thread_blocked, id=15240, stack(0x000000b104700000,0x000000b104800000)]
  0x0000020870f54b30 JavaThread "Unconstrained build operations Thread 79" [_thread_blocked, id=17624, stack(0x000000b104800000,0x000000b104900000)]
  0x0000020870f59d00 JavaThread "Unconstrained build operations Thread 80" [_thread_blocked, id=3468, stack(0x000000b104900000,0x000000b104a00000)]
  0x0000020870f537f0 JavaThread "jar transforms Thread 5" [_thread_blocked, id=4728, stack(0x000000b104a00000,0x000000b104b00000)]
  0x0000020870f554d0 JavaThread "jar transforms Thread 6" [_thread_blocked, id=20244, stack(0x000000b104b00000,0x000000b104c00000)]
  0x0000020870f559a0 JavaThread "jar transforms Thread 7" [_thread_blocked, id=1872, stack(0x000000b104c00000,0x000000b104d00000)]
  0x0000020870f56340 JavaThread "jar transforms Thread 8" [_thread_blocked, id=11496, stack(0x000000b104d00000,0x000000b104e00000)]
  0x0000020870f53cc0 JavaThread "Cache worker for Build Output Cleanup Cache (C:\Users\zeoon\OneDrive\Belgeler\GitHub\McQueenCargo\android\.gradle\buildOutputCleanup)" [_thread_blocked, id=18892, stack(0x000000b104e00000,0x000000b104f00000)]
  0x000002087444b670 JavaThread "C2 CompilerThread1" daemon [_thread_blocked, id=14996, stack(0x000000b104f00000,0x000000b105000000)]
  0x0000020870f584f0 JavaThread "Cache worker for execution history cache (C:\Users\zeoon\OneDrive\Belgeler\GitHub\McQueenCargo\android\.gradle\7.5\executionHistory)" [_thread_blocked, id=10256, stack(0x000000b105000000,0x000000b105100000)]
  0x0000020877066a40 JavaThread "WorkerExecutor Queue" [_thread_blocked, id=2732, stack(0x000000b105100000,0x000000b105200000)]
  0x00000208770613a0 JavaThread "WorkerExecutor Queue Thread 2" [_thread_blocked, id=18220, stack(0x000000b105200000,0x000000b105300000)]
  0x0000020877064890 JavaThread "WorkerExecutor Queue Thread 3" [_thread_blocked, id=1608, stack(0x000000b105300000,0x000000b105400000)]
  0x0000020877066570 JavaThread "WorkerExecutor Queue Thread 4" [_thread_blocked, id=3544, stack(0x000000b105400000,0x000000b105500000)]
  0x0000020877063ef0 JavaThread "WorkerExecutor Queue Thread 5" [_thread_blocked, id=8680, stack(0x000000b105500000,0x000000b105600000)]
  0x0000020877063a20 JavaThread "WorkerExecutor Queue Thread 6" [_thread_blocked, id=20172, stack(0x000000b105600000,0x000000b105700000)]
  0x0000020877066f10 JavaThread "WorkerExecutor Queue Thread 7" [_thread_blocked, id=10068, stack(0x000000b105700000,0x000000b105800000)]
  0x0000020877060a00 JavaThread "Cache worker for Java compile cache (C:\Users\zeoon\.gradle\caches\7.5\javaCompile)" [_thread_blocked, id=20324, stack(0x000000b105900000,0x000000b105a00000)]
  0x0000020877060ed0 JavaThread "Build operations" [_thread_blocked, id=16048, stack(0x000000b105a00000,0x000000b105b00000)]
  0x00000208770643c0 JavaThread "Build operations Thread 2" [_thread_blocked, id=6764, stack(0x000000b105b00000,0x000000b105c00000)]
  0x00000208770626e0 JavaThread "Build operations Thread 3" [_thread_blocked, id=9816, stack(0x000000b105c00000,0x000000b105d00000)]
  0x0000020877065230 JavaThread "Build operations Thread 4" [_thread_blocked, id=15656, stack(0x000000b105d00000,0x000000b105e00000)]
  0x0000020877062bb0 JavaThread "Build operations Thread 5" [_thread_blocked, id=16204, stack(0x000000b105e00000,0x000000b105f00000)]
  0x0000020877061870 JavaThread "Build operations Thread 6" [_thread_blocked, id=1312, stack(0x000000b105f00000,0x000000b106000000)]
  0x0000020877065bd0 JavaThread "Build operations Thread 7" [_thread_blocked, id=20652, stack(0x000000b106000000,0x000000b106100000)]
  0x00000208770660a0 JavaThread "Build operations Thread 8" [_thread_blocked, id=6900, stack(0x000000b106100000,0x000000b106200000)]
  0x0000020870f59360 JavaThread "WorkerExecutor Queue Thread 9" [_thread_blocked, id=14384, stack(0x000000b106200000,0x000000b106300000)]
  0x00000208709fc7b0 JavaThread "WorkerExecutor Queue Thread 10" [_thread_blocked, id=5728, stack(0x000000b105800000,0x000000b105900000)]

Other Threads:
=>0x00000208693fe630 VMThread "VM Thread" [stack: 0x000000b17bc00000,0x000000b17bd00000] [id=2744]
  0x0000020848a64b70 WatcherThread [stack: 0x000000b17c800000,0x000000b17c900000] [id=18716]
  0x0000020848a34d80 GCTaskThread "GC Thread#0" [stack: 0x000000b17b700000,0x000000b17b800000] [id=13716]
  0x000002086a9d2580 GCTaskThread "GC Thread#1" [stack: 0x000000b17ca00000,0x000000b17cb00000] [id=20948]
  0x000002086b0c7c00 GCTaskThread "GC Thread#2" [stack: 0x000000b17cb00000,0x000000b17cc00000] [id=21228]
  0x000002086a2ce490 GCTaskThread "GC Thread#3" [stack: 0x000000b17cc00000,0x000000b17cd00000] [id=6848]
  0x000002086aebcae0 GCTaskThread "GC Thread#4" [stack: 0x000000b17c900000,0x000000b17ca00000] [id=13984]
  0x000002086cb4d740 GCTaskThread "GC Thread#5" [stack: 0x000000b17cd00000,0x000000b17ce00000] [id=14976]
  0x000002086ca43840 GCTaskThread "GC Thread#6" [stack: 0x000000b17da00000,0x000000b17db00000] [id=4212]
  0x000002086ca43af0 GCTaskThread "GC Thread#7" [stack: 0x000000b17db00000,0x000000b17dc00000] [id=11052]
  0x0000020848a45bd0 ConcurrentGCThread "G1 Main Marker" [stack: 0x000000b17b800000,0x000000b17b900000] [id=21272]
  0x0000020848a464f0 ConcurrentGCThread "G1 Conc#0" [stack: 0x000000b17b900000,0x000000b17ba00000] [id=17980]
  0x000002086ce3e0f0 ConcurrentGCThread "G1 Conc#1" [stack: 0x000000b17dc00000,0x000000b17dd00000] [id=4724]
  0x0000020848a845d0 ConcurrentGCThread "G1 Refine#0" [stack: 0x000000b17ba00000,0x000000b17bb00000] [id=6544]
  0x000002086cd0a7d0 ConcurrentGCThread "G1 Refine#1" [stack: 0x000000b17df00000,0x000000b17e000000] [id=1436]
  0x0000020848a84f00 ConcurrentGCThread "G1 Service" [stack: 0x000000b17bb00000,0x000000b17bc00000] [id=4604]

Threads with active compile tasks:
C2 CompilerThread0    28928 21056       4       com.sun.tools.javac.code.Symbol$MethodSymbol::implementation (57 bytes)
C2 CompilerThread1    28928 21057       4       com.sun.tools.javac.code.Types::implementation (13 bytes)

VM state: at safepoint (normal execution)

VM Mutex/Monitor currently owned by a thread:  ([mutex/lock_event])
[0x00000208488ac430] Threads_lock - owner thread: 0x00000208693fe630
[0x00000208488abfb0] Heap_lock - owner thread: 0x0000020877066570

Heap address: 0x0000000700000000, size: 4096 MB, Compressed Oops mode: Zero based, Oop shift amount: 3

CDS archive(s) not mapped
Compressed class space mapped at: 0x0000000800000000-0x0000000840000000, reserved size: 1073741824
Narrow klass base: 0x0000000800000000, Narrow klass shift: 0, Narrow klass range: 0x40000000

GC Precious Log:
 CPUs: 8 total, 8 available
 Memory: 7991M
 Large Page Support: Disabled
 NUMA Support: Disabled
 Compressed Oops: Enabled (Zero based)
 Heap Region Size: 2M
 Heap Min Capacity: 8M
 Heap Initial Capacity: 126M
 Heap Max Capacity: 4G
 Pre-touch: Disabled
 Parallel Workers: 8
 Concurrent Workers: 2
 Concurrent Refinement Workers: 8
 Periodic GC: Disabled

Heap:
 garbage-first heap   total 327680K, used 217611K [0x0000000700000000, 0x0000000800000000)
  region size 2048K, 2 young (4096K), 2 survivors (4096K)
 Metaspace       used 131449K, committed 132736K, reserved 1171456K
  class space    used 17393K, committed 17984K, reserved 1048576K

Heap Regions: E=young(eden), S=young(survivor), O=old, HS=humongous(starts), HC=humongous(continues), CS=collection set, F=free, OA=open archive, CA=closed archive, TAMS=top-at-mark-start (previous, next)
|   0|0x0000000700000000, 0x0000000700200000, 0x0000000700200000|100%| O|  |TAMS 0x0000000700200000, 0x0000000700000000| Untracked 
|   1|0x0000000700200000, 0x0000000700400000, 0x0000000700400000|100%| O|  |TAMS 0x0000000700400000, 0x0000000700200000| Untracked 
|   2|0x0000000700400000, 0x0000000700600000, 0x0000000700600000|100%|HS|  |TAMS 0x0000000700600000, 0x0000000700400000| Complete 
|   3|0x0000000700600000, 0x0000000700800000, 0x0000000700800000|100%|HC|  |TAMS 0x0000000700800000, 0x0000000700600000| Complete 
|   4|0x0000000700800000, 0x0000000700a00000, 0x0000000700a00000|100%| O|  |TAMS 0x0000000700a00000, 0x0000000700800000| Untracked 
|   5|0x0000000700a00000, 0x0000000700c00000, 0x0000000700c00000|100%| O|  |TAMS 0x0000000700c00000, 0x0000000700a00000| Untracked 
|   6|0x0000000700c00000, 0x0000000700e00000, 0x0000000700e00000|100%| O|  |TAMS 0x0000000700e00000, 0x0000000700c00000| Untracked 
|   7|0x0000000700e00000, 0x0000000701000000, 0x0000000701000000|100%| O|  |TAMS 0x0000000701000000, 0x0000000700e00000| Untracked 
|   8|0x0000000701000000, 0x0000000701200000, 0x0000000701200000|100%| O|  |TAMS 0x0000000701200000, 0x0000000701000000| Untracked 
|   9|0x0000000701200000, 0x0000000701400000, 0x0000000701400000|100%| O|  |TAMS 0x0000000701400000, 0x0000000701200000| Untracked 
|  10|0x0000000701400000, 0x0000000701600000, 0x0000000701600000|100%| O|  |TAMS 0x0000000701600000, 0x0000000701400000| Untracked 
|  11|0x0000000701600000, 0x0000000701800000, 0x0000000701800000|100%| O|  |TAMS 0x0000000701800000, 0x0000000701600000| Untracked 
|  12|0x0000000701800000, 0x0000000701a00000, 0x0000000701a00000|100%| O|  |TAMS 0x0000000701a00000, 0x0000000701800000| Untracked 
|  13|0x0000000701a00000, 0x0000000701c00000, 0x0000000701c00000|100%| O|  |TAMS 0x0000000701c00000, 0x0000000701a00000| Untracked 
|  14|0x0000000701c00000, 0x0000000701e00000, 0x0000000701e00000|100%| O|  |TAMS 0x0000000701e00000, 0x0000000701c00000| Untracked 
|  15|0x0000000701e00000, 0x0000000702000000, 0x0000000702000000|100%| O|  |TAMS 0x0000000702000000, 0x0000000701e00000| Untracked 
|  16|0x0000000702000000, 0x0000000702200000, 0x0000000702200000|100%| O|  |TAMS 0x0000000702200000, 0x0000000702000000| Untracked 
|  17|0x0000000702200000, 0x0000000702400000, 0x0000000702400000|100%|HS|  |TAMS 0x0000000702400000, 0x0000000702200000| Complete 
|  18|0x0000000702400000, 0x0000000702600000, 0x0000000702600000|100%| O|  |TAMS 0x0000000702600000, 0x0000000702400000| Untracked 
|  19|0x0000000702600000, 0x0000000702800000, 0x0000000702800000|100%| O|  |TAMS 0x0000000702800000, 0x0000000702600000| Untracked 
|  20|0x0000000702800000, 0x0000000702a00000, 0x0000000702a00000|100%| O|  |TAMS 0x0000000702a00000, 0x0000000702800000| Untracked 
|  21|0x0000000702a00000, 0x0000000702c00000, 0x0000000702c00000|100%| O|  |TAMS 0x0000000702c00000, 0x0000000702a00000| Untracked 
|  22|0x0000000702c00000, 0x0000000702e00000, 0x0000000702e00000|100%|HS|  |TAMS 0x0000000702e00000, 0x0000000702c00000| Complete 
|  23|0x0000000702e00000, 0x0000000703000000, 0x0000000703000000|100%|HC|  |TAMS 0x0000000703000000, 0x0000000702e00000| Complete 
|  24|0x0000000703000000, 0x0000000703200000, 0x0000000703200000|100%| O|  |TAMS 0x0000000703200000, 0x0000000703000000| Untracked 
|  25|0x0000000703200000, 0x0000000703400000, 0x0000000703400000|100%| O|  |TAMS 0x0000000703400000, 0x0000000703200000| Untracked 
|  26|0x0000000703400000, 0x0000000703600000, 0x0000000703600000|100%| O|  |TAMS 0x0000000703600000, 0x0000000703400000| Untracked 
|  27|0x0000000703600000, 0x0000000703800000, 0x0000000703800000|100%| O|  |TAMS 0x0000000703800000, 0x0000000703600000| Untracked 
|  28|0x0000000703800000, 0x0000000703a00000, 0x0000000703a00000|100%| O|  |TAMS 0x0000000703a00000, 0x0000000703800000| Untracked 
|  29|0x0000000703a00000, 0x0000000703c00000, 0x0000000703c00000|100%| O|  |TAMS 0x0000000703a00000, 0x0000000703a00000| Untracked 
|  30|0x0000000703c00000, 0x0000000703e00000, 0x0000000703e00000|100%| O|  |TAMS 0x0000000703e00000, 0x0000000703c00000| Untracked 
|  31|0x0000000703e00000, 0x0000000704000000, 0x0000000704000000|100%| O|  |TAMS 0x0000000704000000, 0x0000000703e00000| Untracked 
|  32|0x0000000704000000, 0x0000000704200000, 0x0000000704200000|100%| O|  |TAMS 0x0000000704200000, 0x0000000704000000| Untracked 
|  33|0x0000000704200000, 0x0000000704400000, 0x0000000704400000|100%| O|  |TAMS 0x0000000704400000, 0x0000000704200000| Untracked 
|  34|0x0000000704400000, 0x0000000704600000, 0x0000000704600000|100%| O|  |TAMS 0x0000000704600000, 0x0000000704400000| Untracked 
|  35|0x0000000704600000, 0x0000000704800000, 0x0000000704800000|100%| O|  |TAMS 0x0000000704800000, 0x0000000704600000| Untracked 
|  36|0x0000000704800000, 0x0000000704a00000, 0x0000000704a00000|100%| O|  |TAMS 0x0000000704a00000, 0x0000000704800000| Untracked 
|  37|0x0000000704a00000, 0x0000000704c00000, 0x0000000704c00000|100%| O|  |TAMS 0x0000000704c00000, 0x0000000704a00000| Untracked 
|  38|0x0000000704c00000, 0x0000000704e00000, 0x0000000704e00000|100%| O|  |TAMS 0x0000000704e00000, 0x0000000704c00000| Untracked 
|  39|0x0000000704e00000, 0x0000000705000000, 0x0000000705000000|100%| O|  |TAMS 0x0000000705000000, 0x0000000704e00000| Untracked 
|  40|0x0000000705000000, 0x0000000705200000, 0x0000000705200000|100%| O|  |TAMS 0x0000000705200000, 0x0000000705000000| Untracked 
|  41|0x0000000705200000, 0x0000000705400000, 0x0000000705400000|100%| O|  |TAMS 0x0000000705400000, 0x0000000705200000| Untracked 
|  42|0x0000000705400000, 0x0000000705600000, 0x0000000705600000|100%| O|  |TAMS 0x0000000705600000, 0x0000000705400000| Untracked 
|  43|0x0000000705600000, 0x0000000705800000, 0x0000000705800000|100%| O|  |TAMS 0x0000000705800000, 0x0000000705600000| Untracked 
|  44|0x0000000705800000, 0x0000000705a00000, 0x0000000705a00000|100%| O|  |TAMS 0x0000000705a00000, 0x0000000705800000| Untracked 
|  45|0x0000000705a00000, 0x0000000705c00000, 0x0000000705c00000|100%| O|  |TAMS 0x0000000705c00000, 0x0000000705a00000| Untracked 
|  46|0x0000000705c00000, 0x0000000705e00000, 0x0000000705e00000|100%| O|  |TAMS 0x0000000705e00000, 0x0000000705c00000| Untracked 
|  47|0x0000000705e00000, 0x0000000706000000, 0x0000000706000000|100%| O|  |TAMS 0x0000000706000000, 0x0000000705e00000| Untracked 
|  48|0x0000000706000000, 0x0000000706200000, 0x0000000706200000|100%| O|  |TAMS 0x0000000706200000, 0x0000000706000000| Untracked 
|  49|0x0000000706200000, 0x0000000706400000, 0x0000000706400000|100%| O|  |TAMS 0x0000000706400000, 0x0000000706200000| Untracked 
|  50|0x0000000706400000, 0x0000000706600000, 0x0000000706600000|100%| O|  |TAMS 0x0000000706600000, 0x0000000706400000| Untracked 
|  51|0x0000000706600000, 0x0000000706800000, 0x0000000706800000|100%| O|  |TAMS 0x0000000706800000, 0x0000000706600000| Untracked 
|  52|0x0000000706800000, 0x0000000706a00000, 0x0000000706a00000|100%| O|  |TAMS 0x0000000706a00000, 0x0000000706800000| Untracked 
|  53|0x0000000706a00000, 0x0000000706c00000, 0x0000000706c00000|100%| O|  |TAMS 0x0000000706c00000, 0x0000000706a00000| Untracked 
|  54|0x0000000706c00000, 0x0000000706e00000, 0x0000000706e00000|100%|HS|  |TAMS 0x0000000706c00000, 0x0000000706c00000| Complete 
|  55|0x0000000706e00000, 0x0000000707000000, 0x0000000707000000|100%| O|  |TAMS 0x0000000707000000, 0x0000000706e00000| Untracked 
|  56|0x0000000707000000, 0x0000000707200000, 0x0000000707200000|100%| O|  |TAMS 0x0000000707200000, 0x0000000707000000| Untracked 
|  57|0x0000000707200000, 0x0000000707400000, 0x0000000707400000|100%| O|  |TAMS 0x0000000707400000, 0x0000000707200000| Untracked 
|  58|0x0000000707400000, 0x0000000707600000, 0x0000000707600000|100%| O|  |TAMS 0x0000000707600000, 0x0000000707400000| Untracked 
|  59|0x0000000707600000, 0x0000000707800000, 0x0000000707800000|100%| O|  |TAMS 0x0000000707800000, 0x0000000707600000| Untracked 
|  60|0x0000000707800000, 0x0000000707a00000, 0x0000000707a00000|100%| O|  |TAMS 0x0000000707a00000, 0x0000000707800000| Untracked 
|  61|0x0000000707a00000, 0x0000000707c00000, 0x0000000707c00000|100%| O|  |TAMS 0x0000000707c00000, 0x0000000707a00000| Untracked 
|  62|0x0000000707c00000, 0x0000000707e00000, 0x0000000707e00000|100%| O|  |TAMS 0x0000000707d1de00, 0x0000000707c00000| Untracked 
|  63|0x0000000707e00000, 0x0000000708000000, 0x0000000708000000|100%| O|  |TAMS 0x0000000707e00000, 0x0000000707e00000| Untracked 
|  64|0x0000000708000000, 0x0000000708200000, 0x0000000708200000|100%| O|  |TAMS 0x0000000708000000, 0x0000000708000000| Untracked 
|  65|0x0000000708200000, 0x0000000708400000, 0x0000000708400000|100%| O|  |TAMS 0x0000000708200000, 0x0000000708200000| Untracked 
|  66|0x0000000708400000, 0x0000000708600000, 0x0000000708600000|100%| O|  |TAMS 0x0000000708400000, 0x0000000708400000| Untracked 
|  67|0x0000000708600000, 0x0000000708800000, 0x0000000708800000|100%| O|  |TAMS 0x0000000708600000, 0x0000000708600000| Untracked 
|  68|0x0000000708800000, 0x0000000708a00000, 0x0000000708a00000|100%| O|  |TAMS 0x0000000708800000, 0x0000000708800000| Untracked 
|  69|0x0000000708a00000, 0x0000000708c00000, 0x0000000708c00000|100%| O|  |TAMS 0x0000000708a00000, 0x0000000708a00000| Untracked 
|  70|0x0000000708c00000, 0x0000000708e00000, 0x0000000708e00000|100%| O|  |TAMS 0x0000000708c00000, 0x0000000708c00000| Untracked 
|  71|0x0000000708e00000, 0x0000000709000000, 0x0000000709000000|100%| O|  |TAMS 0x0000000708e00000, 0x0000000708e00000| Untracked 
|  72|0x0000000709000000, 0x0000000709200000, 0x0000000709200000|100%| O|  |TAMS 0x0000000709000000, 0x0000000709000000| Untracked 
|  73|0x0000000709200000, 0x0000000709400000, 0x0000000709400000|100%| O|  |TAMS 0x0000000709200000, 0x0000000709200000| Untracked 
|  74|0x0000000709400000, 0x0000000709600000, 0x0000000709600000|100%| O|  |TAMS 0x0000000709400000, 0x0000000709400000| Untracked 
|  75|0x0000000709600000, 0x0000000709800000, 0x0000000709800000|100%| O|  |TAMS 0x0000000709600000, 0x0000000709600000| Untracked 
|  76|0x0000000709800000, 0x0000000709a00000, 0x0000000709a00000|100%| O|  |TAMS 0x0000000709800000, 0x0000000709800000| Untracked 
|  77|0x0000000709a00000, 0x0000000709c00000, 0x0000000709c00000|100%|HS|  |TAMS 0x0000000709a00000, 0x0000000709a00000| Complete 
|  78|0x0000000709c00000, 0x0000000709e00000, 0x0000000709e00000|100%| O|  |TAMS 0x0000000709c00000, 0x0000000709c00000| Untracked 
|  79|0x0000000709e00000, 0x000000070a000000, 0x000000070a000000|100%| O|  |TAMS 0x0000000709e00000, 0x0000000709e00000| Untracked 
|  80|0x000000070a000000, 0x000000070a200000, 0x000000070a200000|100%| O|  |TAMS 0x000000070a000000, 0x000000070a000000| Untracked 
|  81|0x000000070a200000, 0x000000070a400000, 0x000000070a400000|100%| O|  |TAMS 0x000000070a200000, 0x000000070a200000| Untracked 
|  82|0x000000070a400000, 0x000000070a600000, 0x000000070a600000|100%|HS|  |TAMS 0x000000070a400000, 0x000000070a400000| Complete 
|  83|0x000000070a600000, 0x000000070a800000, 0x000000070a800000|100%| O|  |TAMS 0x000000070a600000, 0x000000070a600000| Untracked 
|  84|0x000000070a800000, 0x000000070aa00000, 0x000000070aa00000|100%| O|  |TAMS 0x000000070a800000, 0x000000070a800000| Untracked 
|  85|0x000000070aa00000, 0x000000070ac00000, 0x000000070ac00000|100%| O|  |TAMS 0x000000070aa00000, 0x000000070aa00000| Untracked 
|  86|0x000000070ac00000, 0x000000070ae00000, 0x000000070ae00000|100%| O|  |TAMS 0x000000070ac00000, 0x000000070ac00000| Untracked 
|  87|0x000000070ae00000, 0x000000070b000000, 0x000000070b000000|100%| O|  |TAMS 0x000000070ae00000, 0x000000070ae00000| Untracked 
|  88|0x000000070b000000, 0x000000070b200000, 0x000000070b200000|100%| O|  |TAMS 0x000000070b000000, 0x000000070b000000| Untracked 
|  89|0x000000070b200000, 0x000000070b400000, 0x000000070b400000|100%|HS|  |TAMS 0x000000070b200000, 0x000000070b200000| Complete 
|  90|0x000000070b400000, 0x000000070b600000, 0x000000070b600000|100%| O|  |TAMS 0x000000070b400000, 0x000000070b400000| Untracked 
|  91|0x000000070b600000, 0x000000070b800000, 0x000000070b800000|100%| O|  |TAMS 0x000000070b600000, 0x000000070b600000| Untracked 
|  92|0x000000070b800000, 0x000000070ba00000, 0x000000070ba00000|100%| O|  |TAMS 0x000000070b800000, 0x000000070b800000| Untracked 
|  93|0x000000070ba00000, 0x000000070bc00000, 0x000000070bc00000|100%| O|  |TAMS 0x000000070ba00000, 0x000000070ba00000| Untracked 
|  94|0x000000070bc00000, 0x000000070be00000, 0x000000070be00000|100%|HS|  |TAMS 0x000000070bc00000, 0x000000070bc00000| Complete 
|  95|0x000000070be00000, 0x000000070c000000, 0x000000070c000000|100%|HS|  |TAMS 0x000000070be00000, 0x000000070be00000| Complete 
|  96|0x000000070c000000, 0x000000070c200000, 0x000000070c200000|100%|HC|  |TAMS 0x000000070c000000, 0x000000070c000000| Complete 
|  97|0x000000070c200000, 0x000000070c400000, 0x000000070c400000|100%|HS|  |TAMS 0x000000070c200000, 0x000000070c200000| Complete 
|  98|0x000000070c400000, 0x000000070c600000, 0x000000070c600000|100%| O|  |TAMS 0x000000070c400000, 0x000000070c400000| Untracked 
|  99|0x000000070c600000, 0x000000070c800000, 0x000000070c800000|100%| O|  |TAMS 0x000000070c600000, 0x000000070c600000| Untracked 
| 100|0x000000070c800000, 0x000000070ca00000, 0x000000070ca00000|100%| O|  |TAMS 0x000000070c800000, 0x000000070c800000| Untracked 
| 101|0x000000070ca00000, 0x000000070cc00000, 0x000000070cc00000|100%| O|  |TAMS 0x000000070ca00000, 0x000000070ca00000| Untracked 
| 102|0x000000070cc00000, 0x000000070ce00000, 0x000000070ce00000|100%| O|  |TAMS 0x000000070cc00000, 0x000000070cc00000| Untracked 
| 103|0x000000070ce00000, 0x000000070d000000, 0x000000070d000000|100%| O|  |TAMS 0x000000070ce00000, 0x000000070ce00000| Untracked 
| 104|0x000000070d000000, 0x000000070d1a6200, 0x000000070d200000| 82%| O|  |TAMS 0x000000070d000000, 0x000000070d000000| Untracked 
| 105|0x000000070d200000, 0x000000070d200000, 0x000000070d400000|  0%| F|  |TAMS 0x000000070d200000, 0x000000070d200000| Untracked 
| 106|0x000000070d400000, 0x000000070d400000, 0x000000070d600000|  0%| F|  |TAMS 0x000000070d400000, 0x000000070d400000| Untracked 
| 107|0x000000070d600000, 0x000000070d600000, 0x000000070d800000|  0%| F|  |TAMS 0x000000070d600000, 0x000000070d600000| Untracked 
| 108|0x000000070d800000, 0x000000070d800000, 0x000000070da00000|  0%| F|  |TAMS 0x000000070d800000, 0x000000070d800000| Untracked 
| 109|0x000000070da00000, 0x000000070da00000, 0x000000070dc00000|  0%| F|  |TAMS 0x000000070da00000, 0x000000070da00000| Untracked 
| 110|0x000000070dc00000, 0x000000070dc00000, 0x000000070de00000|  0%| F|  |TAMS 0x000000070dc00000, 0x000000070dc00000| Untracked 
| 111|0x000000070de00000, 0x000000070de00000, 0x000000070e000000|  0%| F|  |TAMS 0x000000070de00000, 0x000000070de00000| Untracked 
| 112|0x000000070e000000, 0x000000070e000000, 0x000000070e200000|  0%| F|  |TAMS 0x000000070e000000, 0x000000070e000000| Untracked 
| 113|0x000000070e200000, 0x000000070e200000, 0x000000070e400000|  0%| F|  |TAMS 0x000000070e200000, 0x000000070e200000| Untracked 
| 114|0x000000070e400000, 0x000000070e400000, 0x000000070e600000|  0%| F|  |TAMS 0x000000070e400000, 0x000000070e400000| Untracked 
| 115|0x000000070e600000, 0x000000070e600000, 0x000000070e800000|  0%| F|  |TAMS 0x000000070e600000, 0x000000070e600000| Untracked 
| 116|0x000000070e800000, 0x000000070e800000, 0x000000070ea00000|  0%| F|  |TAMS 0x000000070e800000, 0x000000070e800000| Untracked 
| 117|0x000000070ea00000, 0x000000070ea00000, 0x000000070ec00000|  0%| F|  |TAMS 0x000000070ea00000, 0x000000070ea00000| Untracked 
| 118|0x000000070ec00000, 0x000000070ec00000, 0x000000070ee00000|  0%| F|  |TAMS 0x000000070ec00000, 0x000000070ec00000| Untracked 
| 119|0x000000070ee00000, 0x000000070ee00000, 0x000000070f000000|  0%| F|  |TAMS 0x000000070ee00000, 0x000000070ee00000| Untracked 
| 120|0x000000070f000000, 0x000000070f000000, 0x000000070f200000|  0%| F|  |TAMS 0x000000070f000000, 0x000000070f000000| Untracked 
| 121|0x000000070f200000, 0x000000070f200000, 0x000000070f400000|  0%| F|  |TAMS 0x000000070f200000, 0x000000070f200000| Untracked 
| 122|0x000000070f400000, 0x000000070f400000, 0x000000070f600000|  0%| F|  |TAMS 0x000000070f400000, 0x000000070f400000| Untracked 
| 123|0x000000070f600000, 0x000000070f600000, 0x000000070f800000|  0%| F|  |TAMS 0x000000070f600000, 0x000000070f600000| Untracked 
| 124|0x000000070f800000, 0x000000070f800000, 0x000000070fa00000|  0%| F|  |TAMS 0x000000070f800000, 0x000000070f800000| Untracked 
| 125|0x000000070fa00000, 0x000000070fa00000, 0x000000070fc00000|  0%| F|  |TAMS 0x000000070fa00000, 0x000000070fa00000| Untracked 
| 126|0x000000070fc00000, 0x000000070fc00000, 0x000000070fe00000|  0%| F|  |TAMS 0x000000070fc00000, 0x000000070fc00000| Untracked 
| 127|0x000000070fe00000, 0x000000070fe00000, 0x0000000710000000|  0%| F|  |TAMS 0x000000070fe00000, 0x000000070fe00000| Untracked 
| 128|0x0000000710000000, 0x0000000710000000, 0x0000000710200000|  0%| F|  |TAMS 0x0000000710000000, 0x0000000710000000| Untracked 
| 129|0x0000000710200000, 0x0000000710200000, 0x0000000710400000|  0%| F|  |TAMS 0x0000000710200000, 0x0000000710200000| Untracked 
| 130|0x0000000710400000, 0x0000000710400000, 0x0000000710600000|  0%| F|  |TAMS 0x0000000710400000, 0x0000000710400000| Untracked 
| 131|0x0000000710600000, 0x0000000710600000, 0x0000000710800000|  0%| F|  |TAMS 0x0000000710600000, 0x0000000710600000| Untracked 
| 132|0x0000000710800000, 0x0000000710800000, 0x0000000710a00000|  0%| F|  |TAMS 0x0000000710800000, 0x0000000710800000| Untracked 
| 133|0x0000000710a00000, 0x0000000710adcd28, 0x0000000710c00000| 43%| S|CS|TAMS 0x0000000710a00000, 0x0000000710a00000| Complete 
| 134|0x0000000710c00000, 0x0000000710e00000, 0x0000000710e00000|100%| S|CS|TAMS 0x0000000710c00000, 0x0000000710c00000| Complete 
| 135|0x0000000710e00000, 0x0000000710e00000, 0x0000000711000000|  0%| F|  |TAMS 0x0000000710e00000, 0x0000000710e00000| Untracked 
| 136|0x0000000711000000, 0x0000000711000000, 0x0000000711200000|  0%| F|  |TAMS 0x0000000711000000, 0x0000000711000000| Untracked 
| 137|0x0000000711200000, 0x0000000711200000, 0x0000000711400000|  0%| F|  |TAMS 0x0000000711200000, 0x0000000711200000| Untracked 
| 138|0x0000000711400000, 0x0000000711400000, 0x0000000711600000|  0%| F|  |TAMS 0x0000000711400000, 0x0000000711400000| Untracked 
| 139|0x0000000711600000, 0x0000000711600000, 0x0000000711800000|  0%| F|  |TAMS 0x0000000711600000, 0x0000000711600000| Untracked 
| 140|0x0000000711800000, 0x0000000711800000, 0x0000000711a00000|  0%| F|  |TAMS 0x0000000711800000, 0x0000000711800000| Untracked 
| 141|0x0000000711a00000, 0x0000000711a00000, 0x0000000711c00000|  0%| F|  |TAMS 0x0000000711a00000, 0x0000000711a00000| Untracked 
| 142|0x0000000711c00000, 0x0000000711c00000, 0x0000000711e00000|  0%| F|  |TAMS 0x0000000711c00000, 0x0000000711c00000| Untracked 
| 143|0x0000000711e00000, 0x0000000711e00000, 0x0000000712000000|  0%| F|  |TAMS 0x0000000711e00000, 0x0000000711e00000| Untracked 
| 144|0x0000000712000000, 0x0000000712000000, 0x0000000712200000|  0%| F|  |TAMS 0x0000000712000000, 0x0000000712000000| Untracked 
| 145|0x0000000712200000, 0x0000000712200000, 0x0000000712400000|  0%| F|  |TAMS 0x0000000712200000, 0x0000000712200000| Untracked 
| 146|0x0000000712400000, 0x0000000712400000, 0x0000000712600000|  0%| F|  |TAMS 0x0000000712400000, 0x0000000712400000| Untracked 
| 147|0x0000000712600000, 0x0000000712600000, 0x0000000712800000|  0%| F|  |TAMS 0x0000000712600000, 0x0000000712600000| Untracked 
| 148|0x0000000712800000, 0x0000000712800000, 0x0000000712a00000|  0%| F|  |TAMS 0x0000000712800000, 0x0000000712800000| Untracked 
| 149|0x0000000712a00000, 0x0000000712a00000, 0x0000000712c00000|  0%| F|  |TAMS 0x0000000712a00000, 0x0000000712a00000| Untracked 
| 150|0x0000000712c00000, 0x0000000712c00000, 0x0000000712e00000|  0%| F|  |TAMS 0x0000000712c00000, 0x0000000712c00000| Untracked 
| 151|0x0000000712e00000, 0x0000000712e00000, 0x0000000713000000|  0%| F|  |TAMS 0x0000000712e00000, 0x0000000712e00000| Untracked 
| 152|0x0000000713000000, 0x0000000713000000, 0x0000000713200000|  0%| F|  |TAMS 0x0000000713000000, 0x0000000713000000| Untracked 
| 153|0x0000000713200000, 0x0000000713200000, 0x0000000713400000|  0%| F|  |TAMS 0x0000000713200000, 0x0000000713200000| Untracked 
| 154|0x0000000713400000, 0x0000000713400000, 0x0000000713600000|  0%| F|  |TAMS 0x0000000713400000, 0x0000000713400000| Untracked 
| 155|0x0000000713600000, 0x0000000713600000, 0x0000000713800000|  0%| F|  |TAMS 0x0000000713600000, 0x0000000713600000| Untracked 
| 156|0x0000000713800000, 0x0000000713800000, 0x0000000713a00000|  0%| F|  |TAMS 0x0000000713800000, 0x0000000713800000| Untracked 
| 157|0x0000000713a00000, 0x0000000713a00000, 0x0000000713c00000|  0%| F|  |TAMS 0x0000000713a00000, 0x0000000713a00000| Untracked 
| 158|0x0000000713c00000, 0x0000000713c00000, 0x0000000713e00000|  0%| F|  |TAMS 0x0000000713c00000, 0x0000000713c00000| Untracked 
| 159|0x0000000713e00000, 0x0000000713e00000, 0x0000000714000000|  0%| F|  |TAMS 0x0000000713e00000, 0x0000000713e00000| Untracked 

Card table byte_map: [0x000002085d8e0000,0x000002085e0e0000] _byte_map_base: 0x000002085a0e0000

Marking Bits (Prev, Next): (CMBitMap*) 0x0000020848a352a0, (CMBitMap*) 0x0000020848a352e0
 Prev Bits: [0x000002085e8e0000, 0x00000208628e0000)
 Next Bits: [0x00000208628e0000, 0x00000208668e0000)

Polling page: 0x0000020848a90000

Metaspace:

Usage:
  Non-class:    111.38 MB used.
      Class:     16.99 MB used.
       Both:    128.37 MB used.

Virtual space:
  Non-class space:      120.00 MB reserved,     112.06 MB ( 93%) committed,  15 nodes.
      Class space:        1.00 GB reserved,      17.56 MB (  2%) committed,  1 nodes.
             Both:        1.12 GB reserved,     129.62 MB ( 11%) committed. 

Chunk freelists:
   Non-Class:  3.77 MB
       Class:  2.29 MB
        Both:  6.06 MB

MaxMetaspaceSize: unlimited
CompressedClassSpaceSize: 1.00 GB
Initial GC threshold: 21.00 MB
Current GC threshold: 163.75 MB
CDS: off
MetaspaceReclaimPolicy: balanced
 - commit_granule_bytes: 65536.
 - commit_granule_words: 8192.
 - virtual_space_node_default_size: 1048576.
 - enlarge_chunks_in_place: 1.
 - new_chunks_are_fully_committed: 0.
 - uncommit_free_chunks: 1.
 - use_allocation_guard: 0.
 - handle_deallocations: 1.


Internal statistics:

num_allocs_failed_limit: 15.
num_arena_births: 1594.
num_arena_deaths: 0.
num_vsnodes_births: 16.
num_vsnodes_deaths: 0.
num_space_committed: 2074.
num_space_uncommitted: 0.
num_chunks_returned_to_freelist: 15.
num_chunks_taken_from_freelist: 6775.
num_chunk_merges: 3.
num_chunk_splits: 4363.
num_chunks_enlarged: 2774.
num_purges: 0.
num_inconsistent_stats: 0.

CodeHeap 'non-profiled nmethods': size=120000Kb used=9458Kb max_used=9997Kb free=110541Kb
 bounds [0x0000020855150000, 0x0000020855b20000, 0x000002085c680000]
CodeHeap 'profiled nmethods': size=120000Kb used=33525Kb max_used=35540Kb free=86474Kb
 bounds [0x000002084d680000, 0x000002084f940000, 0x0000020854bb0000]
CodeHeap 'non-nmethods': size=5760Kb used=2482Kb max_used=2531Kb free=3277Kb
 bounds [0x0000020854bb0000, 0x0000020854e30000, 0x0000020855150000]
 total_blobs=18477 nmethods=17460 adapters=927
 compilation: enabled
              stopped_count=0, restarted_count=0
 full_count=0

Compilation events (20 events):
Event: 28.869 Thread 0x0000020869c64460 21143       2       org.gradle.internal.cleanup.DefaultBuildOutputCleanupRegistry::isOutputOwnedByBuild (39 bytes)
Event: 28.869 Thread 0x0000020869c64460 nmethod 21143 0x000002084db33610 code [0x000002084db337e0, 0x000002084db33ad8]
Event: 28.869 Thread 0x0000020869c64460 21144       2       org.gradle.internal.cleanup.DefaultBuildOutputCleanupRegistry::getResolvedPaths (22 bytes)
Event: 28.870 Thread 0x0000020869c64460 nmethod 21144 0x000002084e1c0790 code [0x000002084e1c0940, 0x000002084e1c0b08]
Event: 28.870 Thread 0x0000020869c64460 21145       1       org.gradle.api.internal.provider.ValueSupplier$Missing::isMissing (2 bytes)
Event: 28.870 Thread 0x0000020869c64460 nmethod 21145 0x0000020855343390 code [0x0000020855343520, 0x00000208553435f8]
Event: 28.875 Thread 0x0000020869c64460 21146       2       it.unimi.dsi.fastutil.HashCommon::mix (12 bytes)
Event: 28.875 Thread 0x0000020869c64460 nmethod 21146 0x000002084df7f290 code [0x000002084df7f420, 0x000002084df7f518]
Event: 28.876 Thread 0x0000020869c64460 21147       2       org.gradle.api.DefaultTask::getLogger (5 bytes)
Event: 28.876 Thread 0x0000020869c64460 nmethod 21147 0x000002084e0c0e90 code [0x000002084e0c1020, 0x000002084e0c1138]
Event: 28.878 Thread 0x0000020869c64460 21148       2       java.io.ObjectInputStream$HandleTable::assign (48 bytes)
Event: 28.878 Thread 0x0000020869c64460 nmethod 21148 0x000002084de1b590 code [0x000002084de1b740, 0x000002084de1b9c8]
Event: 28.878 Thread 0x0000020869c64460 21149       2       java.io.ObjectInputStream$HandleTable::finish (111 bytes)
Event: 28.878 Thread 0x0000020869c64460 nmethod 21149 0x000002084dcc0010 code [0x000002084dcc01e0, 0x000002084dcc0528]
Event: 28.881 Thread 0x0000020869c64460 21150       2       jdk.internal.reflect.UnsafeFieldAccessorImpl::<init> (56 bytes)
Event: 28.882 Thread 0x0000020869c64460 nmethod 21150 0x000002084dd14b10 code [0x000002084dd14ce0, 0x000002084dd15098]
Event: 28.882 Thread 0x0000020869c64460 21151       2       com.intellij.util.ReflectionUtil$$Lambda$1812/0x00000008011b4980::test (16 bytes)
Event: 28.882 Thread 0x0000020869c64460 nmethod 21151 0x000002084d746110 code [0x000002084d7462c0, 0x000002084d7464b8]
Event: 28.882 Thread 0x0000020869c64460 21152       2       com.intellij.util.ReflectionUtil::lambda$findAssignableField$1 (32 bytes)
Event: 28.883 Thread 0x0000020869c64460 nmethod 21152 0x000002084e213990 code [0x000002084e213b40, 0x000002084e213cd8]

GC Heap History (20 events):
Event: 16.779 GC heap after
{Heap after GC invocations=42 (full 0):
 garbage-first heap   total 327680K, used 130684K [0x0000000700000000, 0x0000000800000000)
  region size 2048K, 3 young (6144K), 3 survivors (6144K)
 Metaspace       used 99282K, committed 100352K, reserved 1138688K
  class space    used 13641K, committed 14080K, reserved 1048576K
}
Event: 19.277 GC heap before
{Heap before GC invocations=43 (full 0):
 garbage-first heap   total 327680K, used 228988K [0x0000000700000000, 0x0000000800000000)
  region size 2048K, 51 young (104448K), 3 survivors (6144K)
 Metaspace       used 105609K, committed 106688K, reserved 1146880K
  class space    used 14501K, committed 14976K, reserved 1048576K
}
Event: 19.341 GC heap after
{Heap after GC invocations=44 (full 0):
 garbage-first heap   total 327680K, used 146981K [0x0000000700000000, 0x0000000800000000)
  region size 2048K, 7 young (14336K), 7 survivors (14336K)
 Metaspace       used 105609K, committed 106688K, reserved 1146880K
  class space    used 14501K, committed 14976K, reserved 1048576K
}
Event: 19.568 GC heap before
{Heap before GC invocations=44 (full 0):
 garbage-first heap   total 327680K, used 149029K [0x0000000700000000, 0x0000000800000000)
  region size 2048K, 8 young (16384K), 7 survivors (14336K)
 Metaspace       used 105628K, committed 106752K, reserved 1146880K
  class space    used 14504K, committed 14976K, reserved 1048576K
}
Event: 19.619 GC heap after
{Heap after GC invocations=45 (full 0):
 garbage-first heap   total 327680K, used 148230K [0x0000000700000000, 0x0000000800000000)
  region size 2048K, 1 young (2048K), 1 survivors (2048K)
 Metaspace       used 105628K, committed 106752K, reserved 1146880K
  class space    used 14504K, committed 14976K, reserved 1048576K
}
Event: 21.261 GC heap before
{Heap before GC invocations=45 (full 0):
 garbage-first heap   total 327680K, used 232198K [0x0000000700000000, 0x0000000800000000)
  region size 2048K, 42 young (86016K), 1 survivors (2048K)
 Metaspace       used 112495K, committed 113728K, reserved 1146880K
  class space    used 15393K, committed 15936K, reserved 1048576K
}
Event: 21.273 GC heap after
{Heap after GC invocations=46 (full 0):
 garbage-first heap   total 327680K, used 155561K [0x0000000700000000, 0x0000000800000000)
  region size 2048K, 5 young (10240K), 5 survivors (10240K)
 Metaspace       used 112495K, committed 113728K, reserved 1146880K
  class space    used 15393K, committed 15936K, reserved 1048576K
}
Event: 22.640 GC heap before
{Heap before GC invocations=46 (full 0):
 garbage-first heap   total 327680K, used 241577K [0x0000000700000000, 0x0000000800000000)
  region size 2048K, 47 young (96256K), 5 survivors (10240K)
 Metaspace       used 121149K, committed 122304K, reserved 1155072K
  class space    used 16461K, committed 16960K, reserved 1048576K
}
Event: 22.654 GC heap after
{Heap after GC invocations=47 (full 0):
 garbage-first heap   total 327680K, used 167947K [0x0000000700000000, 0x0000000800000000)
  region size 2048K, 6 young (12288K), 6 survivors (12288K)
 Metaspace       used 121149K, committed 122304K, reserved 1155072K
  class space    used 16461K, committed 16960K, reserved 1048576K
}
Event: 23.979 GC heap before
{Heap before GC invocations=47 (full 0):
 garbage-first heap   total 327680K, used 249867K [0x0000000700000000, 0x0000000800000000)
  region size 2048K, 46 young (94208K), 6 survivors (12288K)
 Metaspace       used 124531K, committed 125760K, reserved 1163264K
  class space    used 16854K, committed 17344K, reserved 1048576K
}
Event: 23.991 GC heap after
{Heap after GC invocations=48 (full 0):
 garbage-first heap   total 327680K, used 174336K [0x0000000700000000, 0x0000000800000000)
  region size 2048K, 5 young (10240K), 5 survivors (10240K)
 Metaspace       used 124531K, committed 125760K, reserved 1163264K
  class space    used 16854K, committed 17344K, reserved 1048576K
}
Event: 25.197 GC heap before
{Heap before GC invocations=48 (full 0):
 garbage-first heap   total 327680K, used 258304K [0x0000000700000000, 0x0000000800000000)
  region size 2048K, 45 young (92160K), 5 survivors (10240K)
 Metaspace       used 125504K, committed 126720K, reserved 1163264K
  class space    used 16899K, committed 17408K, reserved 1048576K
}
Event: 25.210 GC heap after
{Heap after GC invocations=49 (full 0):
 garbage-first heap   total 327680K, used 184771K [0x0000000700000000, 0x0000000800000000)
  region size 2048K, 6 young (12288K), 6 survivors (12288K)
 Metaspace       used 125504K, committed 126720K, reserved 1163264K
  class space    used 16899K, committed 17408K, reserved 1048576K
}
Event: 26.436 GC heap before
{Heap before GC invocations=49 (full 0):
 garbage-first heap   total 327680K, used 256451K [0x0000000700000000, 0x0000000800000000)
  region size 2048K, 42 young (86016K), 6 survivors (12288K)
 Metaspace       used 126345K, committed 127552K, reserved 1163264K
  class space    used 16911K, committed 17408K, reserved 1048576K
}
Event: 26.445 GC heap after
{Heap after GC invocations=50 (full 0):
 garbage-first heap   total 327680K, used 185397K [0x0000000700000000, 0x0000000800000000)
  region size 2048K, 3 young (6144K), 3 survivors (6144K)
 Metaspace       used 126345K, committed 127552K, reserved 1163264K
  class space    used 16911K, committed 17408K, reserved 1048576K
}
Event: 27.342 GC heap before
{Heap before GC invocations=50 (full 0):
 garbage-first heap   total 327680K, used 263221K [0x0000000700000000, 0x0000000800000000)
  region size 2048K, 40 young (81920K), 3 survivors (6144K)
 Metaspace       used 126650K, committed 127808K, reserved 1163264K
  class space    used 16922K, committed 17408K, reserved 1048576K
}
Event: 27.358 GC heap after
{Heap after GC invocations=51 (full 0):
 garbage-first heap   total 327680K, used 198656K [0x0000000700000000, 0x0000000800000000)
  region size 2048K, 5 young (10240K), 5 survivors (10240K)
 Metaspace       used 126650K, committed 127808K, reserved 1163264K
  class space    used 16922K, committed 17408K, reserved 1048576K
}
Event: 28.325 GC heap before
{Heap before GC invocations=51 (full 0):
 garbage-first heap   total 327680K, used 274432K [0x0000000700000000, 0x0000000800000000)
  region size 2048K, 37 young (75776K), 5 survivors (10240K)
 Metaspace       used 127664K, committed 128896K, reserved 1163264K
  class space    used 17007K, committed 17536K, reserved 1048576K
}
Event: 28.397 GC heap after
{Heap after GC invocations=52 (full 0):
 garbage-first heap   total 327680K, used 215893K [0x0000000700000000, 0x0000000800000000)
  region size 2048K, 5 young (10240K), 5 survivors (10240K)
 Metaspace       used 127664K, committed 128896K, reserved 1163264K
  class space    used 17007K, committed 17536K, reserved 1048576K
}
Event: 28.883 GC heap before
{Heap before GC invocations=52 (full 0):
 garbage-first heap   total 327680K, used 265045K [0x0000000700000000, 0x0000000800000000)
  region size 2048K, 30 young (61440K), 5 survivors (10240K)
 Metaspace       used 131449K, committed 132736K, reserved 1171456K
  class space    used 17393K, committed 17984K, reserved 1048576K
}

Dll operation events (2 events):
Event: 0.006 Loaded shared library C:\Program Files\Android\Android Studio\jbr\bin\java.dll
Event: 0.314 Loaded shared library C:\Program Files\Android\Android Studio\jbr\bin\verify.dll

Deoptimization events (20 events):
Event: 28.831 Thread 0x0000020877061870 DEOPT PACKING pc=0x000002084e8315e4 sp=0x000000b105fff370
Event: 28.831 Thread 0x0000020877061870 DEOPT UNPACKING pc=0x0000020854c0ace3 sp=0x000000b105ffe8a8 mode 0
Event: 28.831 Thread 0x0000020877061870 DEOPT PACKING pc=0x000002084e26ad14 sp=0x000000b105fff470
Event: 28.831 Thread 0x0000020877061870 DEOPT UNPACKING pc=0x0000020854c0ace3 sp=0x000000b105ffe930 mode 0
Event: 28.831 Thread 0x00000208770626e0 DEOPT PACKING pc=0x000002084e8315e4 sp=0x000000b105cfef30
Event: 28.831 Thread 0x00000208770626e0 DEOPT UNPACKING pc=0x0000020854c0ace3 sp=0x000000b105cfe468 mode 0
Event: 28.831 Thread 0x00000208770626e0 DEOPT PACKING pc=0x000002084e26ad14 sp=0x000000b105cff030
Event: 28.831 Thread 0x00000208770626e0 DEOPT UNPACKING pc=0x0000020854c0ace3 sp=0x000000b105cfe4f0 mode 0
Event: 28.831 Thread 0x00000208770643c0 DEOPT PACKING pc=0x000002084e8315e4 sp=0x000000b105bff0d0
Event: 28.831 Thread 0x00000208770643c0 DEOPT UNPACKING pc=0x0000020854c0ace3 sp=0x000000b105bfe608 mode 0
Event: 28.831 Thread 0x0000020877065230 DEOPT PACKING pc=0x000002084e8315e4 sp=0x000000b105dff550
Event: 28.831 Thread 0x0000020877065230 DEOPT UNPACKING pc=0x0000020854c0ace3 sp=0x000000b105dfea88 mode 0
Event: 28.832 Thread 0x00000208770660a0 DEOPT PACKING pc=0x000002084e8315e4 sp=0x000000b1061ff4c0
Event: 28.832 Thread 0x00000208770660a0 DEOPT UNPACKING pc=0x0000020854c0ace3 sp=0x000000b1061fe9f8 mode 0
Event: 28.877 Thread 0x0000020877066a40 DEOPT PACKING pc=0x000002084e26ab3c sp=0x000000b1051fefb0
Event: 28.877 Thread 0x0000020877066f10 DEOPT PACKING pc=0x000002084d825adc sp=0x000000b1057ff3c0
Event: 28.877 Thread 0x0000020877066a40 DEOPT UNPACKING pc=0x0000020854c0ace3 sp=0x000000b1051fe470 mode 0
Event: 28.877 Thread 0x0000020877066f10 DEOPT UNPACKING pc=0x0000020854c0ace3 sp=0x000000b1057fe9c0 mode 0
Event: 28.878 Thread 0x0000020877063a20 DEOPT PACKING pc=0x000002084d825adc sp=0x000000b1056fef70
Event: 28.878 Thread 0x0000020877063a20 DEOPT UNPACKING pc=0x0000020854c0ace3 sp=0x000000b1056fe570 mode 0

Classes unloaded (0 events):
No events

Classes redefined (0 events):
No events

Internal exceptions (20 events):
Event: 28.611 Thread 0x000002086dd6ffc0 Exception <a 'sun/nio/fs/WindowsException'{0x0000000712478c18}> (0x0000000712478c18) 
thrown [s\src\hotspot\share\prims\jni.cpp, line 517]
Event: 28.611 Thread 0x000002086dd6ffc0 Exception <a 'sun/nio/fs/WindowsException'{0x000000071247b3e0}> (0x000000071247b3e0) 
thrown [s\src\hotspot\share\prims\jni.cpp, line 517]
Event: 28.617 Thread 0x000002086dd6ffc0 Exception <a 'sun/nio/fs/WindowsException'{0x0000000712500728}> (0x0000000712500728) 
thrown [s\src\hotspot\share\prims\jni.cpp, line 517]
Event: 28.620 Thread 0x000002086dd6ffc0 Exception <a 'sun/nio/fs/WindowsException'{0x00000007125152e8}> (0x00000007125152e8) 
thrown [s\src\hotspot\share\prims\jni.cpp, line 517]
Event: 28.644 Thread 0x000002086dd6ffc0 Exception <a 'sun/nio/fs/WindowsException'{0x000000071233df80}> (0x000000071233df80) 
thrown [s\src\hotspot\share\prims\jni.cpp, line 517]
Event: 28.687 Thread 0x000002086dd6ffc0 Exception <a 'sun/nio/fs/WindowsException'{0x0000000711f6aab0}> (0x0000000711f6aab0) 
thrown [s\src\hotspot\share\prims\jni.cpp, line 517]
Event: 28.730 Thread 0x000002086dd6ffc0 Exception <a 'sun/nio/fs/WindowsException'{0x00000007118ac590}> (0x00000007118ac590) 
thrown [s\src\hotspot\share\prims\jni.cpp, line 517]
Event: 28.732 Thread 0x000002086dd6ffc0 Exception <a 'sun/nio/fs/WindowsException'{0x00000007118dd700}> (0x00000007118dd700) 
thrown [s\src\hotspot\share\prims\jni.cpp, line 517]
Event: 28.733 Thread 0x000002086dd6ffc0 Exception <a 'sun/nio/fs/WindowsException'{0x00000007118e13b8}> (0x00000007118e13b8) 
thrown [s\src\hotspot\share\prims\jni.cpp, line 517]
Event: 28.741 Thread 0x000002086dd6ffc0 Exception <a 'sun/nio/fs/WindowsException'{0x0000000711980808}> (0x0000000711980808) 
thrown [s\src\hotspot\share\prims\jni.cpp, line 517]
Event: 28.758 Thread 0x000002086dd6ffc0 Exception <a 'sun/nio/fs/WindowsException'{0x00000007116b8698}> (0x00000007116b8698) 
thrown [s\src\hotspot\share\prims\jni.cpp, line 517]
Event: 28.761 Thread 0x000002086dd6ffc0 Exception <a 'sun/nio/fs/WindowsException'{0x00000007116da428}> (0x00000007116da428) 
thrown [s\src\hotspot\share\prims\jni.cpp, line 517]
Event: 28.764 Thread 0x000002086dd6ffc0 Exception <a 'sun/nio/fs/WindowsException'{0x0000000711721e80}> (0x0000000711721e80) 
thrown [s\src\hotspot\share\prims\jni.cpp, line 517]
Event: 28.766 Thread 0x000002086dd6ffc0 Exception <a 'sun/nio/fs/WindowsException'{0x0000000711733740}> (0x0000000711733740) 
thrown [s\src\hotspot\share\prims\jni.cpp, line 517]
Event: 28.768 Thread 0x000002086dd6ffc0 Exception <a 'sun/nio/fs/WindowsException'{0x0000000711737378}> (0x0000000711737378) 
thrown [s\src\hotspot\share\prims\jni.cpp, line 517]
Event: 28.770 Thread 0x000002086dd6ffc0 Exception <a 'sun/nio/fs/WindowsException'{0x000000071173b630}> (0x000000071173b630) 
thrown [s\src\hotspot\share\prims\jni.cpp, line 517]
Event: 28.778 Thread 0x000002086dd6ffc0 Exception <a 'sun/nio/fs/WindowsException'{0x00000007117f8d60}> (0x00000007117f8d60) 
thrown [s\src\hotspot\share\prims\jni.cpp, line 517]
Event: 28.782 Thread 0x000002086dd6ffc0 Exception <a 'sun/nio/fs/WindowsException'{0x0000000711414fd0}> (0x0000000711414fd0) 
thrown [s\src\hotspot\share\prims\jni.cpp, line 517]
Event: 28.810 Thread 0x0000020877066570 Exception <a 'java/lang/NoSuchMethodError'{0x00000007114e70d8}: 'long java.lang.invoke.DirectMethodHandle$Holder.invokeStatic(java.lang.Object)'> (0x00000007114e70d8) 
thrown [s\src\hotspot\share\interpreter\linkResolver.cpp, line 771]
Event: 28.810 Thread 0x0000020877066570 Exception <a 'java/lang/NoSuchMethodError'{0x00000007114eac68}: 'long java.lang.invoke.DirectMethodHandle$Holder.invokeStaticInit(java.lang.Object)'> (0x00000007114eac68) 
thrown [s\src\hotspot\share\interpreter\linkResolver.cpp, line 771]

VM Operations (20 events):
Event: 27.819 Executing VM operation: ICBufferFull done
Event: 28.265 Executing VM operation: HandshakeAllThreads
Event: 28.265 Executing VM operation: HandshakeAllThreads done
Event: 28.325 Executing VM operation: G1CollectForAllocation
Event: 28.402 Executing VM operation: G1CollectForAllocation done
Event: 28.483 Executing VM operation: HandshakeAllThreads
Event: 28.483 Executing VM operation: HandshakeAllThreads done
Event: 28.527 Executing VM operation: HandshakeAllThreads
Event: 28.527 Executing VM operation: HandshakeAllThreads done
Event: 28.659 Executing VM operation: HandshakeAllThreads
Event: 28.660 Executing VM operation: HandshakeAllThreads done
Event: 28.664 Executing VM operation: HandshakeAllThreads
Event: 28.664 Executing VM operation: HandshakeAllThreads done
Event: 28.690 Executing VM operation: ICBufferFull
Event: 28.690 Executing VM operation: ICBufferFull done
Event: 28.783 Executing VM operation: HandshakeAllThreads
Event: 28.783 Executing VM operation: HandshakeAllThreads done
Event: 28.821 Executing VM operation: HandshakeAllThreads
Event: 28.822 Executing VM operation: HandshakeAllThreads done
Event: 28.883 Executing VM operation: G1CollectForAllocation

Events (20 events):
Event: 28.687 Thread 0x0000020869c6eda0 flushing nmethod 0x000002084f438010
Event: 28.687 Thread 0x0000020869c6eda0 flushing nmethod 0x000002084f4a9890
Event: 28.687 Thread 0x0000020869c6eda0 flushing nmethod 0x000002084f4e5690
Event: 28.687 Thread 0x0000020869c6eda0 flushing nmethod 0x000002084f547190
Event: 28.688 Thread 0x0000020869c6eda0 flushing nmethod 0x000002084f5a9b10
Event: 28.688 Thread 0x0000020869c6eda0 flushing nmethod 0x000002084f5ad310
Event: 28.689 Thread 0x0000020869c6eda0 flushing nmethod 0x000002084f644290
Event: 28.691 Thread 0x0000020869c6eda0 flushing nmethod 0x000002084f79ac90
Event: 28.691 Thread 0x0000020869c6eda0 flushing nmethod 0x000002084f7a6d10
Event: 28.691 Thread 0x0000020869c6eda0 flushing nmethod 0x000002084f7d8410
Event: 28.691 Thread 0x0000020869c6eda0 flushing nmethod 0x000002084f7f6710
Event: 28.691 Thread 0x0000020869c6eda0 flushing nmethod 0x000002084f7f7090
Event: 28.791 loading class java/util/function/IntUnaryOperator
Event: 28.792 loading class java/util/function/IntUnaryOperator done
Event: 28.811 loading class java/util/concurrent/atomic/AtomicLongFieldUpdater
Event: 28.812 loading class java/util/concurrent/atomic/AtomicLongFieldUpdater done
Event: 28.812 loading class java/util/concurrent/atomic/AtomicLongFieldUpdater$CASUpdater
Event: 28.813 loading class java/util/concurrent/atomic/AtomicLongFieldUpdater$CASUpdater done
Event: 28.813 loading class java/util/concurrent/atomic/AtomicLongFieldUpdater$CASUpdater$1
Event: 28.813 loading class java/util/concurrent/atomic/AtomicLongFieldUpdater$CASUpdater$1 done


Dynamic libraries:
0x00007ff700160000 - 0x00007ff70016a000 	C:\Program Files\Android\Android Studio\jbr\bin\java.exe
0x00007ffac1bf0000 - 0x00007ffac1de8000 	C:\WINDOWS\SYSTEM32\ntdll.dll
0x00007ffac0ca0000 - 0x00007ffac0d5d000 	C:\WINDOWS\System32\KERNEL32.DLL
0x00007ffabf4d0000 - 0x00007ffabf7c6000 	C:\WINDOWS\System32\KERNELBASE.dll
0x00007ffabf3d0000 - 0x00007ffabf4d0000 	C:\WINDOWS\System32\ucrtbase.dll
0x00007ffab9d30000 - 0x00007ffab9d4b000 	C:\Program Files\Android\Android Studio\jbr\bin\VCRUNTIME140.dll
0x00007ffab9d10000 - 0x00007ffab9d27000 	C:\Program Files\Android\Android Studio\jbr\bin\jli.dll
0x00007ffac01a0000 - 0x00007ffac033f000 	C:\WINDOWS\System32\USER32.dll
0x00007ffabfa70000 - 0x00007ffabfa92000 	C:\WINDOWS\System32\win32u.dll
0x00007ffaac370000 - 0x00007ffaac60a000 	C:\WINDOWS\WinSxS\amd64_microsoft.windows.common-controls_6595b64144ccf1df_6.0.19041.4355_none_60b8b9eb71f62e16\COMCTL32.dll
0x00007ffac05c0000 - 0x00007ffac065e000 	C:\WINDOWS\System32\msvcrt.dll
0x00007ffac0110000 - 0x00007ffac013b000 	C:\WINDOWS\System32\GDI32.dll
0x00007ffabf2b0000 - 0x00007ffabf3c7000 	C:\WINDOWS\System32\gdi32full.dll
0x00007ffabf980000 - 0x00007ffabfa1d000 	C:\WINDOWS\System32\msvcp_win.dll
0x00007ffac0340000 - 0x00007ffac036f000 	C:\WINDOWS\System32\IMM32.DLL
0x00007ffabb3b0000 - 0x00007ffabb3bc000 	C:\Program Files\Android\Android Studio\jbr\bin\vcruntime140_1.dll
0x00007ffaa3630000 - 0x00007ffaa36bd000 	C:\Program Files\Android\Android Studio\jbr\bin\msvcp140.dll
0x00007ffa11690000 - 0x00007ffa122fe000 	C:\Program Files\Android\Android Studio\jbr\bin\server\jvm.dll
0x00007ffac10e0000 - 0x00007ffac1190000 	C:\WINDOWS\System32\ADVAPI32.dll
0x00007ffac0d70000 - 0x00007ffac0e10000 	C:\WINDOWS\System32\sechost.dll
0x00007ffac0e80000 - 0x00007ffac0fa3000 	C:\WINDOWS\System32\RPCRT4.dll
0x00007ffabfaa0000 - 0x00007ffabfac7000 	C:\WINDOWS\System32\bcrypt.dll
0x00007ffabda50000 - 0x00007ffabda77000 	C:\WINDOWS\SYSTEM32\WINMM.dll
0x00007ffaa4da0000 - 0x00007ffaa4da9000 	C:\WINDOWS\SYSTEM32\WSOCK32.dll
0x00007ffab5a80000 - 0x00007ffab5a8a000 	C:\WINDOWS\SYSTEM32\VERSION.dll
0x00007ffac00a0000 - 0x00007ffac010b000 	C:\WINDOWS\System32\WS2_32.dll
0x00007ffabdac0000 - 0x00007ffabdad2000 	C:\WINDOWS\SYSTEM32\kernel.appcore.dll
0x00007ffab9710000 - 0x00007ffab971a000 	C:\Program Files\Android\Android Studio\jbr\bin\jimage.dll
0x00007ffabd5f0000 - 0x00007ffabd7d4000 	C:\WINDOWS\SYSTEM32\DBGHELP.DLL
0x00007ffaac310000 - 0x00007ffaac344000 	C:\WINDOWS\SYSTEM32\dbgcore.DLL
0x00007ffabf840000 - 0x00007ffabf8c2000 	C:\WINDOWS\System32\bcryptPrimitives.dll
0x00007ffab7cb0000 - 0x00007ffab7cd5000 	C:\Program Files\Android\Android Studio\jbr\bin\java.dll
0x00007ffab7c90000 - 0x00007ffab7ca8000 	C:\Program Files\Android\Android Studio\jbr\bin\zip.dll
0x00007ffac11b0000 - 0x00007ffac191c000 	C:\WINDOWS\System32\SHELL32.dll
0x00007ffabc4f0000 - 0x00007ffabcc8d000 	C:\WINDOWS\SYSTEM32\windows.storage.dll
0x00007ffac0860000 - 0x00007ffac0bb3000 	C:\WINDOWS\System32\combase.dll
0x00007ffabecd0000 - 0x00007ffabecfe000 	C:\WINDOWS\SYSTEM32\Wldp.dll
0x00007ffac0bc0000 - 0x00007ffac0c8d000 	C:\WINDOWS\System32\OLEAUT32.dll
0x00007ffac07b0000 - 0x00007ffac085d000 	C:\WINDOWS\System32\SHCORE.dll
0x00007ffac0750000 - 0x00007ffac07a5000 	C:\WINDOWS\System32\shlwapi.dll
0x00007ffabf1e0000 - 0x00007ffabf204000 	C:\WINDOWS\SYSTEM32\profapi.dll
0x00007ffab64d0000 - 0x00007ffab64e9000 	C:\Program Files\Android\Android Studio\jbr\bin\net.dll
0x00007ffaba340000 - 0x00007ffaba44a000 	C:\WINDOWS\SYSTEM32\WINHTTP.dll
0x00007ffabea30000 - 0x00007ffabea9a000 	C:\WINDOWS\system32\mswsock.dll
0x00007ffaaa600000 - 0x00007ffaaa616000 	C:\Program Files\Android\Android Studio\jbr\bin\nio.dll
0x00007ffab7c10000 - 0x00007ffab7c20000 	C:\Program Files\Android\Android Studio\jbr\bin\verify.dll
0x00007ffaa3600000 - 0x00007ffaa3627000 	C:\Users\zeoon\.gradle\native\e1d6ef7f7dcc3fd88c89a11ec53ec762bb8ba0a96d01ffa2cd45eb1d1d8dd5c5\windows-amd64\native-platform.dll
0x00007ffa81560000 - 0x00007ffa816a4000 	C:\Users\zeoon\.gradle\native\0d407fdbe67a94daf76414ababcb853783967236a71b16ec16e742cd7a986fd3\windows-amd64\native-platform-file-events.dll
0x00007ffab7a20000 - 0x00007ffab7a29000 	C:\Program Files\Android\Android Studio\jbr\bin\management.dll
0x00007ffab64c0000 - 0x00007ffab64cb000 	C:\Program Files\Android\Android Studio\jbr\bin\management_ext.dll
0x00007ffac0d60000 - 0x00007ffac0d68000 	C:\WINDOWS\System32\PSAPI.DLL
0x00007ffabec20000 - 0x00007ffabec38000 	C:\WINDOWS\SYSTEM32\CRYPTSP.dll
0x00007ffabe2e0000 - 0x00007ffabe314000 	C:\WINDOWS\system32\rsaenh.dll
0x00007ffabf190000 - 0x00007ffabf1be000 	C:\WINDOWS\SYSTEM32\USERENV.dll
0x00007ffabec40000 - 0x00007ffabec4c000 	C:\WINDOWS\SYSTEM32\CRYPTBASE.dll
0x00007ffabe6c0000 - 0x00007ffabe6fb000 	C:\WINDOWS\SYSTEM32\IPHLPAPI.DLL
0x00007ffac0e10000 - 0x00007ffac0e18000 	C:\WINDOWS\System32\NSI.dll
0x00007ffab70b0000 - 0x00007ffab70c7000 	C:\WINDOWS\SYSTEM32\dhcpcsvc6.DLL
0x00007ffab7060000 - 0x00007ffab707d000 	C:\WINDOWS\SYSTEM32\dhcpcsvc.DLL
0x00007ffabe700000 - 0x00007ffabe7ca000 	C:\WINDOWS\SYSTEM32\DNSAPI.dll
0x00007ffa29360000 - 0x00007ffa29367000 	C:\WINDOWS\system32\wshunix.dll
0x000000006a3a0000 - 0x000000006a3c6000 	C:\Program Files\Bonjour\mdnsNSP.dll
0x00007ffab6930000 - 0x00007ffab693a000 	C:\Windows\System32\rasadhlp.dll
0x00007ffab5660000 - 0x00007ffab56e0000 	C:\WINDOWS\System32\fwpuclnt.dll

dbghelp: loaded successfully - version: 4.0.5 - missing functions: none
symbol engine: initialized successfully - sym options: 0x614 - pdb path: .;C:\Program Files\Android\Android Studio\jbr\bin;C:\WINDOWS\SYSTEM32;C:\WINDOWS\WinSxS\amd64_microsoft.windows.common-controls_6595b64144ccf1df_6.0.19041.4355_none_60b8b9eb71f62e16;C:\Program Files\Android\Android Studio\jbr\bin\server;C:\Users\zeoon\.gradle\native\e1d6ef7f7dcc3fd88c89a11ec53ec762bb8ba0a96d01ffa2cd45eb1d1d8dd5c5\windows-amd64;C:\Users\zeoon\.gradle\native\0d407fdbe67a94daf76414ababcb853783967236a71b16ec16e742cd7a986fd3\windows-amd64;C:\Program Files\Bonjour

VM Arguments:
jvm_args: --add-opens=java.base/java.util=ALL-UNNAMED --add-opens=java.base/java.lang=ALL-UNNAMED --add-opens=java.base/java.lang.invoke=ALL-UNNAMED --add-opens=java.base/java.util=ALL-UNNAMED --add-opens=java.prefs/java.util.prefs=ALL-UNNAMED --add-opens=java.prefs/java.util.prefs=ALL-UNNAMED --add-opens=java.base/java.nio.charset=ALL-UNNAMED --add-opens=java.base/java.net=ALL-UNNAMED --add-opens=java.base/java.util.concurrent.atomic=ALL-UNNAMED -Xmx4G -Dfile.encoding=windows-1254 -Duser.country=TR -Duser.language=tr -Duser.variant 
java_command: org.gradle.launcher.daemon.bootstrap.GradleDaemon 7.5
java_class_path (initial): C:\Users\zeoon\.gradle\wrapper\dists\gradle-7.5-all\6qsw290k5lz422uaf8jf6m7co\gradle-7.5\lib\gradle-launcher-7.5.jar
Launcher Type: SUN_STANDARD

[Global flags]
     intx CICompilerCount                          = 4                                         {product} {ergonomic}
     uint ConcGCThreads                            = 2                                         {product} {ergonomic}
     uint G1ConcRefinementThreads                  = 8                                         {product} {ergonomic}
   size_t G1HeapRegionSize                         = 2097152                                   {product} {ergonomic}
    uintx GCDrainStackTargetSize                   = 64                                        {product} {ergonomic}
   size_t InitialHeapSize                          = 132120576                                 {product} {ergonomic}
   size_t MarkStackSize                            = 4194304                                   {product} {ergonomic}
   size_t MaxHeapSize                              = 4294967296                                {product} {command line}
   size_t MaxNewSize                               = 2575302656                                {product} {ergonomic}
   size_t MinHeapDeltaBytes                        = 2097152                                   {product} {ergonomic}
   size_t MinHeapSize                              = 8388608                                   {product} {ergonomic}
    uintx NonNMethodCodeHeapSize                   = 5839372                                {pd product} {ergonomic}
    uintx NonProfiledCodeHeapSize                  = 122909434                              {pd product} {ergonomic}
    uintx ProfiledCodeHeapSize                     = 122909434                              {pd product} {ergonomic}
    uintx ReservedCodeCacheSize                    = 251658240                              {pd product} {ergonomic}
     bool SegmentedCodeCache                       = true                                      {product} {ergonomic}
   size_t SoftMaxHeapSize                          = 4294967296                             {manageable} {ergonomic}
     bool UseCompressedClassPointers               = true                           {product lp64_product} {ergonomic}
     bool UseCompressedOops                        = true                           {product lp64_product} {ergonomic}
     bool UseG1GC                                  = true                                      {product} {ergonomic}
     bool UseLargePagesIndividualAllocation        = false                                  {pd product} {ergonomic}

Logging:
Log output configuration:
 #0: stdout all=warning uptime,level,tags
 #1: stderr all=off uptime,level,tags

Environment Variables:
JAVA_HOME=C:\Program Files\Android\Android Studio\jbr
CLASSPATH=C:\Users\zeoon\OneDrive\Belgeler\GitHub\McQueenCargo\android\\gradle\wrapper\gradle-wrapper.jar
PATH=C:\Program Files\Android\Android Studio\jbr\bin;C:\Python312\Scripts\;C:\Python312\;D:\src\flutter\bin;C:\Program Files\dotnet\;C:\ProgramData\chocolatey\bin;D:\MATRIKS;D:\MATRIKS\System32\;D:\Git\cmd;C:\Windows\System32;C:\Users\zeoon\AppData\Local\Android\Sdk\platform-tools;D:\src\flutter\bin;C:\Users\zeoon\.dotnet\tools;C:\Users\zeoon\AppData\Local\Programs\Microsoft VS Code\bin;C:\Users\zeoon\AppData\Local\GitHubDesktop\bin;D:\src\flutter\bin\mingit\cmd;D:\src\flutter\bin\mingit\cmd
USERNAME=zeoon
OS=Windows_NT
PROCESSOR_IDENTIFIER=Intel64 Family 6 Model 140 Stepping 1, GenuineIntel
TMP=C:\Users\zeoon\AppData\Local\Temp
TEMP=C:\Users\zeoon\AppData\Local\Temp


JNI global refs:
JNI global refs: 29, weak refs: 17

JNI global refs memory usage: 843, weak refs: 841


---------------  S Y S T E M  ---------------

OS:
 Windows 10 , 64 bit Build 19041 (10.0.19041.3636)
OS uptime: 0 days 0:46 hours

CPU: total 8 (initial active 8) (4 cores per cpu, 2 threads per core) family 6 model 140 stepping 1 microcode 0x8a, cx8, cmov, fxsr, ht, mmx, 3dnowpref, sse, sse2, sse3, ssse3, sse4.1, sse4.2, popcnt, lzcnt, tsc, tscinvbit, avx, avx2, aes, erms, clmul, bmi1, bmi2, adx, avx512f, avx512dq, avx512cd, avx512bw, avx512vl, sha, fma, vzeroupper, avx512_vpopcntdq, avx512_vpclmulqdq, avx512_vaes, avx512_vnni, clflush, clflushopt, clwb, avx512_vbmi2, avx512_vbmi

Memory: 4k page, system-wide physical 7991M (287M free)
TotalPageFile size 15349M (AvailPageFile size 241M)
current process WorkingSet (physical memory assigned to process): 492M, peak: 527M
current process commit charge ("private bytes"): 714M, peak: 956M

vm_info: OpenJDK 64-Bit Server VM (17.0.6+0-b2043.56-10027231) for windows-amd64 JRE (17.0.6+0-b2043.56-10027231), built on Apr 28 2023 00:43:19 by "androidbuild" with MS VC++ 16.10 / 16.11 (VS2019)

END.
