#
# There is insufficient memory for the Java Runtime Environment to continue.
# Native memory allocation (malloc) failed to allocate 2433296 bytes for Chunk::new
# Possible reasons:
#   The system is out of physical RAM or swap space
#   The process is running with CompressedOops enabled, and the Java Heap may be blocking the growth of the native heap
# Possible solutions:
#   Reduce memory load on the system
#   Increase physical memory or swap space
#   Check if swap backing store is full
#   Decrease Java heap size (-Xmx/-Xms)
#   Decrease number of Java threads
#   Decrease Java thread stack sizes (-Xss)
#   Set larger code cache with -XX:ReservedCodeCacheSize=
#   JVM is running with Zero Based Compressed Oops mode in which the Java heap is
#     placed in the first 32GB address space. The Java Heap base address is the
#     maximum limit for the native heap growth. Please use -XX:HeapBaseMinAddress
#     to set the Java Heap base and to place the Java Heap above 32GB virtual address.
# This output file may be truncated or incomplete.
#
#  Out of Memory Error (arena.cpp:189), pid=10100, tid=2196
#
# JRE version: OpenJDK Runtime Environment (17.0.6) (build 17.0.6+0-b2043.56-10027231)
# Java VM: OpenJDK 64-Bit Server VM (17.0.6+0-b2043.56-10027231, mixed mode, tiered, compressed oops, compressed class ptrs, g1 gc, windows-amd64)
# No core dump will be written. Minidumps are not enabled by default on client versions of Windows
#

---------------  S U M M A R Y ------------

Command Line: --add-opens=java.base/java.util=ALL-UNNAMED --add-opens=java.base/java.lang=ALL-UNNAMED --add-opens=java.base/java.lang.invoke=ALL-UNNAMED --add-opens=java.base/java.util=ALL-UNNAMED --add-opens=java.prefs/java.util.prefs=ALL-UNNAMED --add-opens=java.prefs/java.util.prefs=ALL-UNNAMED --add-opens=java.base/java.nio.charset=ALL-UNNAMED --add-opens=java.base/java.net=ALL-UNNAMED --add-opens=java.base/java.util.concurrent.atomic=ALL-UNNAMED -Xmx4G -Dfile.encoding=windows-1254 -Duser.country=TR -Duser.language=tr -Duser.variant org.gradle.launcher.daemon.bootstrap.GradleDaemon 7.5

Host: 11th Gen Intel(R) Core(TM) i5-1135G7 @ 2.40GHz, 8 cores, 7G,  Windows 10 , 64 bit Build 19041 (10.0.19041.3636)
Time: Fri Jun  7 15:12:52 2024 Türkiye Standart Saati elapsed time: 21.373008 seconds (0d 0h 0m 21s)

---------------  T H R E A D  ---------------

Current thread (0x000002a4e6056d90):  JavaThread "C2 CompilerThread0" daemon [_thread_in_native, id=2196, stack(0x000000ca21000000,0x000000ca21100000)]


Current CompileTask:
C2:  21373 8433       4       org.gradle.internal.instantiation.generator.AbstractClassGenerator::inspectType (560 bytes)

Stack: [0x000000ca21000000,0x000000ca21100000]
Native frames: (J=compiled Java code, j=interpreted, Vv=VM code, C=native code)
V  [jvm.dll+0x683c9a]
V  [jvm.dll+0x8427a4]
V  [jvm.dll+0x843f9e]
V  [jvm.dll+0x844603]
V  [jvm.dll+0x249b75]
V  [jvm.dll+0xabcac]
V  [jvm.dll+0xac27c]
V  [jvm.dll+0x368802]
V  [jvm.dll+0x332f31]
V  [jvm.dll+0x3323da]
V  [jvm.dll+0x21c201]
V  [jvm.dll+0x21b621]
V  [jvm.dll+0x1a4fdd]
V  [jvm.dll+0x22b098]
V  [jvm.dll+0x229159]
V  [jvm.dll+0x7f81ec]
V  [jvm.dll+0x7f274a]
V  [jvm.dll+0x682ad5]
C  [ucrtbase.dll+0x21bb2]
C  [KERNEL32.DLL+0x17344]
C  [ntdll.dll+0x526b1]


---------------  P R O C E S S  ---------------

Threads class SMR info:
_java_thread_list=0x000002a4e8afaaa0, length=136, elements={
0x000002a4c4af3be0, 0x000002a4e551d6b0, 0x000002a4e551e170, 0x000002a4e602c850,
0x000002a4e604eff0, 0x000002a4e60518c0, 0x000002a4e6054190, 0x000002a4e6056d90,
0x000002a4e6069400, 0x000002a4e6069d00, 0x000002a4e61d6350, 0x000002a4e61ee420,
0x000002a4e7b07450, 0x000002a4e76ae420, 0x000002a4e775e3c0, 0x000002a4e7965820,
0x000002a4e841e400, 0x000002a4e841eca0, 0x000002a4e7acb830, 0x000002a4e77dad40,
0x000002a4e77da870, 0x000002a4e77db210, 0x000002a4e77db6e0, 0x000002a4e77dc550,
0x000002a4e77dbbb0, 0x000002a4e77d9530, 0x000002a4e77dc080, 0x000002a4e77da3a0,
0x000002a4e77dca20, 0x000002a4e77d9060, 0x000002a4e77d9a00, 0x000002a4e77d9ed0,
0x000002a4e880ceb0, 0x000002a4e880e1f0, 0x000002a4e880f060, 0x000002a4e880b1d0,
0x000002a4e880e6c0, 0x000002a4e8809020, 0x000002a4e880c040, 0x000002a4e88094f0,
0x000002a4e8808b50, 0x000002a4e880c510, 0x000002a4e880fa00, 0x000002a4e8808680,
0x000002a4e8809e90, 0x000002a4e88081b0, 0x000002a4e880b6a0, 0x000002a4e880a360,
0x000002a4e880d380, 0x000002a4e880a830, 0x000002a4e880bb70, 0x000002a4e880ad00,
0x000002a4e880d850, 0x000002a4e92ac3e0, 0x000002a4e92abf10, 0x000002a4e92aa700,
0x000002a4e92a8080, 0x000002a4e92a6870, 0x000002a4e92a7bb0, 0x000002a4e92a7210,
0x000002a4e92ac8b0, 0x000002a4e92a8550, 0x000002a4e92a8a20, 0x000002a4e92aba40,
0x000002a4e92a8ef0, 0x000002a4e92a5a00, 0x000002a4e92aa230, 0x000002a4e92a76e0,
0x000002a4e92a5ed0, 0x000002a4e92a63a0, 0x000002a4e92a93c0, 0x000002a4e92a9890,
0x000002a4e92a9d60, 0x000002a4e92aabd0, 0x000002a4e92ab0a0, 0x000002a4e92ab570,
0x000002a4e92a5060, 0x000002a4e92a6d40, 0x000002a4e6fbfaa0, 0x000002a4e6fbe760,
0x000002a4e6fbec30, 0x000002a4e6fc12b0, 0x000002a4e6fbd8f0, 0x000002a4e6fbb270,
0x000002a4e6fbcf50, 0x000002a4e6fbca80, 0x000002a4e6fbddc0, 0x000002a4e6fc0440,
0x000002a4e6fbb740, 0x000002a4e6fba8d0, 0x000002a4e6fbf100, 0x000002a4e6fbe290,
0x000002a4e6fc0910, 0x000002a4e6fbada0, 0x000002a4e6fbf5d0, 0x000002a4e6fbff70,
0x000002a4e6fba400, 0x000002a4e6fbbc10, 0x000002a4e6fbd420, 0x000002a4e6fc0de0,
0x000002a4e6fc1780, 0x000002a4e6fbc0e0, 0x000002a4e6fb9f30, 0x000002a4e6fbc5b0,
0x000002a4e8cf9980, 0x000002a4e8cf6490, 0x000002a4e8cf9e50, 0x000002a4e8cf8fe0,
0x000002a4e8cf6960, 0x000002a4e8cfa320, 0x000002a4e8cf7300, 0x000002a4e8cfd810,
0x000002a4e8cf7ca0, 0x000002a4e8cf8170, 0x000002a4e8cfce70, 0x000002a4e8cf6e30,
0x000002a4e8cf77d0, 0x000002a4e8cfa7f0, 0x000002a4e8cfacc0, 0x000002a4e8cfb190,
0x000002a4e8cfb660, 0x000002a4e8cfdce0, 0x000002a4e8cf8640, 0x000002a4e8cfbb30,
0x000002a4e8cfc000, 0x000002a4e8cfc4d0, 0x000002a4e8cfc9a0, 0x000002a4e8cf8b10,
0x000002a4e8cf94b0, 0x000002a4e8cfd340, 0x000002a4eaf59380, 0x000002a4eaf53ce0,
0x000002a4eaf589e0, 0x000002a4eaf53340, 0x000002a4eaf571d0, 0x000002a4eaf524d0
}

Java Threads: ( => current thread )
  0x000002a4c4af3be0 JavaThread "main" [_thread_blocked, id=5216, stack(0x000000ca20300000,0x000000ca20400000)]
  0x000002a4e551d6b0 JavaThread "Reference Handler" daemon [_thread_blocked, id=300, stack(0x000000ca20a00000,0x000000ca20b00000)]
  0x000002a4e551e170 JavaThread "Finalizer" daemon [_thread_blocked, id=16720, stack(0x000000ca20b00000,0x000000ca20c00000)]
  0x000002a4e602c850 JavaThread "Signal Dispatcher" daemon [_thread_blocked, id=724, stack(0x000000ca20c00000,0x000000ca20d00000)]
  0x000002a4e604eff0 JavaThread "Attach Listener" daemon [_thread_blocked, id=11980, stack(0x000000ca20d00000,0x000000ca20e00000)]
  0x000002a4e60518c0 JavaThread "Service Thread" daemon [_thread_blocked, id=18984, stack(0x000000ca20e00000,0x000000ca20f00000)]
  0x000002a4e6054190 JavaThread "Monitor Deflation Thread" daemon [_thread_blocked, id=1960, stack(0x000000ca20f00000,0x000000ca21000000)]
=>0x000002a4e6056d90 JavaThread "C2 CompilerThread0" daemon [_thread_in_native, id=2196, stack(0x000000ca21000000,0x000000ca21100000)]
  0x000002a4e6069400 JavaThread "C1 CompilerThread0" daemon [_thread_in_native, id=3420, stack(0x000000ca21100000,0x000000ca21200000)]
  0x000002a4e6069d00 JavaThread "Sweeper thread" daemon [_thread_blocked, id=1260, stack(0x000000ca21200000,0x000000ca21300000)]
  0x000002a4e61d6350 JavaThread "Common-Cleaner" daemon [_thread_blocked, id=16768, stack(0x000000ca21300000,0x000000ca21400000)]
  0x000002a4e61ee420 JavaThread "Notification Thread" daemon [_thread_blocked, id=5836, stack(0x000000ca21400000,0x000000ca21500000)]
  0x000002a4e7b07450 JavaThread "Daemon health stats" [_thread_blocked, id=3196, stack(0x000000ca21a00000,0x000000ca21b00000)]
  0x000002a4e76ae420 JavaThread "Incoming local TCP Connector on port 52396" [_thread_in_native, id=10204, stack(0x000000ca21b00000,0x000000ca21c00000)]
  0x000002a4e775e3c0 JavaThread "Daemon periodic checks" [_thread_blocked, id=9652, stack(0x000000ca21c00000,0x000000ca21d00000)]
  0x000002a4e7965820 JavaThread "Daemon" [_thread_blocked, id=16028, stack(0x000000ca21d00000,0x000000ca21e00000)]
  0x000002a4e841e400 JavaThread "Handler for socket connection from /127.0.0.1:52396 to /127.0.0.1:52397" [_thread_in_native, id=3212, stack(0x000000ca21e00000,0x000000ca21f00000)]
  0x000002a4e841eca0 JavaThread "Cancel handler" [_thread_blocked, id=3724, stack(0x000000ca21f00000,0x000000ca22000000)]
  0x000002a4e7acb830 JavaThread "Daemon worker" [_thread_in_vm, id=2768, stack(0x000000ca22000000,0x000000ca22100000)]
  0x000002a4e77dad40 JavaThread "Asynchronous log dispatcher for DefaultDaemonConnection: socket connection from /127.0.0.1:52396 to /127.0.0.1:52397" [_thread_blocked, id=2164, stack(0x000000ca22100000,0x000000ca22200000)]
  0x000002a4e77da870 JavaThread "Stdin handler" [_thread_blocked, id=13004, stack(0x000000ca22200000,0x000000ca22300000)]
  0x000002a4e77db210 JavaThread "Daemon client event forwarder" [_thread_blocked, id=8648, stack(0x000000ca22300000,0x000000ca22400000)]
  0x000002a4e77db6e0 JavaThread "Cache worker for journal cache (C:\Users\zeoon\.gradle\caches\journal-1)" [_thread_blocked, id=2160, stack(0x000000ca22400000,0x000000ca22500000)]
  0x000002a4e77dc550 JavaThread "File lock request listener" [_thread_in_native, id=11488, stack(0x000000ca22500000,0x000000ca22600000)]
  0x000002a4e77dbbb0 JavaThread "Cache worker for file hash cache (C:\Users\zeoon\.gradle\caches\7.5\fileHashes)" [_thread_blocked, id=19244, stack(0x000000ca22a00000,0x000000ca22b00000)]
  0x000002a4e77d9530 JavaThread "File watcher server" daemon [_thread_in_native, id=5988, stack(0x000000ca22b00000,0x000000ca22c00000)]
  0x000002a4e77dc080 JavaThread "File watcher consumer" daemon [_thread_blocked, id=5316, stack(0x000000ca22c00000,0x000000ca22d00000)]
  0x000002a4e77da3a0 JavaThread "File lock release action executor" [_thread_blocked, id=4648, stack(0x000000ca22d00000,0x000000ca22e00000)]
  0x000002a4e77dca20 JavaThread "Cache worker for checksums cache (C:\Users\zeoon\OneDrive\Belgeler\GitHub\McQueenCargo\android\.gradle\7.5\checksums)" [_thread_blocked, id=9456, stack(0x000000ca22e00000,0x000000ca22f00000)]
  0x000002a4e77d9060 JavaThread "Cache worker for cache directory md-rule (C:\Users\zeoon\.gradle\caches\7.5\md-rule)" [_thread_blocked, id=10176, stack(0x000000ca22f00000,0x000000ca23000000)]
  0x000002a4e77d9a00 JavaThread "Cache worker for file content cache (C:\Users\zeoon\.gradle\caches\7.5\fileContent)" [_thread_blocked, id=17092, stack(0x000000ca23000000,0x000000ca23100000)]
  0x000002a4e77d9ed0 JavaThread "Cache worker for file hash cache (C:\Users\zeoon\OneDrive\Belgeler\GitHub\McQueenCargo\android\.gradle\7.5\fileHashes)" [_thread_blocked, id=9076, stack(0x000000ca23100000,0x000000ca23200000)]
  0x000002a4e880ceb0 JavaThread "Cache worker for cache directory md-supplier (C:\Users\zeoon\.gradle\caches\7.5\md-supplier)" [_thread_blocked, id=15236, stack(0x000000ca23200000,0x000000ca23300000)]
  0x000002a4e880e1f0 JavaThread "Cache worker for execution history cache (C:\Users\zeoon\.gradle\caches\7.5\executionHistory)" [_thread_blocked, id=4836, stack(0x000000ca23300000,0x000000ca23400000)]
  0x000002a4e880f060 JavaThread "jar transforms" [_thread_blocked, id=5256, stack(0x000000ca23400000,0x000000ca23500000)]
  0x000002a4e880b1d0 JavaThread "Cache worker for kotlin-dsl (C:\Users\zeoon\.gradle\caches\7.5\kotlin-dsl)" [_thread_blocked, id=11396, stack(0x000000ca23500000,0x000000ca23600000)]
  0x000002a4e880e6c0 JavaThread "jar transforms Thread 2" [_thread_blocked, id=12868, stack(0x000000ca23600000,0x000000ca23700000)]
  0x000002a4e8809020 JavaThread "Cache worker for dependencies-accessors (C:\Users\zeoon\OneDrive\Belgeler\GitHub\McQueenCargo\android\.gradle\7.5\dependencies-accessors)" [_thread_blocked, id=1296, stack(0x000000ca23700000,0x000000ca23800000)]
  0x000002a4e880c040 JavaThread "Cache worker for Build Output Cleanup Cache (D:\src\flutter\packages\flutter_tools\gradle\.gradle\buildOutputCleanup)" [_thread_blocked, id=17040, stack(0x000000ca23800000,0x000000ca23900000)]
  0x000002a4e88094f0 JavaThread "jar transforms Thread 3" [_thread_blocked, id=11888, stack(0x000000ca23900000,0x000000ca23a00000)]
  0x000002a4e8808b50 JavaThread "Memory manager" [_thread_blocked, id=10048, stack(0x000000ca23a00000,0x000000ca23b00000)]
  0x000002a4e880c510 JavaThread "jar transforms Thread 4" [_thread_blocked, id=2864, stack(0x000000ca23b00000,0x000000ca23c00000)]
  0x000002a4e880fa00 JavaThread "included builds" [_thread_blocked, id=11188, stack(0x000000ca23c00000,0x000000ca23d00000)]
  0x000002a4e8808680 JavaThread "Execution worker" [_thread_blocked, id=460, stack(0x000000ca23d00000,0x000000ca23e00000)]
  0x000002a4e8809e90 JavaThread "Execution worker Thread 2" [_thread_blocked, id=18732, stack(0x000000ca23e00000,0x000000ca23f00000)]
  0x000002a4e88081b0 JavaThread "Execution worker Thread 3" [_thread_blocked, id=6756, stack(0x000000ca23f00000,0x000000ca24000000)]
  0x000002a4e880b6a0 JavaThread "Execution worker Thread 4" [_thread_blocked, id=15248, stack(0x000000ca24000000,0x000000ca24100000)]
  0x000002a4e880a360 JavaThread "Execution worker Thread 5" [_thread_blocked, id=4152, stack(0x000000ca24100000,0x000000ca24200000)]
  0x000002a4e880d380 JavaThread "Execution worker Thread 6" [_thread_blocked, id=10936, stack(0x000000ca24200000,0x000000ca24300000)]
  0x000002a4e880a830 JavaThread "Execution worker Thread 7" [_thread_blocked, id=14884, stack(0x000000ca24300000,0x000000ca24400000)]
  0x000002a4e880bb70 JavaThread "Cache worker for execution history cache (D:\src\flutter\packages\flutter_tools\gradle\.gradle\7.5\executionHistory)" [_thread_blocked, id=12536, stack(0x000000ca24400000,0x000000ca24500000)]
  0x000002a4e880ad00 JavaThread "Unconstrained build operations" [_thread_blocked, id=4088, stack(0x000000ca24500000,0x000000ca24600000)]
  0x000002a4e880d850 JavaThread "Unconstrained build operations Thread 2" [_thread_blocked, id=15572, stack(0x000000ca24600000,0x000000ca24700000)]
  0x000002a4e92ac3e0 JavaThread "Unconstrained build operations Thread 3" [_thread_blocked, id=18104, stack(0x000000ca24700000,0x000000ca24800000)]
  0x000002a4e92abf10 JavaThread "Unconstrained build operations Thread 4" [_thread_blocked, id=12508, stack(0x000000ca24800000,0x000000ca24900000)]
  0x000002a4e92aa700 JavaThread "Unconstrained build operations Thread 5" [_thread_blocked, id=15244, stack(0x000000ca24900000,0x000000ca24a00000)]
  0x000002a4e92a8080 JavaThread "Unconstrained build operations Thread 6" [_thread_blocked, id=5496, stack(0x000000ca24a00000,0x000000ca24b00000)]
  0x000002a4e92a6870 JavaThread "Unconstrained build operations Thread 7" [_thread_blocked, id=16548, stack(0x000000ca24b00000,0x000000ca24c00000)]
  0x000002a4e92a7bb0 JavaThread "Unconstrained build operations Thread 8" [_thread_blocked, id=19404, stack(0x000000ca24c00000,0x000000ca24d00000)]
  0x000002a4e92a7210 JavaThread "Unconstrained build operations Thread 9" [_thread_blocked, id=3120, stack(0x000000ca24d00000,0x000000ca24e00000)]
  0x000002a4e92ac8b0 JavaThread "Unconstrained build operations Thread 10" [_thread_blocked, id=8152, stack(0x000000ca24e00000,0x000000ca24f00000)]
  0x000002a4e92a8550 JavaThread "Unconstrained build operations Thread 11" [_thread_blocked, id=6836, stack(0x000000ca24f00000,0x000000ca25000000)]
  0x000002a4e92a8a20 JavaThread "Unconstrained build operations Thread 12" [_thread_blocked, id=10712, stack(0x000000ca25000000,0x000000ca25100000)]
  0x000002a4e92aba40 JavaThread "Unconstrained build operations Thread 13" [_thread_blocked, id=3772, stack(0x000000ca25100000,0x000000ca25200000)]
  0x000002a4e92a8ef0 JavaThread "Unconstrained build operations Thread 14" [_thread_blocked, id=16416, stack(0x000000ca25200000,0x000000ca25300000)]
  0x000002a4e92a5a00 JavaThread "Unconstrained build operations Thread 15" [_thread_blocked, id=6640, stack(0x000000ca25300000,0x000000ca25400000)]
  0x000002a4e92aa230 JavaThread "Unconstrained build operations Thread 16" [_thread_blocked, id=17044, stack(0x000000ca25400000,0x000000ca25500000)]
  0x000002a4e92a76e0 JavaThread "Unconstrained build operations Thread 17" [_thread_blocked, id=6156, stack(0x000000ca25500000,0x000000ca25600000)]
  0x000002a4e92a5ed0 JavaThread "Unconstrained build operations Thread 18" [_thread_blocked, id=3372, stack(0x000000ca25600000,0x000000ca25700000)]
  0x000002a4e92a63a0 JavaThread "Unconstrained build operations Thread 19" [_thread_blocked, id=14136, stack(0x000000ca25700000,0x000000ca25800000)]
  0x000002a4e92a93c0 JavaThread "Unconstrained build operations Thread 20" [_thread_blocked, id=7932, stack(0x000000ca25800000,0x000000ca25900000)]
  0x000002a4e92a9890 JavaThread "Unconstrained build operations Thread 21" [_thread_blocked, id=9548, stack(0x000000ca25900000,0x000000ca25a00000)]
  0x000002a4e92a9d60 JavaThread "Unconstrained build operations Thread 22" [_thread_blocked, id=4736, stack(0x000000ca25a00000,0x000000ca25b00000)]
  0x000002a4e92aabd0 JavaThread "Unconstrained build operations Thread 23" [_thread_blocked, id=12364, stack(0x000000ca25b00000,0x000000ca25c00000)]
  0x000002a4e92ab0a0 JavaThread "Unconstrained build operations Thread 24" [_thread_blocked, id=10344, stack(0x000000ca25c00000,0x000000ca25d00000)]
  0x000002a4e92ab570 JavaThread "Unconstrained build operations Thread 25" [_thread_blocked, id=12924, stack(0x000000ca25d00000,0x000000ca25e00000)]
  0x000002a4e92a5060 JavaThread "Unconstrained build operations Thread 26" [_thread_blocked, id=10948, stack(0x000000ca25e00000,0x000000ca25f00000)]
  0x000002a4e92a6d40 JavaThread "Unconstrained build operations Thread 27" [_thread_blocked, id=6736, stack(0x000000ca25f00000,0x000000ca26000000)]
  0x000002a4e6fbfaa0 JavaThread "Unconstrained build operations Thread 28" [_thread_blocked, id=6048, stack(0x000000ca26000000,0x000000ca26100000)]
  0x000002a4e6fbe760 JavaThread "Unconstrained build operations Thread 29" [_thread_blocked, id=16660, stack(0x000000ca26100000,0x000000ca26200000)]
  0x000002a4e6fbec30 JavaThread "Unconstrained build operations Thread 30" [_thread_blocked, id=17172, stack(0x000000ca26200000,0x000000ca26300000)]
  0x000002a4e6fc12b0 JavaThread "Unconstrained build operations Thread 31" [_thread_blocked, id=5364, stack(0x000000ca26300000,0x000000ca26400000)]
  0x000002a4e6fbd8f0 JavaThread "Unconstrained build operations Thread 32" [_thread_blocked, id=4388, stack(0x000000ca26400000,0x000000ca26500000)]
  0x000002a4e6fbb270 JavaThread "Unconstrained build operations Thread 33" [_thread_blocked, id=19336, stack(0x000000ca26500000,0x000000ca26600000)]
  0x000002a4e6fbcf50 JavaThread "Unconstrained build operations Thread 34" [_thread_blocked, id=676, stack(0x000000ca26600000,0x000000ca26700000)]
  0x000002a4e6fbca80 JavaThread "Unconstrained build operations Thread 35" [_thread_blocked, id=18004, stack(0x000000ca26700000,0x000000ca26800000)]
  0x000002a4e6fbddc0 JavaThread "Unconstrained build operations Thread 36" [_thread_blocked, id=5340, stack(0x000000ca26800000,0x000000ca26900000)]
  0x000002a4e6fc0440 JavaThread "Unconstrained build operations Thread 37" [_thread_blocked, id=6060, stack(0x000000ca26900000,0x000000ca26a00000)]
  0x000002a4e6fbb740 JavaThread "Unconstrained build operations Thread 38" [_thread_blocked, id=10652, stack(0x000000ca26a00000,0x000000ca26b00000)]
  0x000002a4e6fba8d0 JavaThread "Unconstrained build operations Thread 39" [_thread_blocked, id=11816, stack(0x000000ca26b00000,0x000000ca26c00000)]
  0x000002a4e6fbf100 JavaThread "Unconstrained build operations Thread 40" [_thread_blocked, id=17888, stack(0x000000ca26c00000,0x000000ca26d00000)]
  0x000002a4e6fbe290 JavaThread "Unconstrained build operations Thread 41" [_thread_blocked, id=5428, stack(0x000000ca26d00000,0x000000ca26e00000)]
  0x000002a4e6fc0910 JavaThread "Unconstrained build operations Thread 42" [_thread_blocked, id=5512, stack(0x000000ca26e00000,0x000000ca26f00000)]
  0x000002a4e6fbada0 JavaThread "Unconstrained build operations Thread 43" [_thread_blocked, id=3480, stack(0x000000ca26f00000,0x000000ca27000000)]
  0x000002a4e6fbf5d0 JavaThread "Unconstrained build operations Thread 44" [_thread_blocked, id=11192, stack(0x000000ca27000000,0x000000ca27100000)]
  0x000002a4e6fbff70 JavaThread "Unconstrained build operations Thread 45" [_thread_blocked, id=18744, stack(0x000000ca27100000,0x000000ca27200000)]
  0x000002a4e6fba400 JavaThread "Unconstrained build operations Thread 46" [_thread_blocked, id=15380, stack(0x000000ca27200000,0x000000ca27300000)]
  0x000002a4e6fbbc10 JavaThread "Unconstrained build operations Thread 47" [_thread_blocked, id=2180, stack(0x000000ca27300000,0x000000ca27400000)]
  0x000002a4e6fbd420 JavaThread "Unconstrained build operations Thread 48" [_thread_blocked, id=18548, stack(0x000000ca27400000,0x000000ca27500000)]
  0x000002a4e6fc0de0 JavaThread "Unconstrained build operations Thread 49" [_thread_blocked, id=1076, stack(0x000000ca27500000,0x000000ca27600000)]
  0x000002a4e6fc1780 JavaThread "Unconstrained build operations Thread 50" [_thread_blocked, id=19088, stack(0x000000ca27600000,0x000000ca27700000)]
  0x000002a4e6fbc0e0 JavaThread "Unconstrained build operations Thread 51" [_thread_blocked, id=3408, stack(0x000000ca27700000,0x000000ca27800000)]
  0x000002a4e6fb9f30 JavaThread "Unconstrained build operations Thread 52" [_thread_blocked, id=5960, stack(0x000000ca27800000,0x000000ca27900000)]
  0x000002a4e6fbc5b0 JavaThread "Unconstrained build operations Thread 53" [_thread_blocked, id=10732, stack(0x000000ca27900000,0x000000ca27a00000)]
  0x000002a4e8cf9980 JavaThread "Unconstrained build operations Thread 54" [_thread_blocked, id=7296, stack(0x000000ca27a00000,0x000000ca27b00000)]
  0x000002a4e8cf6490 JavaThread "Unconstrained build operations Thread 55" [_thread_blocked, id=6668, stack(0x000000ca27b00000,0x000000ca27c00000)]
  0x000002a4e8cf9e50 JavaThread "Unconstrained build operations Thread 56" [_thread_blocked, id=15496, stack(0x000000ca27c00000,0x000000ca27d00000)]
  0x000002a4e8cf8fe0 JavaThread "Unconstrained build operations Thread 57" [_thread_blocked, id=4432, stack(0x000000ca27d00000,0x000000ca27e00000)]
  0x000002a4e8cf6960 JavaThread "Unconstrained build operations Thread 58" [_thread_blocked, id=5052, stack(0x000000ca27e00000,0x000000ca27f00000)]
  0x000002a4e8cfa320 JavaThread "Unconstrained build operations Thread 59" [_thread_blocked, id=10436, stack(0x000000ca27f00000,0x000000ca28000000)]
  0x000002a4e8cf7300 JavaThread "Unconstrained build operations Thread 60" [_thread_blocked, id=4932, stack(0x000000ca28000000,0x000000ca28100000)]
  0x000002a4e8cfd810 JavaThread "Unconstrained build operations Thread 61" [_thread_blocked, id=3988, stack(0x000000ca28100000,0x000000ca28200000)]
  0x000002a4e8cf7ca0 JavaThread "Unconstrained build operations Thread 62" [_thread_blocked, id=12748, stack(0x000000ca28200000,0x000000ca28300000)]
  0x000002a4e8cf8170 JavaThread "Unconstrained build operations Thread 63" [_thread_blocked, id=12772, stack(0x000000ca28300000,0x000000ca28400000)]
  0x000002a4e8cfce70 JavaThread "Unconstrained build operations Thread 64" [_thread_blocked, id=4076, stack(0x000000ca28400000,0x000000ca28500000)]
  0x000002a4e8cf6e30 JavaThread "Unconstrained build operations Thread 65" [_thread_blocked, id=12716, stack(0x000000ca28500000,0x000000ca28600000)]
  0x000002a4e8cf77d0 JavaThread "Unconstrained build operations Thread 66" [_thread_blocked, id=13972, stack(0x000000ca28600000,0x000000ca28700000)]
  0x000002a4e8cfa7f0 JavaThread "Unconstrained build operations Thread 67" [_thread_blocked, id=6388, stack(0x000000ca28700000,0x000000ca28800000)]
  0x000002a4e8cfacc0 JavaThread "Unconstrained build operations Thread 68" [_thread_blocked, id=1060, stack(0x000000ca28800000,0x000000ca28900000)]
  0x000002a4e8cfb190 JavaThread "Unconstrained build operations Thread 69" [_thread_blocked, id=12872, stack(0x000000ca28900000,0x000000ca28a00000)]
  0x000002a4e8cfb660 JavaThread "Unconstrained build operations Thread 70" [_thread_blocked, id=12676, stack(0x000000ca28a00000,0x000000ca28b00000)]
  0x000002a4e8cfdce0 JavaThread "Unconstrained build operations Thread 71" [_thread_blocked, id=6004, stack(0x000000ca28b00000,0x000000ca28c00000)]
  0x000002a4e8cf8640 JavaThread "Unconstrained build operations Thread 72" [_thread_blocked, id=17384, stack(0x000000ca28c00000,0x000000ca28d00000)]
  0x000002a4e8cfbb30 JavaThread "Unconstrained build operations Thread 73" [_thread_blocked, id=1496, stack(0x000000ca28d00000,0x000000ca28e00000)]
  0x000002a4e8cfc000 JavaThread "Unconstrained build operations Thread 74" [_thread_blocked, id=3516, stack(0x000000ca28e00000,0x000000ca28f00000)]
  0x000002a4e8cfc4d0 JavaThread "Unconstrained build operations Thread 75" [_thread_blocked, id=3232, stack(0x000000ca28f00000,0x000000ca29000000)]
  0x000002a4e8cfc9a0 JavaThread "Unconstrained build operations Thread 76" [_thread_blocked, id=16944, stack(0x000000ca29000000,0x000000ca29100000)]
  0x000002a4e8cf8b10 JavaThread "Unconstrained build operations Thread 77" [_thread_blocked, id=18840, stack(0x000000ca29100000,0x000000ca29200000)]
  0x000002a4e8cf94b0 JavaThread "Unconstrained build operations Thread 78" [_thread_blocked, id=5824, stack(0x000000ca29200000,0x000000ca29300000)]
  0x000002a4e8cfd340 JavaThread "Unconstrained build operations Thread 79" [_thread_blocked, id=12100, stack(0x000000ca29300000,0x000000ca29400000)]
  0x000002a4eaf59380 JavaThread "Unconstrained build operations Thread 80" [_thread_blocked, id=3244, stack(0x000000ca29400000,0x000000ca29500000)]
  0x000002a4eaf53ce0 JavaThread "jar transforms Thread 5" [_thread_blocked, id=14004, stack(0x000000ca29500000,0x000000ca29600000)]
  0x000002a4eaf589e0 JavaThread "jar transforms Thread 6" [_thread_blocked, id=11220, stack(0x000000ca29600000,0x000000ca29700000)]
  0x000002a4eaf53340 JavaThread "jar transforms Thread 7" [_thread_blocked, id=17572, stack(0x000000ca29700000,0x000000ca29800000)]
  0x000002a4eaf571d0 JavaThread "jar transforms Thread 8" [_thread_blocked, id=12576, stack(0x000000ca29800000,0x000000ca29900000)]
  0x000002a4eaf524d0 JavaThread "Cache worker for Build Output Cleanup Cache (C:\Users\zeoon\OneDrive\Belgeler\GitHub\McQueenCargo\android\.gradle\buildOutputCleanup)" [_thread_blocked, id=14152, stack(0x000000ca29900000,0x000000ca29a00000)]

Other Threads:
  0x000002a4e5534320 VMThread "VM Thread" [stack: 0x000000ca20900000,0x000000ca20a00000] [id=9348]
  0x000002a4e61d4020 WatcherThread [stack: 0x000000ca21500000,0x000000ca21600000] [id=17996]
  0x000002a4c4b611d0 GCTaskThread "GC Thread#0" [stack: 0x000000ca20400000,0x000000ca20500000] [id=9264]
  0x000002a4e6b15090 GCTaskThread "GC Thread#1" [stack: 0x000000ca21600000,0x000000ca21700000] [id=17928]
  0x000002a4e6b15340 GCTaskThread "GC Thread#2" [stack: 0x000000ca21700000,0x000000ca21800000] [id=17236]
  0x000002a4e641ccc0 GCTaskThread "GC Thread#3" [stack: 0x000000ca21800000,0x000000ca21900000] [id=17736]
  0x000002a4e7069760 GCTaskThread "GC Thread#4" [stack: 0x000000ca21900000,0x000000ca21a00000] [id=2540]
  0x000002a4e84d2030 GCTaskThread "GC Thread#5" [stack: 0x000000ca22600000,0x000000ca22700000] [id=8860]
  0x000002a4e84d7340 GCTaskThread "GC Thread#6" [stack: 0x000000ca22700000,0x000000ca22800000] [id=15324]
  0x000002a4e84d75f0 GCTaskThread "GC Thread#7" [stack: 0x000000ca22800000,0x000000ca22900000] [id=15368]
  0x000002a4c4b72020 ConcurrentGCThread "G1 Main Marker" [stack: 0x000000ca20500000,0x000000ca20600000] [id=19376]
  0x000002a4c4b730e0 ConcurrentGCThread "G1 Conc#0" [stack: 0x000000ca20600000,0x000000ca20700000] [id=5212]
  0x000002a4e85526e0 ConcurrentGCThread "G1 Conc#1" [stack: 0x000000ca22900000,0x000000ca22a00000] [id=1212]
  0x000002a4c4bbd5e0 ConcurrentGCThread "G1 Refine#0" [stack: 0x000000ca20700000,0x000000ca20800000] [id=6776]
  0x000002a4c4bbdf10 ConcurrentGCThread "G1 Service" [stack: 0x000000ca20800000,0x000000ca20900000] [id=9708]

Threads with active compile tasks:
C2 CompilerThread0    21396 8433       4       org.gradle.internal.instantiation.generator.AbstractClassGenerator::inspectType (560 bytes)

VM state: not at safepoint (normal execution)

VM Mutex/Monitor currently owned by a thread: None

Heap address: 0x0000000700000000, size: 4096 MB, Compressed Oops mode: Zero based, Oop shift amount: 3

CDS archive(s) not mapped
Compressed class space mapped at: 0x0000000800000000-0x0000000840000000, reserved size: 1073741824
Narrow klass base: 0x0000000800000000, Narrow klass shift: 0, Narrow klass range: 0x40000000

GC Precious Log:
 CPUs: 8 total, 8 available
 Memory: 7991M
 Large Page Support: Disabled
 NUMA Support: Disabled
 Compressed Oops: Enabled (Zero based)
 Heap Region Size: 2M
 Heap Min Capacity: 8M
 Heap Initial Capacity: 126M
 Heap Max Capacity: 4G
 Pre-touch: Disabled
 Parallel Workers: 8
 Concurrent Workers: 2
 Concurrent Refinement Workers: 8
 Periodic GC: Disabled

Heap:
 garbage-first heap   total 116736K, used 88273K [0x0000000700000000, 0x0000000800000000)
  region size 2048K, 13 young (26624K), 1 survivors (2048K)
 Metaspace       used 78050K, committed 78656K, reserved 1122304K
  class space    used 10492K, committed 10752K, reserved 1048576K

Heap Regions: E=young(eden), S=young(survivor), O=old, HS=humongous(starts), HC=humongous(continues), CS=collection set, F=free, OA=open archive, CA=closed archive, TAMS=top-at-mark-start (previous, next)
|   0|0x0000000700000000, 0x0000000700200000, 0x0000000700200000|100%| O|  |TAMS 0x0000000700200000, 0x0000000700000000| Untracked 
|   1|0x0000000700200000, 0x00000007003fc400, 0x0000000700400000| 99%| O|  |TAMS 0x00000007003fc400, 0x0000000700200000| Untracked 
|   2|0x0000000700400000, 0x0000000700600000, 0x0000000700600000|100%|HS|  |TAMS 0x0000000700600000, 0x0000000700400000| Complete 
|   3|0x0000000700600000, 0x0000000700800000, 0x0000000700800000|100%|HC|  |TAMS 0x0000000700800000, 0x0000000700600000| Complete 
|   4|0x0000000700800000, 0x0000000700a00000, 0x0000000700a00000|100%| O|  |TAMS 0x0000000700a00000, 0x0000000700800000| Untracked 
|   5|0x0000000700a00000, 0x0000000700c00000, 0x0000000700c00000|100%| O|  |TAMS 0x0000000700c00000, 0x0000000700a00000| Untracked 
|   6|0x0000000700c00000, 0x0000000700e00000, 0x0000000700e00000|100%| O|  |TAMS 0x0000000700e00000, 0x0000000700c00000| Untracked 
|   7|0x0000000700e00000, 0x0000000701000000, 0x0000000701000000|100%| O|  |TAMS 0x0000000701000000, 0x0000000700e00000| Untracked 
|   8|0x0000000701000000, 0x0000000701200000, 0x0000000701200000|100%| O|  |TAMS 0x0000000701200000, 0x0000000701000000| Untracked 
|   9|0x0000000701200000, 0x0000000701400000, 0x0000000701400000|100%| O|  |TAMS 0x0000000701400000, 0x0000000701200000| Untracked 
|  10|0x0000000701400000, 0x0000000701600000, 0x0000000701600000|100%| O|  |TAMS 0x0000000701600000, 0x0000000701400000| Untracked 
|  11|0x0000000701600000, 0x0000000701800000, 0x0000000701800000|100%| O|  |TAMS 0x0000000701800000, 0x0000000701600000| Untracked 
|  12|0x0000000701800000, 0x0000000701a00000, 0x0000000701a00000|100%| O|  |TAMS 0x0000000701a00000, 0x0000000701800000| Untracked 
|  13|0x0000000701a00000, 0x0000000701c00000, 0x0000000701c00000|100%| O|  |TAMS 0x0000000701c00000, 0x0000000701a00000| Untracked 
|  14|0x0000000701c00000, 0x0000000701e00000, 0x0000000701e00000|100%| O|  |TAMS 0x0000000701e00000, 0x0000000701c00000| Untracked 
|  15|0x0000000701e00000, 0x0000000702000000, 0x0000000702000000|100%| O|  |TAMS 0x0000000702000000, 0x0000000701e00000| Untracked 
|  16|0x0000000702000000, 0x0000000702200000, 0x0000000702200000|100%| O|  |TAMS 0x0000000702200000, 0x0000000702000000| Untracked 
|  17|0x0000000702200000, 0x0000000702400000, 0x0000000702400000|100%| O|  |TAMS 0x0000000702400000, 0x0000000702200000| Untracked 
|  18|0x0000000702400000, 0x0000000702600000, 0x0000000702600000|100%| O|  |TAMS 0x0000000702600000, 0x0000000702400000| Untracked 
|  19|0x0000000702600000, 0x0000000702800000, 0x0000000702800000|100%| O|  |TAMS 0x0000000702800000, 0x0000000702600000| Untracked 
|  20|0x0000000702800000, 0x0000000702a00000, 0x0000000702a00000|100%| O|  |TAMS 0x0000000702a00000, 0x0000000702800000| Untracked 
|  21|0x0000000702a00000, 0x0000000702c00000, 0x0000000702c00000|100%| O|  |TAMS 0x0000000702c00000, 0x0000000702a00000| Untracked 
|  22|0x0000000702c00000, 0x0000000702e00000, 0x0000000702e00000|100%| O|  |TAMS 0x0000000702e00000, 0x0000000702c00000| Untracked 
|  23|0x0000000702e00000, 0x0000000703000000, 0x0000000703000000|100%|HS|  |TAMS 0x0000000703000000, 0x0000000702e00000| Complete 
|  24|0x0000000703000000, 0x0000000703200000, 0x0000000703200000|100%| O|  |TAMS 0x0000000703200000, 0x0000000703000000| Untracked 
|  25|0x0000000703200000, 0x0000000703400000, 0x0000000703400000|100%| O|  |TAMS 0x0000000703400000, 0x0000000703200000| Untracked 
|  26|0x0000000703400000, 0x0000000703600000, 0x0000000703600000|100%| O|  |TAMS 0x0000000703600000, 0x0000000703400000| Untracked 
|  27|0x0000000703600000, 0x0000000703800000, 0x0000000703800000|100%|HS|  |TAMS 0x0000000703800000, 0x0000000703600000| Complete 
|  28|0x0000000703800000, 0x0000000703a00000, 0x0000000703a00000|100%|HC|  |TAMS 0x0000000703a00000, 0x0000000703800000| Complete 
|  29|0x0000000703a00000, 0x0000000703c00000, 0x0000000703c00000|100%| O|  |TAMS 0x0000000703be6800, 0x0000000703a00000| Untracked 
|  30|0x0000000703c00000, 0x0000000703e00000, 0x0000000703e00000|100%| O|  |TAMS 0x0000000703c00000, 0x0000000703c00000| Untracked 
|  31|0x0000000703e00000, 0x0000000704000000, 0x0000000704000000|100%| O|  |TAMS 0x0000000703e00000, 0x0000000703e00000| Untracked 
|  32|0x0000000704000000, 0x0000000704076600, 0x0000000704200000| 23%| O|  |TAMS 0x0000000704000000, 0x0000000704000000| Untracked 
|  33|0x0000000704200000, 0x0000000704200000, 0x0000000704400000|  0%| F|  |TAMS 0x0000000704200000, 0x0000000704200000| Untracked 
|  34|0x0000000704400000, 0x0000000704400000, 0x0000000704600000|  0%| F|  |TAMS 0x0000000704400000, 0x0000000704400000| Untracked 
|  35|0x0000000704600000, 0x0000000704600000, 0x0000000704800000|  0%| F|  |TAMS 0x0000000704600000, 0x0000000704600000| Untracked 
|  36|0x0000000704800000, 0x0000000704800000, 0x0000000704a00000|  0%| F|  |TAMS 0x0000000704800000, 0x0000000704800000| Untracked 
|  37|0x0000000704a00000, 0x0000000704a00000, 0x0000000704c00000|  0%| F|  |TAMS 0x0000000704a00000, 0x0000000704a00000| Untracked 
|  38|0x0000000704c00000, 0x0000000704c00000, 0x0000000704e00000|  0%| F|  |TAMS 0x0000000704c00000, 0x0000000704c00000| Untracked 
|  39|0x0000000704e00000, 0x0000000704e00000, 0x0000000705000000|  0%| F|  |TAMS 0x0000000704e00000, 0x0000000704e00000| Untracked 
|  40|0x0000000705000000, 0x0000000705000000, 0x0000000705200000|  0%| F|  |TAMS 0x0000000705000000, 0x0000000705000000| Untracked 
|  41|0x0000000705200000, 0x0000000705200000, 0x0000000705400000|  0%| F|  |TAMS 0x0000000705200000, 0x0000000705200000| Untracked 
|  42|0x0000000705400000, 0x0000000705400000, 0x0000000705600000|  0%| F|  |TAMS 0x0000000705400000, 0x0000000705400000| Untracked 
|  43|0x0000000705600000, 0x0000000705600000, 0x0000000705800000|  0%| F|  |TAMS 0x0000000705600000, 0x0000000705600000| Untracked 
|  44|0x0000000705800000, 0x0000000705960fe0, 0x0000000705a00000| 68%| E|  |TAMS 0x0000000705800000, 0x0000000705800000| Complete 
|  45|0x0000000705a00000, 0x0000000705bc1d90, 0x0000000705c00000| 87%| S|CS|TAMS 0x0000000705a00000, 0x0000000705a00000| Complete 
|  46|0x0000000705c00000, 0x0000000705e00000, 0x0000000705e00000|100%| E|CS|TAMS 0x0000000705c00000, 0x0000000705c00000| Complete 
|  47|0x0000000705e00000, 0x0000000706000000, 0x0000000706000000|100%| E|CS|TAMS 0x0000000705e00000, 0x0000000705e00000| Complete 
|  48|0x0000000706000000, 0x0000000706200000, 0x0000000706200000|100%| E|CS|TAMS 0x0000000706000000, 0x0000000706000000| Complete 
|  49|0x0000000706200000, 0x0000000706400000, 0x0000000706400000|100%| E|CS|TAMS 0x0000000706200000, 0x0000000706200000| Complete 
|  50|0x0000000706400000, 0x0000000706600000, 0x0000000706600000|100%| E|CS|TAMS 0x0000000706400000, 0x0000000706400000| Complete 
|  51|0x0000000706600000, 0x0000000706800000, 0x0000000706800000|100%| E|CS|TAMS 0x0000000706600000, 0x0000000706600000| Complete 
|  52|0x0000000706800000, 0x0000000706a00000, 0x0000000706a00000|100%| E|CS|TAMS 0x0000000706800000, 0x0000000706800000| Complete 
|  53|0x0000000706a00000, 0x0000000706c00000, 0x0000000706c00000|100%| E|  |TAMS 0x0000000706a00000, 0x0000000706a00000| Complete 
|  54|0x0000000706c00000, 0x0000000706e00000, 0x0000000706e00000|100%| E|CS|TAMS 0x0000000706c00000, 0x0000000706c00000| Complete 
|  55|0x0000000706e00000, 0x0000000707000000, 0x0000000707000000|100%| E|CS|TAMS 0x0000000706e00000, 0x0000000706e00000| Complete 
|  62|0x0000000707c00000, 0x0000000707e00000, 0x0000000707e00000|100%| E|CS|TAMS 0x0000000707c00000, 0x0000000707c00000| Complete 

Card table byte_map: [0x000002a4d9a30000,0x000002a4da230000] _byte_map_base: 0x000002a4d6230000

Marking Bits (Prev, Next): (CMBitMap*) 0x000002a4c4b616f0, (CMBitMap*) 0x000002a4c4b61730
 Prev Bits: [0x000002a4daa30000, 0x000002a4dea30000)
 Next Bits: [0x000002a4dea30000, 0x000002a4e2a30000)

Polling page: 0x000002a4c4bc0000

Metaspace:

Usage:
  Non-class:     65.97 MB used.
      Class:     10.25 MB used.
       Both:     76.22 MB used.

Virtual space:
  Non-class space:       72.00 MB reserved,      66.31 MB ( 92%) committed,  9 nodes.
      Class space:        1.00 GB reserved,      10.50 MB (  1%) committed,  1 nodes.
             Both:        1.07 GB reserved,      76.81 MB (  7%) committed. 

Chunk freelists:
   Non-Class:  1008.00 KB
       Class:  1.44 MB
        Both:  2.42 MB

MaxMetaspaceSize: unlimited
CompressedClassSpaceSize: 1.00 GB
Initial GC threshold: 21.00 MB
Current GC threshold: 121.69 MB
CDS: off
MetaspaceReclaimPolicy: balanced
 - commit_granule_bytes: 65536.
 - commit_granule_words: 8192.
 - virtual_space_node_default_size: 1048576.
 - enlarge_chunks_in_place: 1.
 - new_chunks_are_fully_committed: 0.
 - uncommit_free_chunks: 1.
 - use_allocation_guard: 0.
 - handle_deallocations: 1.


Internal statistics:

num_allocs_failed_limit: 8.
num_arena_births: 738.
num_arena_deaths: 0.
num_vsnodes_births: 10.
num_vsnodes_deaths: 0.
num_space_committed: 1229.
num_space_uncommitted: 0.
num_chunks_returned_to_freelist: 8.
num_chunks_taken_from_freelist: 3417.
num_chunk_merges: 3.
num_chunk_splits: 2290.
num_chunks_enlarged: 1615.
num_purges: 0.
num_inconsistent_stats: 0.

CodeHeap 'non-profiled nmethods': size=120000Kb used=4075Kb max_used=4075Kb free=115924Kb
 bounds [0x000002a4d12a0000, 0x000002a4d16a0000, 0x000002a4d87d0000]
CodeHeap 'profiled nmethods': size=120000Kb used=15541Kb max_used=15541Kb free=104458Kb
 bounds [0x000002a4c97d0000, 0x000002a4ca700000, 0x000002a4d0d00000]
CodeHeap 'non-nmethods': size=5760Kb used=2392Kb max_used=2436Kb free=3367Kb
 bounds [0x000002a4d0d00000, 0x000002a4d0f80000, 0x000002a4d12a0000]
 total_blobs=8503 nmethods=7595 adapters=818
 compilation: enabled
              stopped_count=0, restarted_count=0
 full_count=0

Compilation events (20 events):
Event: 21.239 Thread 0x000002a4e6069400 8442       3       org.gradle.internal.operations.DefaultBuildOperationAncestryTracker::started (26 bytes)
Event: 21.239 Thread 0x000002a4e6069400 nmethod 8442 0x000002a4ca6ecd90 code [0x000002a4ca6ecf40, 0x000002a4ca6ed1a8]
Event: 21.240 Thread 0x000002a4e6069400 8443       3       org.gradle.api.internal.DefaultDomainObjectCollection::doAdd (29 bytes)
Event: 21.240 Thread 0x000002a4e6069400 nmethod 8443 0x000002a4ca6ed290 code [0x000002a4ca6ed460, 0x000002a4ca6ed918]
Event: 21.240 Thread 0x000002a4e6069400 8444       3       com.google.common.collect.ImmutableList$Builder::add (6 bytes)
Event: 21.240 Thread 0x000002a4e6069400 nmethod 8444 0x000002a4ca6eda90 code [0x000002a4ca6edc20, 0x000002a4ca6edd68]
Event: 21.240 Thread 0x000002a4e6069400 8445       3       java.util.HashMap::keysToArray (81 bytes)
Event: 21.241 Thread 0x000002a4e6069400 nmethod 8445 0x000002a4ca6ede10 code [0x000002a4ca6edfe0, 0x000002a4ca6ee4b8]
Event: 21.241 Thread 0x000002a4e6069400 8446       3       org.gradle.internal.logging.progress.DefaultProgressLoggerFactory$ProgressLoggerImpl::<init> (69 bytes)
Event: 21.241 Thread 0x000002a4e6069400 nmethod 8446 0x000002a4ca6ee690 code [0x000002a4ca6ee860, 0x000002a4ca6eedf8]
Event: 21.290 Thread 0x000002a4e6069400 8447       3       java.lang.CompoundEnumeration::next (58 bytes)
Event: 21.290 Thread 0x000002a4e6069400 nmethod 8447 0x000002a4ca6eef10 code [0x000002a4ca6ef0c0, 0x000002a4ca6ef428]
Event: 21.336 Thread 0x000002a4e6069400 8448       3       java.util.concurrent.ConcurrentHashMap$EntryIterator::next (5 bytes)
Event: 21.336 Thread 0x000002a4e6069400 nmethod 8448 0x000002a4ca6ef590 code [0x000002a4ca6ef720, 0x000002a4ca6ef868]
Event: 21.336 Thread 0x000002a4e6069400 8449       3       java.util.concurrent.ConcurrentHashMap$EntryIterator::next (51 bytes)
Event: 21.337 Thread 0x000002a4e6069400 nmethod 8449 0x000002a4ca6ef910 code [0x000002a4ca6efae0, 0x000002a4ca6f0018]
Event: 21.348 Thread 0x000002a4e6069400 8450       3       java.lang.invoke.DelegatingMethodHandle::chooseDelegatingForm (24 bytes)
Event: 21.348 Thread 0x000002a4e6069400 nmethod 8450 0x000002a4ca6f0190 code [0x000002a4ca6f0340, 0x000002a4ca6f0688]
Event: 21.357 Thread 0x000002a4e6069400 8451   !   2       jdk.internal.loader.Resource::getBytes (244 bytes)
Event: 21.358 Thread 0x000002a4e6069400 nmethod 8451 0x000002a4ca6f0790 code [0x000002a4ca6f0a00, 0x000002a4ca6f13e8]

GC Heap History (20 events):
Event: 15.254 GC heap before
{Heap before GC invocations=22 (full 0):
 garbage-first heap   total 71680K, used 57296K [0x0000000700000000, 0x0000000800000000)
  region size 2048K, 11 young (22528K), 2 survivors (4096K)
 Metaspace       used 62279K, committed 62848K, reserved 1105920K
  class space    used 8512K, committed 8768K, reserved 1048576K
}
Event: 15.256 GC heap after
{Heap after GC invocations=23 (full 0):
 garbage-first heap   total 86016K, used 40029K [0x0000000700000000, 0x0000000800000000)
  region size 2048K, 2 young (4096K), 2 survivors (4096K)
 Metaspace       used 62279K, committed 62848K, reserved 1105920K
  class space    used 8512K, committed 8768K, reserved 1048576K
}
Event: 16.243 GC heap before
{Heap before GC invocations=24 (full 0):
 garbage-first heap   total 86016K, used 68701K [0x0000000700000000, 0x0000000800000000)
  region size 2048K, 16 young (32768K), 2 survivors (4096K)
 Metaspace       used 63845K, committed 64320K, reserved 1105920K
  class space    used 8764K, committed 8960K, reserved 1048576K
}
Event: 16.250 GC heap after
{Heap after GC invocations=25 (full 0):
 garbage-first heap   total 86016K, used 43118K [0x0000000700000000, 0x0000000800000000)
  region size 2048K, 2 young (4096K), 2 survivors (4096K)
 Metaspace       used 63845K, committed 64320K, reserved 1105920K
  class space    used 8764K, committed 8960K, reserved 1048576K
}
Event: 16.994 GC heap before
{Heap before GC invocations=25 (full 0):
 garbage-first heap   total 86016K, used 61550K [0x0000000700000000, 0x0000000800000000)
  region size 2048K, 13 young (26624K), 2 survivors (4096K)
 Metaspace       used 63988K, committed 64448K, reserved 1105920K
  class space    used 8766K, committed 8960K, reserved 1048576K
}
Event: 17.000 GC heap after
{Heap after GC invocations=26 (full 0):
 garbage-first heap   total 86016K, used 49577K [0x0000000700000000, 0x0000000800000000)
  region size 2048K, 2 young (4096K), 2 survivors (4096K)
 Metaspace       used 63988K, committed 64448K, reserved 1105920K
  class space    used 8766K, committed 8960K, reserved 1048576K
}
Event: 17.707 GC heap before
{Heap before GC invocations=27 (full 0):
 garbage-first heap   total 92160K, used 65961K [0x0000000700000000, 0x0000000800000000)
  region size 2048K, 9 young (18432K), 2 survivors (4096K)
 Metaspace       used 64702K, committed 65280K, reserved 1105920K
  class space    used 8843K, committed 9088K, reserved 1048576K
}
Event: 17.710 GC heap after
{Heap after GC invocations=28 (full 0):
 garbage-first heap   total 92160K, used 53984K [0x0000000700000000, 0x0000000800000000)
  region size 2048K, 2 young (4096K), 2 survivors (4096K)
 Metaspace       used 64702K, committed 65280K, reserved 1105920K
  class space    used 8843K, committed 9088K, reserved 1048576K
}
Event: 18.181 GC heap before
{Heap before GC invocations=28 (full 0):
 garbage-first heap   total 92160K, used 62176K [0x0000000700000000, 0x0000000800000000)
  region size 2048K, 8 young (16384K), 2 survivors (4096K)
 Metaspace       used 64843K, committed 65344K, reserved 1105920K
  class space    used 8860K, committed 9088K, reserved 1048576K
}
Event: 18.183 GC heap after
{Heap after GC invocations=29 (full 0):
 garbage-first heap   total 92160K, used 56063K [0x0000000700000000, 0x0000000800000000)
  region size 2048K, 2 young (4096K), 2 survivors (4096K)
 Metaspace       used 64843K, committed 65344K, reserved 1105920K
  class space    used 8860K, committed 9088K, reserved 1048576K
}
Event: 18.502 GC heap before
{Heap before GC invocations=30 (full 0):
 garbage-first heap   total 110592K, used 74495K [0x0000000700000000, 0x0000000800000000)
  region size 2048K, 9 young (18432K), 2 survivors (4096K)
 Metaspace       used 66171K, committed 66688K, reserved 1114112K
  class space    used 9028K, committed 9280K, reserved 1048576K
}
Event: 18.503 GC heap after
{Heap after GC invocations=31 (full 0):
 garbage-first heap   total 110592K, used 61351K [0x0000000700000000, 0x0000000800000000)
  region size 2048K, 2 young (4096K), 2 survivors (4096K)
 Metaspace       used 66171K, committed 66688K, reserved 1114112K
  class space    used 9028K, committed 9280K, reserved 1048576K
}
Event: 19.196 GC heap before
{Heap before GC invocations=31 (full 0):
 garbage-first heap   total 110592K, used 83879K [0x0000000700000000, 0x0000000800000000)
  region size 2048K, 13 young (26624K), 2 survivors (4096K)
 Metaspace       used 69333K, committed 69888K, reserved 1114112K
  class space    used 9452K, committed 9728K, reserved 1048576K
}
Event: 19.199 GC heap after
{Heap after GC invocations=32 (full 0):
 garbage-first heap   total 110592K, used 62315K [0x0000000700000000, 0x0000000800000000)
  region size 2048K, 2 young (4096K), 2 survivors (4096K)
 Metaspace       used 69333K, committed 69888K, reserved 1114112K
  class space    used 9452K, committed 9728K, reserved 1048576K
}
Event: 20.027 GC heap before
{Heap before GC invocations=33 (full 0):
 garbage-first heap   total 112640K, used 82795K [0x0000000700000000, 0x0000000800000000)
  region size 2048K, 13 young (26624K), 2 survivors (4096K)
 Metaspace       used 73223K, committed 73792K, reserved 1114112K
  class space    used 9881K, committed 10176K, reserved 1048576K
}
Event: 20.031 GC heap after
{Heap after GC invocations=34 (full 0):
 garbage-first heap   total 112640K, used 63855K [0x0000000700000000, 0x0000000800000000)
  region size 2048K, 2 young (4096K), 2 survivors (4096K)
 Metaspace       used 73223K, committed 73792K, reserved 1114112K
  class space    used 9881K, committed 10176K, reserved 1048576K
}
Event: 20.485 GC heap before
{Heap before GC invocations=34 (full 0):
 garbage-first heap   total 112640K, used 86383K [0x0000000700000000, 0x0000000800000000)
  region size 2048K, 14 young (28672K), 2 survivors (4096K)
 Metaspace       used 74105K, committed 74688K, reserved 1114112K
  class space    used 10016K, committed 10304K, reserved 1048576K
}
Event: 20.488 GC heap after
{Heap after GC invocations=35 (full 0):
 garbage-first heap   total 112640K, used 66092K [0x0000000700000000, 0x0000000800000000)
  region size 2048K, 2 young (4096K), 2 survivors (4096K)
 Metaspace       used 74105K, committed 74688K, reserved 1114112K
  class space    used 10016K, committed 10304K, reserved 1048576K
}
Event: 20.937 GC heap before
{Heap before GC invocations=36 (full 0):
 garbage-first heap   total 116736K, used 88620K [0x0000000700000000, 0x0000000800000000)
  region size 2048K, 13 young (26624K), 2 survivors (4096K)
 Metaspace       used 75963K, committed 76544K, reserved 1122304K
  class space    used 10240K, committed 10496K, reserved 1048576K
}
Event: 20.941 GC heap after
{Heap after GC invocations=37 (full 0):
 garbage-first heap   total 116736K, used 67793K [0x0000000700000000, 0x0000000800000000)
  region size 2048K, 1 young (2048K), 1 survivors (2048K)
 Metaspace       used 75963K, committed 76544K, reserved 1122304K
  class space    used 10240K, committed 10496K, reserved 1048576K
}

Dll operation events (2 events):
Event: 0.008 Loaded shared library C:\Program Files\Android\Android Studio\jbr\bin\java.dll
Event: 0.572 Loaded shared library C:\Program Files\Android\Android Studio\jbr\bin\verify.dll

Deoptimization events (20 events):
Event: 21.063 Thread 0x000002a4e7acb830 DEOPT PACKING pc=0x000002a4c9c7fbd3 sp=0x000000ca220f1820
Event: 21.063 Thread 0x000002a4e7acb830 DEOPT UNPACKING pc=0x000002a4d0d5ace3 sp=0x000000ca220f0cd0 mode 0
Event: 21.064 Thread 0x000002a4e7acb830 DEOPT PACKING pc=0x000002a4c9c7fbd3 sp=0x000000ca220f1820
Event: 21.064 Thread 0x000002a4e7acb830 DEOPT UNPACKING pc=0x000002a4d0d5ace3 sp=0x000000ca220f0cd0 mode 0
Event: 21.064 Thread 0x000002a4e7acb830 DEOPT PACKING pc=0x000002a4c9c7fbd3 sp=0x000000ca220f1820
Event: 21.064 Thread 0x000002a4e7acb830 DEOPT UNPACKING pc=0x000002a4d0d5ace3 sp=0x000000ca220f0cd0 mode 0
Event: 21.148 Thread 0x000002a4e7acb830 Uncommon trap: trap_request=0xffffff45 fr.pc=0x000002a4d1368a44 relative=0x0000000000000584
Event: 21.148 Thread 0x000002a4e7acb830 Uncommon trap: reason=unstable_if action=reinterpret pc=0x000002a4d1368a44 method=java.lang.AbstractStringBuilder.appendChars(Ljava/lang/String;II)V @ 11 c2
Event: 21.148 Thread 0x000002a4e7acb830 DEOPT PACKING pc=0x000002a4d1368a44 sp=0x000000ca220f1470
Event: 21.148 Thread 0x000002a4e7acb830 DEOPT UNPACKING pc=0x000002a4d0d5a1a3 sp=0x000000ca220f13a0 mode 2
Event: 21.148 Thread 0x000002a4e7acb830 Uncommon trap: trap_request=0xffffff45 fr.pc=0x000002a4d136811c relative=0x000000000000017c
Event: 21.148 Thread 0x000002a4e7acb830 Uncommon trap: reason=unstable_if action=reinterpret pc=0x000002a4d136811c method=java.lang.AbstractStringBuilder.appendChars(Ljava/lang/String;II)V @ 11 c2
Event: 21.150 Thread 0x000002a4e7acb830 DEOPT PACKING pc=0x000002a4d136811c sp=0x000000ca220f13e0
Event: 21.151 Thread 0x000002a4e7acb830 DEOPT UNPACKING pc=0x000002a4d0d5a1a3 sp=0x000000ca220f1390 mode 2
Event: 21.151 Thread 0x000002a4e7acb830 Uncommon trap: trap_request=0xffffff45 fr.pc=0x000002a4d136772c relative=0x000000000000056c
Event: 21.151 Thread 0x000002a4e7acb830 Uncommon trap: reason=unstable_if action=reinterpret pc=0x000002a4d136772c method=java.lang.AbstractStringBuilder.appendChars(Ljava/lang/String;II)V @ 4 c2
Event: 21.151 Thread 0x000002a4e7acb830 DEOPT PACKING pc=0x000002a4d136772c sp=0x000000ca220f1480
Event: 21.151 Thread 0x000002a4e7acb830 DEOPT UNPACKING pc=0x000002a4d0d5a1a3 sp=0x000000ca220f1368 mode 2
Event: 21.186 Thread 0x000002a4e7acb830 DEOPT PACKING pc=0x000002a4ca1924ce sp=0x000000ca220f2410
Event: 21.186 Thread 0x000002a4e7acb830 DEOPT UNPACKING pc=0x000002a4d0d5ace3 sp=0x000000ca220f19b0 mode 0

Classes unloaded (0 events):
No events

Classes redefined (0 events):
No events

Internal exceptions (20 events):
Event: 17.356 Thread 0x000002a4e7acb830 Exception <a 'java/lang/ClassNotFoundException'{0x000000070538a3e8}: org/gradle/api/internal/project/ProjectScriptCustomizer> (0x000000070538a3e8) 
thrown [s\src\hotspot\share\classfile\systemDictionary.cpp, line 256]
Event: 17.358 Thread 0x000002a4e7acb830 Exception <a 'java/lang/ClassNotFoundException'{0x00000007053a1988}: build_3b17zrhhnqs437f3vbmzf1zlwCustomizer> (0x00000007053a1988) 
thrown [s\src\hotspot\share\classfile\systemDictionary.cpp, line 256]
Event: 17.386 Thread 0x000002a4e7acb830 Exception <a 'java/lang/ClassNotFoundException'{0x00000007053f1070}: org/gradle/api/internal/initialization/DefaultScriptHandlerBeanInfo> (0x00000007053f1070) 
thrown [s\src\hotspot\share\classfile\systemDictionary.cpp, line 256]
Event: 17.387 Thread 0x000002a4e7acb830 Exception <a 'java/lang/ClassNotFoundException'{0x0000000705003bc8}: org/gradle/api/internal/initialization/DefaultScriptHandlerCustomizer> (0x0000000705003bc8) 
thrown [s\src\hotspot\share\classfile\systemDictionary.cpp, line 256]
Event: 17.394 Thread 0x000002a4e7acb830 Implicit null exception at 0x000002a4d1490010 to 0x000002a4d1490684
Event: 17.394 Thread 0x000002a4e7acb830 Implicit null exception at 0x000002a4d148ea15 to 0x000002a4d148f0b4
Event: 17.397 Thread 0x000002a4e7acb830 Exception <a 'java/lang/ClassNotFoundException'{0x0000000705075110}: org/gradle/api/internal/artifacts/dsl/dependencies/DefaultDependencyHandler_DecoratedBeanInfo> (0x0000000705075110) 
thrown [s\src\hotspot\share\classfile\systemDictionary.cpp, line 256]
Event: 17.398 Thread 0x000002a4e7acb830 Exception <a 'java/lang/ClassNotFoundException'{0x000000070508cb18}: org/gradle/api/internal/artifacts/dsl/dependencies/DefaultDependencyHandlerBeanInfo> (0x000000070508cb18) 
thrown [s\src\hotspot\share\classfile\systemDictionary.cpp, line 256]
Event: 17.402 Thread 0x000002a4e7acb830 Exception <a 'java/lang/ClassNotFoundException'{0x00000007050a3d50}: org/gradle/api/internal/artifacts/dsl/dependencies/DefaultDependencyHandlerCustomizer> (0x00000007050a3d50) 
thrown [s\src\hotspot\share\classfile\systemDictionary.cpp, line 256]
Event: 17.406 Thread 0x000002a4e7acb830 Exception <a 'java/lang/ClassNotFoundException'{0x00000007050e3ff8}: org/gradle/api/internal/artifacts/dsl/dependencies/DefaultDependencyHandler_DecoratedCustomizer> (0x00000007050e3ff8) 
thrown [s\src\hotspot\share\classfile\systemDictionary.cpp, line 256]
Event: 18.067 Thread 0x000002a4e7acb830 Exception <a 'java/lang/ClassNotFoundException'{0x0000000705256b50}: build_3b17zrhhnqs437f3vbmzf1zlwBeanInfo> (0x0000000705256b50) 
thrown [s\src\hotspot\share\classfile\systemDictionary.cpp, line 256]
Event: 18.067 Thread 0x000002a4e7acb830 Exception <a 'java/lang/ClassNotFoundException'{0x000000070525d340}: build_3b17zrhhnqs437f3vbmzf1zlwCustomizer> (0x000000070525d340) 
thrown [s\src\hotspot\share\classfile\systemDictionary.cpp, line 256]
Event: 18.286 Thread 0x000002a4e7acb830 Exception <a 'java/lang/ClassNotFoundException'{0x00000007068dd128}: build_ctdjvzmrxrm7v34rcsorfq7n4BeanInfo> (0x00000007068dd128) 
thrown [s\src\hotspot\share\classfile\systemDictionary.cpp, line 256]
Event: 18.287 Thread 0x000002a4e7acb830 Exception <a 'java/lang/ClassNotFoundException'{0x00000007068ea9f0}: build_ctdjvzmrxrm7v34rcsorfq7n4Customizer> (0x00000007068ea9f0) 
thrown [s\src\hotspot\share\classfile\systemDictionary.cpp, line 256]
Event: 18.315 Thread 0x000002a4e7acb830 Exception <a 'java/lang/ClassNotFoundException'{0x0000000706658c30}: org/gradle/api/internal/plugins/DefaultObjectConfigurationActionBeanInfo> (0x0000000706658c30) 
thrown [s\src\hotspot\share\classfile\systemDictionary.cpp, line 256]
Event: 18.315 Thread 0x000002a4e7acb830 Exception <a 'java/lang/ClassNotFoundException'{0x0000000706673078}: org/gradle/api/internal/plugins/DefaultObjectConfigurationActionCustomizer> (0x0000000706673078) 
thrown [s\src\hotspot\share\classfile\systemDictionary.cpp, line 256]
Event: 19.984 Thread 0x000002a4e7acb830 Implicit null exception at 0x000002a4d143690c to 0x000002a4d1436a3e
Event: 20.241 Thread 0x000002a4e7acb830 Exception <a 'sun/nio/fs/WindowsException'{0x0000000705de7af8}> (0x0000000705de7af8) 
thrown [s\src\hotspot\share\prims\jni.cpp, line 517]
Event: 21.020 Thread 0x000002a4e7acb830 Implicit null exception at 0x000002a4d1635b49 to 0x000002a4d1635c38
Event: 21.296 Thread 0x000002a4e7acb830 Exception <a 'java/lang/IncompatibleClassChangeError'{0x0000000705ec8488}: Found class java.lang.Object, but interface was expected> (0x0000000705ec8488) 
thrown [s\src\hotspot\share\interpreter\linkResolver.cpp, line 838]

VM Operations (20 events):
Event: 19.240 Executing VM operation: G1Concurrent
Event: 19.245 Executing VM operation: G1Concurrent done
Event: 19.261 Executing VM operation: G1Concurrent
Event: 19.261 Executing VM operation: G1Concurrent done
Event: 19.941 Executing VM operation: HandshakeAllThreads
Event: 19.941 Executing VM operation: HandshakeAllThreads done
Event: 20.027 Executing VM operation: G1CollectForAllocation
Event: 20.031 Executing VM operation: G1CollectForAllocation done
Event: 20.296 Executing VM operation: HandshakeAllThreads
Event: 20.296 Executing VM operation: HandshakeAllThreads done
Event: 20.485 Executing VM operation: G1CollectForAllocation
Event: 20.488 Executing VM operation: G1CollectForAllocation done
Event: 20.523 Executing VM operation: G1Concurrent
Event: 20.526 Executing VM operation: G1Concurrent done
Event: 20.542 Executing VM operation: G1Concurrent
Event: 20.543 Executing VM operation: G1Concurrent done
Event: 20.936 Executing VM operation: G1CollectForAllocation
Event: 20.941 Executing VM operation: G1CollectForAllocation done
Event: 21.253 Executing VM operation: HandshakeAllThreads
Event: 21.253 Executing VM operation: HandshakeAllThreads done

Events (20 events):
Event: 20.869 loading class java/security/KeyStore done
Event: 20.869 loading class java/security/KeyStore$1
Event: 20.869 loading class java/security/KeyStore$1 done
Event: 20.996 loading class sun/reflect/annotation/AnnotationInvocationHandler$1
Event: 20.997 loading class sun/reflect/annotation/AnnotationInvocationHandler$1 done
Event: 21.083 loading class jdk/internal/vm/annotation/ForceInline
Event: 21.083 loading class jdk/internal/vm/annotation/ForceInline done
Event: 21.152 loading class java/util/regex/Pattern$Caret
Event: 21.152 loading class java/util/regex/Pattern$Caret done
Event: 21.251 loading class java/net/SocketTimeoutException
Event: 21.251 loading class java/net/SocketTimeoutException done
Event: 21.296 loading class org/xml/sax/ContentHandler
Event: 21.296 loading class org/xml/sax/ContentHandler done
Event: 21.296 loading class org/xml/sax/DTDHandler
Event: 21.296 loading class org/xml/sax/DTDHandler done
Event: 21.320 loading class java/util/Spliterators$IntArraySpliterator
Event: 21.322 loading class java/util/Spliterators$IntArraySpliterator done
Event: 21.333 loading class java/text/ParsePosition
Event: 21.335 loading class java/text/ParsePosition done
Event: 21.358 loading class java/text/CharacterIterator


Dynamic libraries:
0x00007ff62cb20000 - 0x00007ff62cb2a000 	C:\Program Files\Android\Android Studio\jbr\bin\java.exe
0x00007ffb6f190000 - 0x00007ffb6f388000 	C:\WINDOWS\SYSTEM32\ntdll.dll
0x00007ffb6e340000 - 0x00007ffb6e3fd000 	C:\WINDOWS\System32\KERNEL32.DLL
0x00007ffb6cb80000 - 0x00007ffb6ce76000 	C:\WINDOWS\System32\KERNELBASE.dll
0x00007ffb6d0c0000 - 0x00007ffb6d1c0000 	C:\WINDOWS\System32\ucrtbase.dll
0x00007ffb31560000 - 0x00007ffb31577000 	C:\Program Files\Android\Android Studio\jbr\bin\jli.dll
0x00007ffb31540000 - 0x00007ffb3155b000 	C:\Program Files\Android\Android Studio\jbr\bin\VCRUNTIME140.dll
0x00007ffb6df60000 - 0x00007ffb6e0ff000 	C:\WINDOWS\System32\USER32.dll
0x00007ffb6ca70000 - 0x00007ffb6ca92000 	C:\WINDOWS\System32\win32u.dll
0x00007ffb6f120000 - 0x00007ffb6f14b000 	C:\WINDOWS\System32\GDI32.dll
0x00007ffb545c0000 - 0x00007ffb5485a000 	C:\WINDOWS\WinSxS\amd64_microsoft.windows.common-controls_6595b64144ccf1df_6.0.19041.4355_none_60b8b9eb71f62e16\COMCTL32.dll
0x00007ffb6c840000 - 0x00007ffb6c957000 	C:\WINDOWS\System32\gdi32full.dll
0x00007ffb6e540000 - 0x00007ffb6e5de000 	C:\WINDOWS\System32\msvcrt.dll
0x00007ffb6c960000 - 0x00007ffb6c9fd000 	C:\WINDOWS\System32\msvcp_win.dll
0x00007ffb6ed40000 - 0x00007ffb6ed72000 	C:\WINDOWS\System32\IMM32.DLL
0x00007ffb4d100000 - 0x00007ffb4d10c000 	C:\Program Files\Android\Android Studio\jbr\bin\vcruntime140_1.dll
0x00007ffb082c0000 - 0x00007ffb0834d000 	C:\Program Files\Android\Android Studio\jbr\bin\msvcp140.dll
0x00007ffae9110000 - 0x00007ffae9d7e000 	C:\Program Files\Android\Android Studio\jbr\bin\server\jvm.dll
0x00007ffb6e710000 - 0x00007ffb6e7c0000 	C:\WINDOWS\System32\ADVAPI32.dll
0x00007ffb6d750000 - 0x00007ffb6d7f0000 	C:\WINDOWS\System32\sechost.dll
0x00007ffb6e5e0000 - 0x00007ffb6e703000 	C:\WINDOWS\System32\RPCRT4.dll
0x00007ffb6caa0000 - 0x00007ffb6cac7000 	C:\WINDOWS\System32\bcrypt.dll
0x00007ffb50590000 - 0x00007ffb50599000 	C:\WINDOWS\SYSTEM32\WSOCK32.dll
0x00007ffb6a840000 - 0x00007ffb6a867000 	C:\WINDOWS\SYSTEM32\WINMM.dll
0x00007ffb6e4d0000 - 0x00007ffb6e53b000 	C:\WINDOWS\System32\WS2_32.dll
0x00007ffb62ac0000 - 0x00007ffb62aca000 	C:\WINDOWS\SYSTEM32\VERSION.dll
0x00007ffb6b050000 - 0x00007ffb6b062000 	C:\WINDOWS\SYSTEM32\kernel.appcore.dll
0x00007ffb318f0000 - 0x00007ffb318fa000 	C:\Program Files\Android\Android Studio\jbr\bin\jimage.dll
0x00007ffb6a3b0000 - 0x00007ffb6a594000 	C:\WINDOWS\SYSTEM32\DBGHELP.DLL
0x00007ffb5aa00000 - 0x00007ffb5aa34000 	C:\WINDOWS\SYSTEM32\dbgcore.DLL
0x00007ffb6ced0000 - 0x00007ffb6cf52000 	C:\WINDOWS\System32\bcryptPrimitives.dll
0x00007ffb22930000 - 0x00007ffb22955000 	C:\Program Files\Android\Android Studio\jbr\bin\java.dll
0x00007ffb31160000 - 0x00007ffb31178000 	C:\Program Files\Android\Android Studio\jbr\bin\zip.dll
0x00007ffb6d7f0000 - 0x00007ffb6df5b000 	C:\WINDOWS\System32\SHELL32.dll
0x00007ffb6a8a0000 - 0x00007ffb6b03d000 	C:\WINDOWS\SYSTEM32\windows.storage.dll
0x00007ffb6d3f0000 - 0x00007ffb6d743000 	C:\WINDOWS\System32\combase.dll
0x00007ffb6c260000 - 0x00007ffb6c28e000 	C:\WINDOWS\SYSTEM32\Wldp.dll
0x00007ffb6e400000 - 0x00007ffb6e4cd000 	C:\WINDOWS\System32\OLEAUT32.dll
0x00007ffb6e100000 - 0x00007ffb6e1ad000 	C:\WINDOWS\System32\SHCORE.dll
0x00007ffb6e1b0000 - 0x00007ffb6e205000 	C:\WINDOWS\System32\shlwapi.dll
0x00007ffb6c770000 - 0x00007ffb6c794000 	C:\WINDOWS\SYSTEM32\profapi.dll
0x00007ffb2df30000 - 0x00007ffb2df49000 	C:\Program Files\Android\Android Studio\jbr\bin\net.dll
0x00007ffb681f0000 - 0x00007ffb682fa000 	C:\WINDOWS\SYSTEM32\WINHTTP.dll
0x00007ffb6bfc0000 - 0x00007ffb6c02a000 	C:\WINDOWS\system32\mswsock.dll
0x00007ffb2b510000 - 0x00007ffb2b526000 	C:\Program Files\Android\Android Studio\jbr\bin\nio.dll
0x00007ffb30cb0000 - 0x00007ffb30cc0000 	C:\Program Files\Android\Android Studio\jbr\bin\verify.dll
0x00007ffb08290000 - 0x00007ffb082b7000 	C:\Users\zeoon\.gradle\native\e1d6ef7f7dcc3fd88c89a11ec53ec762bb8ba0a96d01ffa2cd45eb1d1d8dd5c5\windows-amd64\native-platform.dll
0x00007ffaedc40000 - 0x00007ffaedd84000 	C:\Users\zeoon\.gradle\native\0d407fdbe67a94daf76414ababcb853783967236a71b16ec16e742cd7a986fd3\windows-amd64\native-platform-file-events.dll
0x00007ffb30af0000 - 0x00007ffb30af9000 	C:\Program Files\Android\Android Studio\jbr\bin\management.dll
0x00007ffb2f5c0000 - 0x00007ffb2f5cb000 	C:\Program Files\Android\Android Studio\jbr\bin\management_ext.dll
0x00007ffb6ed30000 - 0x00007ffb6ed38000 	C:\WINDOWS\System32\PSAPI.DLL
0x00007ffb6c1b0000 - 0x00007ffb6c1c8000 	C:\WINDOWS\SYSTEM32\CRYPTSP.dll
0x00007ffb6b870000 - 0x00007ffb6b8a4000 	C:\WINDOWS\system32\rsaenh.dll
0x00007ffb6c720000 - 0x00007ffb6c74e000 	C:\WINDOWS\SYSTEM32\USERENV.dll
0x00007ffb6c1d0000 - 0x00007ffb6c1dc000 	C:\WINDOWS\SYSTEM32\CRYPTBASE.dll
0x00007ffb6bc50000 - 0x00007ffb6bc8b000 	C:\WINDOWS\SYSTEM32\IPHLPAPI.DLL
0x00007ffb6ef10000 - 0x00007ffb6ef18000 	C:\WINDOWS\System32\NSI.dll
0x00007ffb663f0000 - 0x00007ffb66407000 	C:\WINDOWS\SYSTEM32\dhcpcsvc6.DLL
0x00007ffb663c0000 - 0x00007ffb663dd000 	C:\WINDOWS\SYSTEM32\dhcpcsvc.DLL
0x00007ffb6bca0000 - 0x00007ffb6bd6b000 	C:\WINDOWS\SYSTEM32\DNSAPI.dll
0x00007ffaead40000 - 0x00007ffaead47000 	C:\WINDOWS\system32\wshunix.dll

dbghelp: loaded successfully - version: 4.0.5 - missing functions: none
symbol engine: initialized successfully - sym options: 0x614 - pdb path: .;C:\Program Files\Android\Android Studio\jbr\bin;C:\WINDOWS\SYSTEM32;C:\WINDOWS\WinSxS\amd64_microsoft.windows.common-controls_6595b64144ccf1df_6.0.19041.4355_none_60b8b9eb71f62e16;C:\Program Files\Android\Android Studio\jbr\bin\server;C:\Users\zeoon\.gradle\native\e1d6ef7f7dcc3fd88c89a11ec53ec762bb8ba0a96d01ffa2cd45eb1d1d8dd5c5\windows-amd64;C:\Users\zeoon\.gradle\native\0d407fdbe67a94daf76414ababcb853783967236a71b16ec16e742cd7a986fd3\windows-amd64

VM Arguments:
jvm_args: --add-opens=java.base/java.util=ALL-UNNAMED --add-opens=java.base/java.lang=ALL-UNNAMED --add-opens=java.base/java.lang.invoke=ALL-UNNAMED --add-opens=java.base/java.util=ALL-UNNAMED --add-opens=java.prefs/java.util.prefs=ALL-UNNAMED --add-opens=java.prefs/java.util.prefs=ALL-UNNAMED --add-opens=java.base/java.nio.charset=ALL-UNNAMED --add-opens=java.base/java.net=ALL-UNNAMED --add-opens=java.base/java.util.concurrent.atomic=ALL-UNNAMED -Xmx4G -Dfile.encoding=windows-1254 -Duser.country=TR -Duser.language=tr -Duser.variant 
java_command: org.gradle.launcher.daemon.bootstrap.GradleDaemon 7.5
java_class_path (initial): C:\Users\zeoon\.gradle\wrapper\dists\gradle-7.5-all\6qsw290k5lz422uaf8jf6m7co\gradle-7.5\lib\gradle-launcher-7.5.jar
Launcher Type: SUN_STANDARD

[Global flags]
     intx CICompilerCount                          = 4                                         {product} {ergonomic}
     uint ConcGCThreads                            = 2                                         {product} {ergonomic}
     uint G1ConcRefinementThreads                  = 8                                         {product} {ergonomic}
   size_t G1HeapRegionSize                         = 2097152                                   {product} {ergonomic}
    uintx GCDrainStackTargetSize                   = 64                                        {product} {ergonomic}
   size_t InitialHeapSize                          = 132120576                                 {product} {ergonomic}
   size_t MarkStackSize                            = 4194304                                   {product} {ergonomic}
   size_t MaxHeapSize                              = 4294967296                                {product} {command line}
   size_t MaxNewSize                               = 2575302656                                {product} {ergonomic}
   size_t MinHeapDeltaBytes                        = 2097152                                   {product} {ergonomic}
   size_t MinHeapSize                              = 8388608                                   {product} {ergonomic}
    uintx NonNMethodCodeHeapSize                   = 5839372                                {pd product} {ergonomic}
    uintx NonProfiledCodeHeapSize                  = 122909434                              {pd product} {ergonomic}
    uintx ProfiledCodeHeapSize                     = 122909434                              {pd product} {ergonomic}
    uintx ReservedCodeCacheSize                    = 251658240                              {pd product} {ergonomic}
     bool SegmentedCodeCache                       = true                                      {product} {ergonomic}
   size_t SoftMaxHeapSize                          = 4294967296                             {manageable} {ergonomic}
     bool UseCompressedClassPointers               = true                           {product lp64_product} {ergonomic}
     bool UseCompressedOops                        = true                           {product lp64_product} {ergonomic}
     bool UseG1GC                                  = true                                      {product} {ergonomic}
     bool UseLargePagesIndividualAllocation        = false                                  {pd product} {ergonomic}

Logging:
Log output configuration:
 #0: stdout all=warning uptime,level,tags
 #1: stderr all=off uptime,level,tags

Environment Variables:
JAVA_HOME=C:\Program Files\Android\Android Studio\jbr
CLASSPATH=C:\Users\zeoon\OneDrive\Belgeler\GitHub\McQueenCargo\android\\gradle\wrapper\gradle-wrapper.jar
PATH=C:\Program Files\Android\Android Studio\jbr\bin;C:\Python312\Scripts\;C:\Python312\;D:\src\flutter\bin;C:\Program Files\dotnet\;C:\ProgramData\chocolatey\bin;D:\MATRIKS;D:\MATRIKS\System32\;D:\Git\cmd;C:\Windows\System32;C:\Users\zeoon\AppData\Local\Android\Sdk\platform-tools;D:\src\flutter\bin;C:\Users\zeoon\.dotnet\tools;C:\Users\zeoon\AppData\Local\Programs\Microsoft VS Code\bin;C:\Users\zeoon\AppData\Local\GitHubDesktop\bin;D:\src\flutter\bin\mingit\cmd;D:\src\flutter\bin\mingit\cmd
USERNAME=zeoon
OS=Windows_NT
PROCESSOR_IDENTIFIER=Intel64 Family 6 Model 140 Stepping 1, GenuineIntel
TMP=C:\Users\zeoon\AppData\Local\Temp
TEMP=C:\Users\zeoon\AppData\Local\Temp


JNI global refs:
JNI global refs: 27, weak refs: 3

JNI global refs memory usage: 843, weak refs: 841


---------------  S Y S T E M  ---------------

OS:
 Windows 10 , 64 bit Build 19041 (10.0.19041.3636)
OS uptime: 0 days 0:41 hours

CPU: total 8 (initial active 8) (4 cores per cpu, 2 threads per core) family 6 model 140 stepping 1 microcode 0x8a, cx8, cmov, fxsr, ht, mmx, 3dnowpref, sse, sse2, sse3, ssse3, sse4.1, sse4.2, popcnt, lzcnt, tsc, tscinvbit, avx, avx2, aes, erms, clmul, bmi1, bmi2, adx, avx512f, avx512dq, avx512cd, avx512bw, avx512vl, sha, fma, vzeroupper, avx512_vpopcntdq, avx512_vpclmulqdq, avx512_vaes, avx512_vnni, clflush, clflushopt, clwb, avx512_vbmi2, avx512_vbmi

Memory: 4k page, system-wide physical 7991M (144M free)
TotalPageFile size 17156M (AvailPageFile size 3M)
current process WorkingSet (physical memory assigned to process): 264M, peak: 267M
current process commit charge ("private bytes"): 366M, peak: 369M

vm_info: OpenJDK 64-Bit Server VM (17.0.6+0-b2043.56-10027231) for windows-amd64 JRE (17.0.6+0-b2043.56-10027231), built on Apr 28 2023 00:43:19 by "androidbuild" with MS VC++ 16.10 / 16.11 (VS2019)

END.
